1.000000e-01 1.000000e-01 -3.000000e+00 3.983633e-03 -3.593774e-04 -2.577271e-03 -5.579682e-03 1.029650e+00 1.859587e-03 3.837386e-06 -3.277975e-06 -2.630378e-03 -6.209956e-06 4.234328e-06 -2.749982e-06 
1.000000e-01 1.000000e-01 -2.900000e+00 4.453839e-03 -2.406185e-04 -2.824976e-03 -6.119923e-03 1.032620e+00 1.913466e-03 4.359330e-06 -3.539264e-06 -2.628300e-03 -6.527714e-06 4.678923e-06 -3.037840e-06 
1.000000e-01 1.000000e-01 -2.800000e+00 5.000351e-03 -7.840894e-05 -3.103710e-03 -6.729611e-03 1.036005e+00 1.972878e-03 4.972645e-06 -3.823996e-06 -2.625992e-03 -6.882329e-06 5.182358e-06 -3.363762e-06 
1.000000e-01 1.000000e-01 -2.700000e+00 5.638970e-03 1.406236e-04 -3.418185e-03 -7.419788e-03 1.039879e+00 2.039094e-03 5.697206e-06 -4.133570e-06 -2.623426e-03 -7.278967e-06 5.753635e-06 -3.733568e-06 
1.000000e-01 1.000000e-01 -2.600000e+00 6.389477e-03 4.341793e-04 -3.773939e-03 -8.203557e-03 1.044337e+00 2.113904e-03 6.558105e-06 -4.468973e-06 -2.620570e-03 -7.723625e-06 6.403198e-06 -4.153993e-06 
1.000000e-01 1.000000e-01 -2.500000e+00 7.276811e-03 8.258234e-04 -4.177491e-03 -9.096514e-03 1.049494e+00 2.199864e-03 7.587253e-06 -4.830466e-06 -2.617388e-03 -8.223263e-06 7.143110e-06 -4.632807e-06 
1.000000e-01 1.000000e-01 -2.400000e+00 8.332644e-03 1.347129e-03 -4.636538e-03 -1.011727e-02 1.055493e+00 2.300679e-03 8.825572e-06 -5.217085e-06 -2.613841e-03 -8.785976e-06 7.987229e-06 -5.178897e-06 
1.000000e-01 1.000000e-01 -2.300000e+00 9.597509e-03 2.040686e-03 -5.160194e-03 -1.128809e-02 1.062518e+00 2.421789e-03 1.032598e-05 -5.625886e-06 -2.609887e-03 -9.421176e-06 8.951329e-06 -5.802324e-06 
1.000000e-01 1.000000e-01 -2.200000e+00 1.112369e-02 2.964371e-03 -5.759277e-03 -1.263564e-02 1.070801e+00 2.571280e-03 1.215753e-05 -6.050793e-06 -2.605481e-03 -1.013982e-05 1.005311e-05 -6.514272e-06 
1.000000e-01 1.000000e-01 -2.100000e+00 1.297914e-02 4.197453e-03 -6.446683e-03 -1.419195e-02 1.080641e+00 2.761295e-03 1.441120e-05 -6.480827e-06 -2.600582e-03 -1.095465e-05 1.131203e-05 -7.326826e-06 
1.000000e-01 1.000000e-01 -2.000000e+00 1.525298e-02 5.849423e-03 -7.237866e-03 -1.599542e-02 1.092428e+00 3.010263e-03 1.720805e-05 -6.897392e-06 -2.595149e-03 -1.188046e-05 1.274870e-05 -8.252438e-06 
1.000000e-01 1.000000e-01 -1.900000e+00 1.806291e-02 8.072881e-03 -8.151496e-03 -1.809205e-02 1.106678e+00 3.346433e-03 2.071091e-05 -7.270104e-06 -2.589154e-03 -1.293440e-05 1.438375e-05 -9.302834e-06 
1.000000e-01 1.000000e-01 -1.800000e+00 2.156568e-02 1.108256e-02 -9.210429e-03 -2.053673e-02 1.124082e+00 3.813543e-03 2.514123e-05 -7.550310e-06 -2.582590e-03 -1.413627e-05 1.623550e-05 -1.048698e-05 
1.000000e-01 1.000000e-01 -1.700000e+00 2.597146e-02 1.518374e-02 -1.044326e-02 -2.339441e-02 1.145579e+00 4.480011e-03 3.080374e-05 -7.661005e-06 -2.575491e-03 -1.550879e-05 1.831598e-05 -1.180741e-05 
1.000000e-01 1.000000e-01 -1.600000e+00 3.156363e-02 2.081506e-02 -1.188703e-02 -2.674079e-02 1.172470e+00 5.454019e-03 3.812294e-05 -7.481023e-06 -2.567959e-03 -1.707775e-05 2.062403e-05 -1.325384e-05 
1.000000e-01 1.000000e-01 -1.500000e+00 3.872545e-02 2.861405e-02 -1.359247e-02 -3.066179e-02 1.206590e+00 6.908575e-03 4.769755e-05 -6.820068e-06 -2.560209e-03 -1.887194e-05 2.313394e-05 -1.479209e-05 
1.000000e-01 1.000000e-01 -1.400000e+00 4.797436e-02 3.951805e-02 -1.563491e-02 -3.524983e-02 1.250582e+00 9.123773e-03 6.038257e-05 -5.379030e-06 -2.552648e-03 -2.092243e-05 2.577743e-05 -1.634508e-05 
1.000000e-01 1.000000e-01 -1.300000e+00 6.000114e-02 5.492113e-02 -1.813908e-02 -4.059326e-02 1.308349e+00 1.255930e-02 7.741246e-05 -2.686531e-06 -2.545983e-03 -2.326046e-05 2.841670e-05 -1.776023e-05 
1.000000e-01 1.000000e-01 -1.200000e+00 7.570184e-02 7.691762e-02 -2.134347e-02 -4.674988e-02 1.385824e+00 1.798283e-02 1.005809e-04 2.002312e-06 -2.541403e-03 -2.591174e-05 3.080941e-05 -1.875233e-05 
1.000000e-01 1.000000e-01 -1.100000e+00 9.617947e-02 1.086629e-01 -2.584073e-02 -5.370416e-02 1.492445e+00 2.671716e-02 1.324791e-04 9.851681e-06 -2.540803e-03 -2.888793e-05 3.257594e-05 -1.878716e-05 
1.000000e-01 1.000000e-01 -1.000000e+00 1.138835e-01 2.742830e-01 -3.963008e-02 8.702268e-02 1.644701e+00 -3.771567e-01 2.119982e-04 2.804567e-05 -2.482437e-03 -3.971201e-05 9.830600e-06 -1.597281e-04 
1.000000e-01 1.000000e-01 -9.000000e-01 1.189019e+00 1.256676e+00 5.234093e-01 -1.760268e-02 1.012428e+00 1.429205e-01 1.388065e-03 7.409782e-04 -4.199963e-03 1.968820e-04 -1.431483e-05 7.986945e-05 
1.000000e-01 1.000000e-01 -8.000000e-01 1.351238e+00 1.432128e+00 6.184240e-01 2.419048e-03 1.049836e+00 1.610078e-01 1.589231e-03 8.419721e-04 -4.345509e-03 2.048056e-04 -8.007281e-06 8.956283e-05 
1.000000e-01 1.000000e-01 -7.000000e-01 1.532136e+00 1.629538e+00 7.302916e-01 3.069726e-02 1.087607e+00 1.772038e-01 1.814147e-03 9.546522e-04 -4.492822e-03 2.089269e-04 -4.267252e-07 9.763482e-05 
1.000000e-01 1.000000e-01 -6.000000e-01 1.728781e+00 1.846271e+00 8.585356e-01 6.822297e-02 1.120916e+00 1.880931e-01 2.059228e-03 1.077288e-03 -4.636966e-03 2.081754e-04 8.031374e-06 1.022746e-04 
1.000000e-01 1.000000e-01 -5.000000e-01 1.934337e+00 2.075207e+00 9.996815e-01 1.148548e-01 1.142934e+00 1.887800e-01 2.316071e-03 1.205672e-03 -4.771420e-03 2.019673e-04 1.583048e-05 1.011377e-04 
1.000000e-01 1.000000e-01 -4.000000e-01 2.137151e+00 2.303475e+00 1.146029e+00 1.683151e-01 1.145127e+00 1.733947e-01 2.570376e-03 1.332438e-03 -4.889397e-03 1.908692e-04 2.043263e-05 9.175601e-05 
1.000000e-01 1.000000e-01 -3.000000e-01 2.320585e+00 2.511989e+00 1.284965e+00 2.233896e-01 1.119038e+00 1.365898e-01 2.801778e-03 1.446914e-03 -4.985212e-03 1.772672e-04 1.888202e-05 7.228709e-05 
1.000000e-01 1.000000e-01 -2.000000e-01 2.464417e+00 2.676922e+00 1.399739e+00 2.719759e-01 1.059514e+00 7.608624e-02 2.985578e-03 1.536128e-03 -5.055452e-03 1.654903e-04 9.128940e-06 4.243235e-05 
1.000000e-01 1.000000e-01 -1.000000e-01 2.548296e+00 2.773924e+00 1.472455e+00 3.046759e-01 9.684025e-01 -4.612955e-03 3.097043e-03 1.587235e-03 -5.099148e-03 1.608727e-04 -8.230205e-06 4.075853e-06 
1.000000e-01 1.000000e-01 0.000000e+00 1.033612e+01 8.598619e+01 -1.178424e+01 -1.158086e+02 4.830078e-01 -7.809676e-02 4.766561e-03 6.010291e-03 -3.540321e-03 2.036389e-03 -2.968502e-04 8.204449e-06 
1.000000e-01 1.000000e-01 1.000000e-01 -2.796129e-01 -2.637641e-01 -1.435893e-01 -6.181226e-03 1.034699e-01 -1.001608e-03 -3.414012e-03 -9.153364e-04 -3.954146e-03 6.539774e-04 9.254367e-05 -1.608455e-05 
1.000000e-01 1.000000e-01 2.000000e-01 -2.712715e-01 -2.561643e-01 -1.370806e-01 -2.473150e-03 1.190586e-01 6.653436e-03 -3.285872e-03 -8.816803e-04 -3.827353e-03 5.911565e-04 1.966277e-04 5.760257e-06 
1.000000e-01 1.000000e-01 3.000000e-01 -2.567785e-01 -2.421255e-01 -1.265046e-01 2.267247e-03 1.311685e-01 1.247689e-02 -3.076572e-03 -8.272625e-04 -3.656334e-03 5.073027e-04 2.690065e-04 2.569961e-05 
1.000000e-01 1.000000e-01 4.000000e-01 -2.381653e-01 -2.239003e-01 -1.135499e-01 7.234635e-03 1.394798e-01 1.613624e-02 -2.814900e-03 -7.591666e-04 -3.467075e-03 4.142854e-04 3.061918e-04 4.234398e-05 
1.000000e-01 1.000000e-01 5.000000e-01 -2.174679e-01 -2.037026e-01 -9.980312e-02 1.176330e-02 1.444053e-01 1.782314e-02 -2.529229e-03 -6.845070e-04 -3.282282e-03 3.227055e-04 3.129808e-04 5.488881e-05 
1.000000e-01 1.000000e-01 6.000000e-01 -1.963791e-01 -1.833118e-01 -8.646509e-02 1.545776e-02 1.467365e-01 1.801163e-02 -2.242521e-03 -6.091720e-04 -3.117094e-03 2.398667e-04 2.982386e-04 6.316527e-05 
1.000000e-01 1.000000e-01 7.000000e-01 -1.760999e-01 -1.639338e-01 -7.427730e-02 1.818420e-02 1.473245e-01 1.722788e-02 -1.970508e-03 -5.372859e-04 -2.978729e-03 1.694552e-04 2.710654e-04 6.755687e-05 
1.000000e-01 1.000000e-01 8.000000e-01 -1.573438e-01 -1.462387e-01 -6.359222e-02 1.998742e-02 1.469041e-01 1.591308e-02 -1.722158e-03 -4.712545e-04 -2.868373e-03 1.122873e-04 2.387007e-04 6.879343e-05 
1.000000e-01 1.000000e-01 9.000000e-01 -1.404044e-01 -1.304684e-01 -5.449757e-02 2.098393e-02 1.460917e-01 1.437094e-02 -1.501157e-03 -4.120660e-04 -2.783512e-03 6.733171e-05 2.060935e-04 6.766001e-05 
1.000000e-01 1.000000e-01 1.000000e+00 2.301168e-01 -1.662635e-01 2.034366e-01 -1.579700e-01 2.461085e+00 -2.937579e-01 -1.241976e-04 -9.361336e-05 -2.334529e-03 -6.304426e-05 5.092582e-05 6.721690e-05 
1.000000e-01 1.000000e-01 1.100000e+00 1.549831e-01 -5.423693e-02 1.312145e-01 -3.456314e-02 2.081149e+00 5.939813e-02 -1.038623e-04 -7.457575e-05 -2.386941e-03 -5.509763e-05 6.853570e-06 3.517687e-05 
1.000000e-01 1.000000e-01 1.200000e+00 1.107319e-01 -4.489928e-02 8.819767e-02 -3.088355e-02 1.824369e+00 4.883056e-02 -7.610586e-05 -6.171630e-05 -2.419201e-03 -4.891957e-05 4.128103e-07 2.704002e-05 
1.000000e-01 1.000000e-01 1.300000e+00 8.142866e-02 -3.763066e-02 6.087840e-02 -2.747848e-02 1.641860e+00 4.060024e-02 -5.650522e-05 -5.145915e-05 -2.448391e-03 -4.315411e-05 -2.814527e-06 2.094472e-05 
1.000000e-01 1.000000e-01 1.400000e+00 6.138824e-02 -3.186820e-02 4.287408e-02 -2.440552e-02 1.508594e+00 3.407490e-02 -4.246820e-05 -4.323396e-05 -2.474206e-03 -3.798352e-05 -4.239145e-06 1.632622e-05 
1.000000e-01 1.000000e-01 1.500000e+00 4.727886e-02 -2.722787e-02 3.068722e-02 -2.167045e-02 1.409189e+00 2.883680e-02 -3.228101e-05 -3.658911e-05 -2.496726e-03 -3.345164e-05 -4.676164e-06 1.280267e-05 
1.000000e-01 1.000000e-01 1.600000e+00 3.709410e-02 -2.344168e-02 2.225779e-02 -1.925602e-02 1.333669e+00 2.459009e-02 -2.479332e-05 -3.118008e-05 -2.516223e-03 -2.952924e-05 -4.591450e-06 1.009636e-05 
1.000000e-01 1.000000e-01 1.700000e+00 2.958116e-02 -2.031796e-02 1.632006e-02 -1.713471e-02 1.275356e+00 2.111804e-02 -1.922326e-05 -2.674436e-05 -2.533040e-03 -2.615626e-05 -4.249935e-06 8.003825e-06 
1.000000e-01 1.000000e-01 1.800000e+00 2.393242e-02 -1.771630e-02 1.207139e-02 -1.527544e-02 1.229677e+00 1.825815e-02 -1.503276e-05 -2.308086e-05 -2.547525e-03 -2.326379e-05 -3.800415e-06 6.375281e-06 
1.000000e-01 1.000000e-01 1.900000e+00 1.961272e-02 -1.553164e-02 8.989531e-03 -1.364729e-02 1.193426e+00 1.588657e-02 -1.184677e-05 -2.003450e-05 -2.560003e-03 -2.078449e-05 -3.324494e-06 5.099840e-06 
1.000000e-01 1.000000e-01 2.000000e+00 1.625885e-02 -1.368389e-02 6.727198e-03 -1.222124e-02 1.164321e+00 1.390765e-02 -9.400637e-06 -1.748485e-05 -2.570767e-03 -1.865719e-05 -2.865017e-06 4.094913e-06 
1.000000e-01 1.000000e-01 2.100000e+00 1.361901e-02 -1.211104e-02 5.048980e-03 -1.097105e-02 1.140702e+00 1.224676e-02 -7.505375e-06 -1.533771e-05 -2.580070e-03 -1.682832e-05 -2.442647e-06 3.298583e-06 
1.000000e-01 1.000000e-01 2.200000e+00 1.151528e-02 -1.076443e-02 3.792590e-03 -9.873404e-03 1.121349e+00 1.084511e-02 -6.024468e-06 -1.351890e-05 -2.588131e-03 -1.525195e-05 -2.065551e-06 2.664136e-06 
1.000000e-01 1.000000e-01 2.300000e+00 9.819788e-03 -9.605382e-03 2.844442e-03 -8.907940e-03 1.105350e+00 9.656086e-03 -4.858233e-06 -1.196963e-05 -2.595133e-03 -1.388920e-05 -1.735053e-06 2.156093e-06 
1.000000e-01 1.000000e-01 2.400000e+00 8.439169e-03 -8.602904e-03 2.123941e-03 -8.056973e-03 1.092016e+00 8.642441e-03 -3.933128e-06 -1.064297e-05 -2.601233e-03 -1.270739e-05 -1.448920e-06 1.747335e-06 
1.000000e-01 1.000000e-01 2.500000e+00 7.304287e-03 -7.731906e-03 1.573188e-03 -7.305245e-03 1.080819e+00 7.774231e-03 -3.194367e-06 -9.501231e-06 -2.606564e-03 -1.167912e-05 -1.203245e-06 1.417005e-06 
1.000000e-01 1.000000e-01 2.600000e+00 6.363272e-03 -6.971934e-03 1.150114e-03 -6.639627e-03 1.071351e+00 7.027247e-03 -2.600753e-06 -8.513961e-06 -2.611237e-03 -1.078144e-05 -9.935140e-07 1.148965e-06 
1.000000e-01 1.000000e-01 2.700000e+00 5.576736e-03 -6.306193e-03 8.238338e-04 -6.048841e-03 1.063294e+00 6.381801e-03 -2.121044e-06 -7.656414e-06 -2.615345e-03 -9.995166e-06 -8.151873e-07 9.306515e-07 
1.000000e-01 1.000000e-01 2.800000e+00 4.914436e-03 -5.720808e-03 5.714563e-04 -5.523204e-03 1.056397e+00 5.821803e-03 -1.731345e-06 -6.908355e-06 -2.618968e-03 -9.304201e-06 -6.639958e-07 7.522291e-07 
1.000000e-01 1.000000e-01 2.900000e+00 4.352911e-03 -5.204251e-03 3.758670e-04 -5.054402e-03 1.050459e+00 5.334035e-03 -1.413241e-06 -6.253157e-06 -2.622172e-03 -8.695034e-06 -5.360769e-07 6.059572e-07 
1.000000e-01 1.000000e-01 3.000000e+00 3.873783e-03 -4.746893e-03 2.241663e-04 -4.635286e-03 1.045320e+00 4.907589e-03 -1.152433e-06 -5.677080e-06 -2.625013e-03 -8.156292e-06 -4.280186e-07 4.857109e-07 
