1.000000e-01 1.000000e-01 -3.000000e+00 -7.291968e-04 4.417484e-04 -9.076769e-04 2.596549e-05 1.018253e+00 9.167165e-04 -3.909258e-06 5.422652e-08 -2.636491e-03 -2.659148e-06 -6.117273e-08 -4.691194e-08 
1.000000e-01 1.000000e-01 -2.900000e+00 -8.369032e-04 4.800867e-04 -1.033606e-03 2.686718e-05 1.020101e+00 9.070397e-04 -4.299397e-06 6.030210e-08 -2.634770e-03 -2.659888e-06 -1.332698e-08 -5.182345e-08 
1.000000e-01 1.000000e-01 -2.800000e+00 -9.652631e-04 5.233212e-04 -1.182640e-03 2.775702e-05 1.022211e+00 8.958471e-04 -4.741013e-06 6.730998e-08 -2.632829e-03 -2.660760e-06 4.815201e-08 -5.742357e-08 
1.000000e-01 1.000000e-01 -2.700000e+00 -1.119244e-03 5.722750e-04 -1.360151e-03 2.861637e-05 1.024634e+00 8.828382e-04 -5.242415e-06 7.543254e-08 -2.630633e-03 -2.661795e-06 1.267700e-07 -6.383386e-08 
1.000000e-01 1.000000e-01 -2.600000e+00 -1.305272e-03 6.279428e-04 -1.573040e-03 2.941989e-05 1.027430e+00 8.676402e-04 -5.813449e-06 8.489576e-08 -2.628141e-03 -2.663031e-06 2.269824e-07 -7.120195e-08 
1.000000e-01 1.000000e-01 -2.500000e+00 -1.531739e-03 6.915333e-04 -1.830272e-03 3.013332e-05 1.030676e+00 8.497875e-04 -6.465789e-06 9.598165e-08 -2.625303e-03 -2.664517e-06 3.544694e-07 -7.970822e-08 
1.000000e-01 1.000000e-01 -2.400000e+00 -1.809725e-03 7.645241e-04 -2.143604e-03 3.071036e-05 1.034467e+00 8.286950e-04 -7.213290e-06 1.090448e-07 -2.622059e-03 -2.666319e-06 5.164957e-07 -8.957447e-08 
1.000000e-01 1.000000e-01 -2.300000e+00 -2.154023e-03 8.487336e-04 -2.528636e-03 3.108861e-05 1.038926e+00 8.036225e-04 -8.072372e-06 1.245345e-07 -2.618340e-03 -2.668522e-06 7.223763e-07 -1.010754e-07 
1.000000e-01 1.000000e-01 -2.200000e+00 -2.584625e-03 9.464134e-04 -3.006321e-03 3.118383e-05 1.044209e+00 7.736265e-04 -9.062450e-06 1.430250e-07 -2.614059e-03 -2.671242e-06 9.840788e-07 -1.145541e-07 
1.000000e-01 1.000000e-01 -2.100000e+00 -3.128912e-03 1.060372e-03 -3.605175e-03 3.088222e-05 1.050520e+00 7.374965e-04 -1.020636e-05 1.652568e-07 -2.609113e-03 -2.674634e-06 1.316988e-06 -1.304425e-07 
1.000000e-01 1.000000e-01 -2.000000e+00 -3.824913e-03 1.194140e-03 -4.364566e-03 3.002954e-05 1.058128e+00 6.936692e-04 -1.153072e-05 1.921943e-07 -2.603379e-03 -2.678915e-06 1.740854e-06 -1.492908e-07 
1.000000e-01 1.000000e-01 -1.900000e+00 -4.726274e-03 1.352187e-03 -5.339700e-03 2.841609e-05 1.067389e+00 6.401130e-04 -1.306612e-05 2.251058e-07 -2.596704e-03 -2.684384e-06 2.280907e-06 -1.718079e-07 
1.000000e-01 1.000000e-01 -1.800000e+00 -5.909934e-03 1.540228e-03 -6.609311e-03 2.575549e-05 1.078786e+00 5.741748e-04 -1.484694e-05 2.656775e-07 -2.588907e-03 -2.691467e-06 2.969033e-06 -1.989214e-07 
1.000000e-01 1.000000e-01 -1.700000e+00 -7.488271e-03 1.765636e-03 -8.287808e-03 2.165469e-05 1.092983e+00 4.923786e-04 -1.691047e-05 3.161762e-07 -2.579765e-03 -2.700777e-06 3.844684e-06 -2.318678e-07 
1.000000e-01 1.000000e-01 -1.600000e+00 -9.628717e-03 2.038039e-03 -1.054489e-02 1.557109e-05 1.110910e+00 3.901696e-04 -1.929500e-05 3.796822e-07 -2.569010e-03 -2.713215e-06 4.954756e-06 -2.723336e-07 
1.000000e-01 1.000000e-01 -1.500000e+00 -1.258628e-02 2.370184e-03 -1.363815e-02 6.751437e-06 1.133892e+00 2.616064e-04 -2.203666e-05 4.604221e-07 -2.556319e-03 -2.730126e-06 6.350721e-06 -3.226846e-07 
1.000000e-01 1.000000e-01 -1.400000e+00 -1.675903e-02 2.779268e-03 -1.796903e-02 -5.855663e-06 1.163860e+00 9.903471e-05 -2.516605e-05 5.642368e-07 -2.541308e-03 -2.753571e-06 8.079791e-06 -3.863519e-07 
1.000000e-01 1.000000e-01 -1.300000e+00 -2.278601e-02 3.289091e-03 -2.418302e-02 -2.372560e-05 1.203700e+00 -1.071738e-04 -2.870883e-05 6.992096e-07 -2.523524e-03 -2.786780e-06 1.016510e-05 -4.684931e-07 
1.000000e-01 1.000000e-01 -1.200000e+00 -3.172629e-02 3.933742e-03 -3.336063e-02 -4.897511e-05 1.257854e+00 -3.686823e-04 -3.270251e-05 8.764241e-07 -2.502451e-03 -2.834964e-06 1.257122e-05 -5.771322e-07 
1.000000e-01 1.000000e-01 -1.100000e+00 -4.538189e-02 4.764314e-03 -4.743012e-02 -8.533891e-05 1.333503e+00 -6.999719e-04 -3.724924e-05 1.110881e-06 -2.477520e-03 -2.906923e-06 1.516304e-05 -7.249833e-07 
1.000000e-01 1.000000e-01 -1.000000e+00 -6.845792e-02 8.334734e-02 -7.023430e-02 9.286197e-02 1.444967e+00 -2.764615e-01 -4.297599e-05 8.630105e-06 -2.448507e-03 3.151692e-06 1.650073e-05 -5.332478e-05 
1.000000e-01 1.000000e-01 -9.000000e-01 3.417048e-03 3.921453e-03 1.225556e-03 -2.403768e-04 7.329948e-01 -6.620376e-04 -4.921313e-05 3.018323e-07 -2.414040e-03 -2.966087e-06 1.993198e-05 -1.161947e-06 
1.000000e-01 1.000000e-01 -8.000000e-01 3.997231e-03 4.312297e-03 1.287633e-03 -3.080225e-04 7.287239e-01 -8.727716e-04 -5.833558e-05 3.465758e-07 -2.374606e-03 -2.910879e-06 2.199902e-05 -1.284011e-06 
1.000000e-01 1.000000e-01 -7.000000e-01 4.608339e-03 4.819124e-03 1.415666e-03 -3.954289e-04 7.240230e-01 -1.158533e-03 -6.992925e-05 4.096479e-07 -2.330040e-03 -2.856484e-06 2.469066e-05 -1.414985e-06 
1.000000e-01 1.000000e-01 -6.000000e-01 5.159222e-03 5.436908e-03 1.486655e-03 -5.037962e-04 7.187410e-01 -1.555386e-03 -8.304815e-05 5.085192e-07 -2.280818e-03 -2.805158e-06 2.854744e-05 -1.549584e-06 
1.000000e-01 1.000000e-01 -5.000000e-01 5.456857e-03 6.137622e-03 1.399436e-03 -6.354344e-04 7.130822e-01 -2.090985e-03 -9.576850e-05 6.645859e-07 -2.228375e-03 -2.762229e-06 3.306771e-05 -1.693420e-06 
1.000000e-01 1.000000e-01 -4.000000e-01 5.293258e-03 6.874681e-03 1.056578e-03 -7.883386e-04 7.075537e-01 -2.777481e-03 -1.061984e-04 8.896188e-07 -2.175516e-03 -2.736665e-06 3.658014e-05 -1.862545e-06 
1.000000e-01 1.000000e-01 -3.000000e-01 4.508959e-03 7.583368e-03 3.817337e-04 -9.539590e-04 7.029399e-01 -3.607669e-03 -1.130610e-04 1.175470e-06 -2.126529e-03 -2.739736e-06 3.703736e-05 -2.074609e-06 
1.000000e-01 1.000000e-01 -2.000000e-01 3.045138e-03 8.181797e-03 -6.473413e-04 -1.117467e-03 7.002164e-01 -4.545548e-03 -1.157180e-04 1.491760e-06 -2.086734e-03 -2.781318e-06 3.285831e-05 -2.337992e-06 
1.000000e-01 1.000000e-01 -1.000000e-01 9.971995e-04 8.585589e-03 -1.963151e-03 -1.260457e-03 7.003609e-01 -5.516288e-03 -1.141401e-04 1.791071e-06 -2.061433e-03 -2.865769e-06 2.350342e-05 -2.642564e-06 
1.000000e-01 1.000000e-01 0.000000e+00 -1.309611e-02 3.422359e+01 2.581876e-02 -5.054594e+01 3.948802e-01 -7.436536e-04 4.273283e-04 -9.427952e-04 -7.602514e-04 1.685217e-03 -8.828340e-05 1.431087e-07 
1.000000e-01 1.000000e-01 1.000000e-01 -1.492959e-03 -2.938744e-04 -3.490333e-03 -2.358430e-04 7.612856e-02 -4.331064e-04 -9.931466e-05 -5.543573e-06 -2.067081e-03 -2.168088e-06 -5.878096e-06 -2.285079e-06 
1.000000e-01 1.000000e-01 2.000000e-01 -1.608038e-03 -8.446231e-04 -3.447643e-03 -2.071445e-04 8.200269e-02 -2.266868e-04 -9.022648e-05 -4.895550e-06 -2.096862e-03 -2.450137e-06 -2.110893e-05 -1.642733e-06 
1.000000e-01 1.000000e-01 3.000000e-01 -1.623745e-03 -1.321260e-03 -3.288480e-03 -1.787221e-04 8.779059e-02 -3.969123e-05 -8.069881e-05 -4.134245e-06 -2.139671e-03 -2.751762e-06 -3.338278e-05 -1.085008e-06 
1.000000e-01 1.000000e-01 4.000000e-01 -1.552334e-03 -1.746878e-03 -3.041284e-03 -1.513941e-04 9.328121e-02 1.173947e-04 -7.136606e-05 -3.337931e-06 -2.190131e-03 -3.046291e-06 -4.155217e-05 -6.355728e-07 
1.000000e-01 1.000000e-01 5.000000e-01 -1.419132e-03 -2.142949e-03 -2.742180e-03 -1.258972e-04 9.832391e-02 2.416009e-04 -6.258828e-05 -2.569135e-06 -2.243219e-03 -3.315112e-06 -4.558078e-05 -2.947600e-07 
1.000000e-01 1.000000e-01 6.000000e-01 -1.252522e-03 -2.526094e-03 -2.425796e-03 -1.027640e-04 1.028386e-01 3.353556e-04 -5.455061e-05 -1.867368e-06 -2.295082e-03 -3.548769e-06 -4.618730e-05 -4.863578e-08 
1.000000e-01 1.000000e-01 7.000000e-01 -1.077096e-03 -2.907288e-03 -2.120600e-03 -8.229497e-05 1.068095e-01 4.038073e-04 -4.733384e-05 -1.250917e-06 -2.343247e-03 -3.745184e-06 -4.437901e-05 1.220080e-07 
1.000000e-01 1.000000e-01 8.000000e-01 -9.093294e-04 -3.292446e-03 -1.850719e-03 -6.466760e-05 1.102764e-01 4.527887e-04 -4.095165e-05 -7.227931e-07 -2.386439e-03 -3.906908e-06 -4.111830e-05 2.358176e-07 
1.000000e-01 1.000000e-01 9.000000e-01 -7.473348e-04 -3.682842e-03 -1.650782e-03 -4.998744e-05 1.133688e-01 4.875463e-04 -3.536617e-05 -2.771332e-07 -2.424284e-03 -4.038490e-06 -3.719189e-05 3.088595e-07 
1.000000e-01 1.000000e-01 1.000000e+00 2.120780e-01 -8.224998e-02 2.118267e-01 -9.464012e-02 2.232533e+00 -2.760562e-01 -3.092183e-05 2.764546e-06 -2.457093e-03 -2.660742e-06 -3.230364e-05 9.824478e-06 
1.000000e-01 1.000000e-01 1.100000e+00 1.389296e-01 -2.427578e-03 1.393096e-01 1.284031e-05 1.895823e+00 1.655525e-03 -2.667670e-05 8.467439e-07 -2.484764e-03 -3.709688e-06 -2.895070e-05 1.370388e-07 
1.000000e-01 1.000000e-01 1.200000e+00 9.613186e-02 -1.754958e-03 9.581295e-02 -4.360167e-05 1.673411e+00 1.372970e-03 -2.311738e-05 6.173667e-07 -2.508484e-03 -3.446720e-06 -2.522589e-05 7.977862e-08 
1.000000e-01 1.000000e-01 1.300000e+00 6.833932e-02 -1.309616e-03 6.791055e-02 -7.260728e-05 1.517358e+00 1.208900e-03 -2.007912e-05 4.626343e-07 -2.528536e-03 -3.263379e-06 -2.190314e-05 4.173665e-08 
1.000000e-01 1.000000e-01 1.400000e+00 4.974878e-02 -1.005705e-03 4.931813e-02 -8.680305e-05 1.404828e+00 1.111043e-03 -1.749126e-05 3.550254e-07 -2.545475e-03 -3.132132e-06 -1.898995e-05 1.633533e-08 
1.000000e-01 1.000000e-01 1.500000e+00 3.697341e-02 -7.926609e-04 3.656850e-02 -9.264455e-05 1.321902e+00 1.051606e-03 -1.528655e-05 2.781949e-07 -2.559793e-03 -3.035903e-06 -1.646455e-05 -5.546945e-10 
1.000000e-01 1.000000e-01 1.600000e+00 2.798557e-02 -6.396253e-04 2.761341e-02 -9.369648e-05 1.259629e+00 1.015153e-03 -1.340581e-05 2.220422e-07 -2.571917e-03 -2.963851e-06 -1.429094e-05 -1.163963e-08 
1.000000e-01 1.000000e-01 1.700000e+00 2.153037e-02 -5.272058e-04 2.119140e-02 -9.201042e-05 1.212078e+00 9.927894e-04 -1.179818e-05 1.801330e-07 -2.582208e-03 -2.908889e-06 -1.242782e-05 -1.874118e-08 
1.000000e-01 1.000000e-01 1.800000e+00 1.680811e-02 -4.428931e-04 1.650046e-02 -8.879853e-05 1.175222e+00 9.792324e-04 -1.042047e-05 1.482577e-07 -2.590969e-03 -2.866268e-06 -1.083395e-05 -2.310274e-08 
1.000000e-01 1.000000e-01 1.900000e+00 1.329599e-02 -3.784275e-04 1.301704e-02 -8.478892e-05 1.146266e+00 9.712604e-04 -9.236344e-06 1.235960e-07 -2.598452e-03 -2.832725e-06 -9.470944e-06 -2.558050e-08 
1.000000e-01 1.000000e-01 2.000000e+00 1.064454e-02 -3.282400e-04 1.039151e-02 -8.042243e-05 1.123238e+00 9.668655e-04 -8.215379e-06 1.042177e-07 -2.604867e-03 -2.805977e-06 -8.304525e-06 -2.676784e-08 
1.000000e-01 1.000000e-01 2.100000e+00 8.615396e-03 -2.885024e-04 8.385654e-03 -7.596566e-05 1.104719e+00 9.647731e-04 -7.332178e-06 8.877546e-08 -2.610386e-03 -2.784389e-06 -7.304818e-06 -2.707795e-08 
1.000000e-01 1.000000e-01 2.200000e+00 7.043059e-03 -2.565376e-04 6.834159e-03 -7.157775e-05 1.089673e+00 9.641613e-04 -6.565561e-06 7.631184e-08 -2.615151e-03 -2.766777e-06 -6.446209e-06 -2.679949e-08 
1.000000e-01 1.000000e-01 2.300000e+00 5.810693e-03 -2.304421e-04 5.620430e-03 -6.735088e-05 1.077335e+00 9.644937e-04 -5.897872e-06 6.613494e-08 -2.619281e-03 -2.752266e-06 -5.706958e-06 -2.613450e-08 
1.000000e-01 1.000000e-01 2.400000e+00 4.834577e-03 -2.088426e-04 4.660980e-03 -6.333522e-05 1.067129e+00 9.654170e-04 -5.314374e-06 5.773704e-08 -2.622874e-03 -2.740202e-06 -5.068727e-06 -2.522443e-08 
1.000000e-01 1.000000e-01 2.500000e+00 4.053879e-03 -1.907338e-04 3.895197e-03 -5.955462e-05 1.058620e+00 9.666968e-04 -4.802745e-06 5.074018e-08 -2.626011e-03 -2.730089e-06 -4.516107e-06 -2.416813e-08 
1.000000e-01 1.000000e-01 2.600000e+00 3.423834e-03 -1.753704e-04 3.278514e-03 -5.601650e-05 1.051474e+00 9.681772e-04 -4.352665e-06 4.485925e-08 -2.628758e-03 -2.721547e-06 -4.036173e-06 -2.303438e-08 
1.000000e-01 1.000000e-01 2.700000e+00 2.911104e-03 -1.621927e-04 2.777772e-03 -5.271823e-05 1.045432e+00 9.697549e-04 -3.955465e-06 3.987646e-08 -2.631173e-03 -2.714281e-06 -3.618088e-06 -2.187067e-08 
1.000000e-01 1.000000e-01 2.800000e+00 2.490587e-03 -1.507755e-04 2.368029e-03 -4.965119e-05 1.040289e+00 9.713614e-04 -3.603844e-06 3.562350e-08 -2.633303e-03 -2.708060e-06 -3.252766e-06 -2.070941e-08 
1.000000e-01 1.000000e-01 2.900000e+00 2.143189e-03 -1.407920e-04 2.030330e-03 -4.680343e-05 1.035887e+00 9.729520e-04 -3.291636e-06 3.196894e-08 -2.635188e-03 -2.702701e-06 -2.932572e-06 -1.957227e-08 
1.000000e-01 1.000000e-01 3.000000e+00 1.854246e-03 -1.319884e-04 1.750133e-03 -4.416130e-05 1.032099e+00 9.744984e-04 -3.013619e-06 2.880906e-08 -2.636860e-03 -2.698060e-06 -2.651088e-06 -1.847334e-08 
