1.000000e-01 1.000000e-01 -3.000000e+00 -4.033868e-03 2.449576e-03 -7.649258e-04 -3.501818e-04 1.022171e+00 1.167603e-03 4.409871e-07 3.635338e-06 -2.683660e-03 -1.451088e-06 -3.223025e-06 -1.339560e-07 
1.000000e-01 1.000000e-01 -2.900000e+00 -4.566451e-03 2.744889e-03 -8.610169e-04 -4.064315e-04 1.024627e+00 1.213495e-03 5.595840e-07 4.123289e-06 -2.686576e-03 -1.437787e-06 -3.578706e-06 -7.526222e-08 
1.000000e-01 1.000000e-01 -2.800000e+00 -5.192128e-03 3.090074e-03 -9.731241e-04 -4.733662e-04 1.027440e+00 1.266711e-03 7.056924e-07 4.696278e-06 -2.689883e-03 -1.436749e-06 -3.990837e-06 -4.536239e-09 
1.000000e-01 1.000000e-01 -2.700000e+00 -5.931337e-03 3.495940e-03 -1.104658e-03 -5.533815e-04 1.030675e+00 1.328619e-03 8.864122e-07 5.372782e-06 -2.693649e-03 -1.452488e-06 -4.470661e-06 8.063432e-08 
1.000000e-01 1.000000e-01 -2.600000e+00 -6.809969e-03 3.976162e-03 -1.259938e-03 -6.494968e-04 1.034412e+00 1.400918e-03 1.110943e-06 6.176125e-06 -2.697953e-03 -1.490955e-06 -5.032062e-06 1.832235e-07 
1.000000e-01 1.000000e-01 -2.500000e+00 -7.861086e-03 4.548175e-03 -1.444493e-03 -7.655407e-04 1.038751e+00 1.485754e-03 1.391297e-06 7.135981e-06 -2.702891e-03 -1.560020e-06 -5.692283e-06 3.069286e-07 
1.000000e-01 1.000000e-01 -2.400000e+00 -9.127285e-03 5.234406e-03 -1.665477e-03 -9.063987e-04 1.043816e+00 1.585880e-03 1.743281e-06 8.290405e-06 -2.708582e-03 -1.670103e-06 -6.472840e-06 4.563911e-07 
1.000000e-01 1.000000e-01 -2.300000e+00 -1.066396e-02 6.063961e-03 -1.932268e-03 -1.078344e-03 1.049764e+00 1.704886e-03 2.187877e-06 9.688626e-06 -2.715170e-03 -1.835048e-06 -7.400724e-06 6.375046e-07 
1.000000e-01 1.000000e-01 -2.200000e+00 -1.254388e-02 7.074976e-03 -2.257329e-03 -1.289488e-03 1.056792e+00 1.847544e-03 2.753188e-06 1.139491e-05 -2.722832e-03 -2.073296e-06 -8.509966e-06 8.578531e-07 
1.000000e-01 1.000000e-01 -2.100000e+00 -1.486368e-02 8.317925e-03 -2.657478e-03 -1.550384e-03 1.065153e+00 2.020341e-03 3.477216e-06 1.349395e-05 -2.731787e-03 -2.409496e-06 -9.843692e-06 1.127349e-06 
1.000000e-01 1.000000e-01 -2.000000e+00 -1.775316e-02 9.860330e-03 -3.155810e-03 -1.874864e-03 1.075174e+00 2.232280e-03 4.411888e-06 1.609853e-05 -2.742309e-03 -2.876698e-06 -1.145682e-05 1.459188e-06 
1.000000e-01 1.000000e-01 -1.900000e+00 -2.138890e-02 1.179354e-02 -3.784646e-03 -2.281175e-03 1.087285e+00 2.496167e-03 5.628927e-06 1.936045e-05 -2.754740e-03 -3.519360e-06 -1.341959e-05 1.871299e-06 
1.000000e-01 1.000000e-01 -1.800000e+00 -2.601443e-02 1.424264e-02 -4.590198e-03 -2.793545e-03 1.102054e+00 2.830649e-03 7.228568e-06 2.348634e-05 -2.769512e-03 -4.397448e-06 -1.582225e-05 2.388638e-06 
1.000000e-01 1.000000e-01 -1.700000e+00 -3.197056e-02 1.738105e-02 -5.640137e-03 -3.444346e-03 1.120245e+00 3.263564e-03 9.352632e-06 2.876087e-05 -2.787169e-03 -5.592010e-06 -1.878107e-05 3.046857e-06 
1.000000e-01 1.000000e-01 -1.600000e+00 -3.974209e-02 2.145243e-02 -7.036256e-03 -4.277045e-03 1.142903e+00 3.837489e-03 1.220443e-05 3.558112e-05 -2.808412e-03 -7.212652e-06 -2.244627e-05 3.898388e-06 
1.000000e-01 1.000000e-01 -1.500000e+00 -5.003114e-02 2.680394e-02 -8.936396e-03 -5.350197e-03 1.171481e+00 4.619145e-03 1.607947e-05 4.450818e-05 -2.834134e-03 -9.407331e-06 -2.701194e-05 5.022741e-06 
1.000000e-01 1.000000e-01 -1.400000e+00 -6.387482e-02 3.393728e-02 -1.159406e-02 -6.742625e-03 1.208044e+00 5.715646e-03 2.141334e-05 5.634535e-05 -2.865493e-03 -1.237447e-05 -3.272820e-05 6.544460e-06 
1.000000e-01 1.000000e-01 -1.300000e+00 -8.283942e-02 4.358781e-02 -1.543405e-02 -8.559465e-03 1.255596e+00 7.303255e-03 2.885666e-05 7.225724e-05 -2.903988e-03 -1.637592e-05 -3.991422e-05 8.665455e-06 
1.000000e-01 1.000000e-01 -1.200000e+00 -1.093472e-01 5.684678e-02 -2.120902e-02 -1.093705e-02 1.318640e+00 9.680408e-03 3.939072e-05 9.394990e-05 -2.951565e-03 -2.174498e-05 -4.896692e-05 1.172593e-05 
1.000000e-01 1.000000e-01 -1.100000e+00 -1.472051e-01 7.534133e-02 -3.037256e-02 -1.404649e-02 1.404264e+00 1.337438e-02 5.449217e-05 1.239372e-04 -3.010732e-03 -2.888403e-05 -6.035432e-05 1.631784e-05 
1.000000e-01 1.000000e-01 -1.000000e+00 -2.094657e-01 2.161402e-01 -5.497401e-02 1.230135e-01 1.533495e+00 -3.828099e-01 1.006463e-04 2.090193e-04 -3.041934e-03 2.483365e-05 -1.136852e-04 -9.853594e-05 
1.000000e-01 1.000000e-01 -9.000000e-01 -1.346857e-01 1.072873e-01 2.665635e-02 -1.381816e-02 8.015142e-01 -9.760141e-03 7.470168e-05 1.728750e-04 -3.136784e-03 -3.187149e-05 -4.802100e-05 7.825188e-06 
1.000000e-01 1.000000e-01 -8.000000e-01 -1.324490e-01 1.049534e-01 2.322127e-02 -1.107251e-02 8.125215e-01 -1.435084e-02 7.122205e-05 1.696427e-04 -3.185721e-03 -2.387972e-05 -5.484209e-05 5.912609e-06 
1.000000e-01 1.000000e-01 -7.000000e-01 -1.276147e-01 1.005661e-01 1.881921e-02 -7.807836e-03 8.262272e-01 -2.022795e-02 6.533483e-05 1.629741e-04 -3.239437e-03 -1.449588e-05 -6.232659e-05 2.698844e-06 
1.000000e-01 1.000000e-01 -6.000000e-01 -1.199286e-01 9.399856e-02 1.362153e-02 -4.256827e-03 8.424505e-01 -2.742028e-02 5.678478e-05 1.525850e-04 -3.297785e-03 -4.266389e-06 -6.955243e-05 -1.975801e-06 
1.000000e-01 1.000000e-01 -5.000000e-01 -1.091041e-01 8.512047e-02 7.869045e-03 -6.791664e-04 8.609196e-01 -3.578259e-02 4.533301e-05 1.381710e-04 -3.359466e-03 6.179572e-06 -7.536247e-05 -8.161586e-06 
1.000000e-01 1.000000e-01 -4.000000e-01 -9.497989e-02 7.392799e-02 1.947854e-03 2.603627e-03 8.809213e-01 -4.486487e-02 3.094098e-05 1.196051e-04 -3.421976e-03 1.605404e-05 -7.826422e-05 -1.564424e-05 
1.000000e-01 1.000000e-01 -3.000000e-01 -7.761858e-02 6.060271e-02 -3.661530e-03 5.262862e-03 9.011536e-01 -5.384416e-02 1.392340e-05 9.705236e-05 -3.481455e-03 2.450780e-05 -7.662579e-05 -2.382525e-05 
1.000000e-01 1.000000e-01 -2.000000e-01 -5.735537e-02 4.550700e-02 -8.526982e-03 7.068992e-03 9.197701e-01 -6.157779e-02 -4.991837e-06 7.100256e-05 -3.532890e-03 3.081793e-05 -6.915316e-05 -3.171039e-05 
1.000000e-01 1.000000e-01 -1.000000e-01 -3.479707e-02 2.912825e-02 -1.244913e-02 8.004222e-03 9.346913e-01 -6.682151e-02 -2.474985e-05 4.223065e-05 -3.570893e-03 3.459572e-05 -5.547702e-05 -3.804825e-05 
1.000000e-01 1.000000e-01 0.000000e+00 -1.010830e+00 8.052752e+01 2.550292e+00 -1.116286e+02 5.388205e-01 -6.106170e-02 2.979267e-03 2.895958e-04 8.905928e-04 1.033674e-03 -2.900839e-04 -4.235039e-05 
1.000000e-01 1.000000e-01 1.000000e-01 -8.348037e-03 8.342857e-03 -1.694850e-02 9.165505e-03 1.004540e-01 -6.530820e-03 -6.089554e-05 -1.363438e-05 -3.577016e-03 5.228181e-05 -1.519399e-05 -4.228407e-05 
1.000000e-01 1.000000e-01 2.000000e-01 -5.589787e-03 4.619899e-03 -1.797804e-02 9.847811e-03 1.056691e-01 -5.843820e-03 -7.538120e-05 -3.846506e-05 -3.543778e-03 6.688157e-05 6.308720e-06 -3.947725e-05 
1.000000e-01 1.000000e-01 3.000000e-01 -2.677335e-03 9.653966e-04 -1.872428e-02 1.039875e-02 1.100168e-01 -4.902304e-03 -8.714890e-05 -6.170033e-05 -3.494772e-03 7.997750e-05 2.512765e-05 -3.416987e-05 
1.000000e-01 1.000000e-01 4.000000e-01 1.893882e-04 -2.488214e-03 -1.923329e-02 1.084472e-02 1.135631e-01 -3.833896e-03 -9.601608e-05 -8.236535e-05 -3.434946e-03 9.171982e-05 3.967248e-05 -2.743009e-05 
1.000000e-01 1.000000e-01 5.000000e-01 2.840546e-03 -5.633955e-03 -1.954099e-02 1.120067e-02 1.164389e-01 -2.763046e-03 -1.020596e-04 -9.976724e-05 -3.369433e-03 1.021160e-04 4.944096e-05 -2.035545e-05 
1.000000e-01 1.000000e-01 6.000000e-01 5.158405e-03 -8.403119e-03 -1.967520e-02 1.147196e-02 1.187892e-01 -1.782590e-03 -1.055353e-04 -1.135561e-04 -3.302639e-03 1.110761e-04 5.480392e-05 -1.378978e-05 
1.000000e-01 1.000000e-01 7.000000e-01 7.081584e-03 -1.076765e-02 -1.966119e-02 1.165925e-02 1.207461e-01 -9.452321e-04 -1.068060e-04 -1.237066e-04 -3.237822e-03 1.184863e-04 5.662257e-05 -8.230079e-06 
1.000000e-01 1.000000e-01 8.000000e-01 8.593577e-03 -1.272992e-02 -1.952542e-02 1.176105e-02 1.224309e-01 -2.702153e-04 -1.062716e-04 -1.304059e-04 -3.177036e-03 1.242509e-04 5.593170e-05 -3.884058e-06 
1.000000e-01 1.000000e-01 9.000000e-01 9.705009e-03 -1.430084e-02 -1.928809e-02 1.176218e-02 1.240233e-01 2.398901e-04 -1.043259e-04 -1.338622e-04 -3.121090e-03 1.281546e-04 5.388108e-05 -8.164921e-07 
1.000000e-01 1.000000e-01 1.000000e+00 2.298313e-01 -1.196750e-01 1.984997e-01 -1.157108e-01 2.410617e+00 -3.440042e-01 -7.714954e-05 -1.099970e-04 -3.043868e-03 1.413639e-04 1.460289e-04 7.044195e-05 
1.000000e-01 1.000000e-01 1.100000e+00 1.616887e-01 -6.424070e-03 1.423386e-01 1.290291e-02 2.075326e+00 4.108270e-02 -6.631903e-05 -9.196667e-05 -2.985218e-03 1.037427e-04 9.769837e-05 2.143879e-05 
1.000000e-01 1.000000e-01 1.200000e+00 1.129711e-01 -4.255940e-03 9.815224e-02 1.027795e-02 1.823963e+00 3.429960e-02 -4.958803e-05 -6.739085e-05 -2.928476e-03 8.340795e-05 7.772733e-05 1.803308e-05 
1.000000e-01 1.000000e-01 1.300000e+00 8.096852e-02 -2.837324e-03 6.978844e-02 8.291409e-03 1.644918e+00 2.901855e-02 -3.772665e-05 -4.998653e-05 -2.883811e-03 6.746409e-05 6.284160e-05 1.564380e-05 
1.000000e-01 1.000000e-01 1.400000e+00 5.933451e-02 -1.898179e-03 5.085376e-02 6.761425e-03 1.513855e+00 2.481735e-02 -2.915136e-05 -3.751576e-05 -2.848195e-03 5.491018e-05 5.151720e-05 1.384446e-05 
1.000000e-01 1.000000e-01 1.500000e+00 4.432326e-02 -1.269632e-03 3.783804e-02 5.567059e-03 1.415819e+00 2.142376e-02 -2.284657e-05 -2.846850e-05 -2.819451e-03 4.496673e-05 4.274384e-05 1.241101e-05 
1.000000e-01 1.000000e-01 1.600000e+00 3.366949e-02 -8.448943e-04 2.867103e-02 4.623825e-03 1.341109e+00 1.864880e-02 -1.813923e-05 -2.182400e-05 -2.796008e-03 3.703641e-05 3.583977e-05 1.122104e-05 
1.000000e-01 1.000000e-01 1.700000e+00 2.595765e-02 -5.556011e-04 2.207789e-02 3.871214e-03 1.283230e+00 1.635625e-02 -1.457402e-05 -1.688656e-05 -2.776708e-03 3.066555e-05 3.033290e-05 1.020436e-05 
1.000000e-01 1.000000e-01 1.800000e+00 2.027713e-02 -3.574017e-04 1.724750e-02 3.265089e-03 1.237731e+00 1.444533e-02 -1.183777e-05 -1.317679e-05 -2.760687e-03 2.550998e-05 2.588841e-05 9.318751e-06 
1.000000e-01 1.000000e-01 1.900000e+00 1.602720e-02 -2.211377e-04 1.364969e-02 2.772761e-03 1.201489e+00 1.283988e-02 -9.711711e-06 -1.036037e-05 -2.747286e-03 2.130777e-05 2.226381e-05 8.537332e-06 
1.000000e-01 1.000000e-01 2.000000e+00 1.280277e-02 -1.273917e-04 1.092983e-02 2.369704e-03 1.172278e+00 1.148144e-02 -8.040784e-06 -8.201392e-06 -2.735999e-03 1.785860e-05 1.928019e-05 7.841946e-06 
1.000000e-01 1.000000e-01 2.100000e+00 1.032523e-02 -6.307764e-05 8.845780e-03 2.037311e-03 1.148478e+00 1.032453e-02 -6.713563e-06 -6.531408e-06 -2.726432e-03 1.500840e-05 1.680344e-05 7.219540e-06 
1.000000e-01 1.000000e-01 2.200000e+00 8.399562e-03 -1.927845e-05 7.229189e-03 1.761314e-03 1.128896e+00 9.333334e-03 -5.648930e-06 -5.228812e-06 -2.718275e-03 1.263788e-05 1.473160e-05 6.660187e-06 
1.000000e-01 1.000000e-01 2.300000e+00 6.887065e-03 1.014390e-05 5.961026e-03 1.530675e-03 1.112640e+00 8.479387e-03 -4.787098e-06 -4.204869e-06 -2.711281e-03 1.065412e-05 1.298621e-05 6.155976e-06 
1.000000e-01 1.000000e-01 2.400000e+00 5.687628e-03 2.945307e-05 4.955865e-03 1.336777e-03 1.099033e+00 7.739862e-03 -4.083492e-06 -3.394165e-06 -2.705253e-03 8.984211e-06 1.150620e-05 5.700375e-06 
1.000000e-01 1.000000e-01 2.500000e+00 4.728029e-03 4.163497e-05 4.151536e-03 1.172841e-03 1.087558e+00 7.096307e-03 -3.504514e-06 -2.748014e-06 -2.700033e-03 7.570619e-06 1.024358e-05 5.287856e-06 
1.000000e-01 1.000000e-01 2.600000e+00 3.954048e-03 4.879561e-05 3.502216e-03 1.033496e-03 1.077811e+00 6.533704e-03 -3.024577e-06 -2.229851e-06 -2.695493e-03 6.367619e-06 9.160307e-06 4.913654e-06 
1.000000e-01 1.000000e-01 2.700000e+00 3.325080e-03 5.242949e-05 2.973730e-03 9.144544e-04 1.069480e+00 6.039747e-03 -2.624005e-06 -1.811971e-06 -2.691526e-03 5.338653e-06 8.225950e-06 4.573626e-06 
1.000000e-01 1.000000e-01 2.800000e+00 2.810393e-03 5.360247e-05 2.540311e-03 8.122699e-04 1.062315e+00 5.604292e-03 -2.287532e-06 -1.473214e-06 -2.688046e-03 4.454312e-06 7.416012e-06 4.264133e-06 
1.000000e-01 1.000000e-01 2.900000e+00 2.386497e-03 5.307764e-05 2.182329e-03 7.241578e-04 1.056119e+00 5.218928e-03 -2.003208e-06 -1.197291e-06 -2.684982e-03 3.690798e-06 6.710620e-06 3.981973e-06 
1.000000e-01 1.000000e-01 3.000000e+00 2.035278e-03 5.140272e-05 1.884691e-03 6.478530e-04 1.050733e+00 4.876646e-03 -1.761604e-06 -9.715715e-07 -2.682274e-03 3.028745e-06 6.093547e-06 3.724317e-06 
