1.000000e-01 1.000000e-01 -3.000000e+00 -2.663735e-03 5.964657e-04 -2.814596e-03 2.113450e-04 1.055535e+00 6.009506e-04 -1.475459e-06 5.702096e-07 -2.685068e-03 -2.810761e-06 -3.389758e-06 -2.575834e-07 
1.000000e-01 1.000000e-01 -2.900000e+00 -3.052038e-03 6.473995e-04 -3.220300e-03 2.325190e-04 1.061449e+00 5.764246e-04 -1.635174e-06 6.464382e-07 -2.688112e-03 -2.825613e-06 -3.803710e-06 -2.719477e-07 
1.000000e-01 1.000000e-01 -2.800000e+00 -3.513484e-03 7.051608e-04 -3.701896e-03 2.566142e-04 1.068231e+00 5.498117e-04 -1.818965e-06 7.360436e-07 -2.691564e-03 -2.842424e-06 -4.286565e-06 -2.866701e-07 
1.000000e-01 1.000000e-01 -2.700000e+00 -4.065207e-03 7.710332e-04 -4.277077e-03 2.841570e-04 1.076048e+00 5.209261e-04 -2.031544e-06 8.419627e-07 -2.695494e-03 -2.861511e-06 -4.852597e-06 -3.014850e-07 
1.000000e-01 1.000000e-01 -2.600000e+00 -4.729208e-03 8.466167e-04 -4.968541e-03 3.157942e-04 1.085104e+00 4.895809e-04 -2.278780e-06 9.679139e-07 -2.699984e-03 -2.883249e-06 -5.519604e-06 -3.159847e-07 
1.000000e-01 1.000000e-01 -2.500000e+00 -5.533993e-03 9.339252e-04 -5.805674e-03 3.523270e-04 1.095656e+00 4.555994e-04 -2.568036e-06 1.118642e-06 -2.705138e-03 -2.908080e-06 -6.309935e-06 -3.295566e-07 
1.000000e-01 1.000000e-01 -2.400000e+00 -6.516863e-03 1.035520e-03 -6.826899e-03 3.947582e-04 1.108022e+00 4.188344e-04 -2.908633e-06 1.300256e-06 -2.711078e-03 -2.936525e-06 -7.251838e-06 -3.412917e-07 
1.000000e-01 1.000000e-01 -2.300000e+00 -7.727158e-03 1.154698e-03 -8.082995e-03 4.443550e-04 1.122612e+00 3.792004e-04 -3.312495e-06 1.520689e-06 -2.717956e-03 -2.969189e-06 -8.381284e-06 -3.498509e-07 
1.000000e-01 1.000000e-01 -2.200000e+00 -9.230893e-03 1.295748e-03 -9.641851e-03 5.027373e-04 1.139946e+00 3.367255e-04 -3.795026e-06 1.790351e-06 -2.725959e-03 -3.006770e-06 -9.744427e-06 -3.532682e-07 
1.000000e-01 1.000000e-01 -2.100000e+00 -1.111752e-02 1.464330e-03 -1.159538e-02 5.720030e-04 1.160699e+00 2.916376e-04 -4.376361e-06 2.123038e-06 -2.735321e-03 -3.050057e-06 -1.140099e-05 -3.486572e-07 
1.000000e-01 1.000000e-01 -2.000000e+00 -1.350992e-02 1.668013e-03 -1.406973e-02 6.549069e-04 1.185756e+00 2.445044e-04 -5.083145e-06 2.537241e-06 -2.746333e-03 -3.099905e-06 -1.342891e-05 -3.317703e-07 
1.000000e-01 1.000000e-01 -1.900000e+00 -1.657944e-02 1.917071e-03 -1.724070e-02 7.551234e-04 1.216288e+00 1.964651e-04 -5.951117e-06 3.058045e-06 -2.759362e-03 -3.157185e-06 -1.593090e-05 -2.963293e-07 
1.000000e-01 1.000000e-01 -1.800000e+00 -2.056900e-02 2.225678e-03 -2.135732e-02 8.776386e-04 1.253873e+00 1.496136e-04 -7.028925e-06 3.719907e-06 -2.774875e-03 -3.222654e-06 -1.904371e-05 -2.329963e-07 
1.000000e-01 1.000000e-01 -1.700000e+00 -2.582932e-02 2.613723e-03 -2.677892e-02 1.029349e-03 1.300661e+00 1.076449e-04 -8.383852e-06 4.570820e-06 -2.793472e-03 -3.296709e-06 -2.295148e-05 -1.277709e-07 
1.000000e-01 1.000000e-01 -1.600000e+00 -3.287728e-02 3.109631e-03 -3.403484e-02 1.219994e-03 1.359639e+00 7.695568e-05 -1.011059e-05 5.678606e-06 -2.815928e-03 -3.378887e-06 -2.790523e-05 4.054126e-08 
1.000000e-01 1.000000e-01 -1.500000e+00 -4.249225e-02 3.754838e-03 -4.392325e-02 1.463643e-03 1.435033e+00 6.855638e-05 -1.234501e-05 7.140622e-06 -2.843257e-03 -3.466923e-06 -3.425192e-05 3.043891e-07 
1.000000e-01 1.000000e-01 -1.400000e+00 -5.588081e-02 4.611028e-03 -5.768094e-02 1.781126e-03 1.532947e+00 1.014611e-04 -1.528627e-05 9.098947e-06 -2.876800e-03 -3.554931e-06 -4.247846e-05 7.140989e-07 
1.000000e-01 1.000000e-01 -1.300000e+00 -7.496882e-02 5.772139e-03 -7.728866e-02 2.204079e-03 1.662432e+00 2.088469e-04 -1.923393e-05 1.176455e-05 -2.918356e-03 -3.629938e-06 -5.327949e-05 1.348897e-06 
1.000000e-01 1.000000e-01 -1.200000e+00 -1.029383e-01 7.384804e-03 -1.060595e-01 2.781674e-03 1.837317e+00 4.495629e-04 -2.465522e-05 1.545630e-05 -2.970362e-03 -3.665327e-06 -6.766310e-05 2.335854e-06 
1.000000e-01 1.000000e-01 -1.100000e+00 -1.451839e-01 9.684264e-03 -1.499455e-01 3.589444e-03 2.079937e+00 9.288809e-04 -3.232236e-05 2.066356e-05 -3.036126e-03 -3.612013e-06 -8.711421e-05 3.884624e-06 
1.000000e-01 1.000000e-01 -1.000000e+00 -2.174231e-01 1.290204e-01 -2.229101e-01 1.442622e-01 2.437250e+00 -4.103929e-01 -4.112374e-05 2.896393e-05 -3.112631e-03 -2.936921e-06 -1.094284e-04 -9.630993e-06 
1.000000e-01 1.000000e-01 -9.000000e-01 4.674436e-03 1.318314e-02 -3.852245e-04 5.418452e-03 2.454074e-01 1.067162e-03 -5.389091e-05 2.997890e-05 -3.180826e-03 -2.204071e-06 -5.123714e-05 -9.199625e-07 
1.000000e-01 1.000000e-01 -8.000000e-01 4.707914e-03 1.255477e-02 -4.970799e-04 5.859254e-03 2.446411e-01 1.033421e-03 -5.542260e-05 2.952870e-05 -3.233028e-03 -1.868035e-06 -5.552821e-05 -1.249050e-06 
1.000000e-01 1.000000e-01 -7.000000e-01 4.653440e-03 1.178357e-02 -5.220159e-04 6.255972e-03 2.440655e-01 1.005193e-03 -5.646940e-05 2.846056e-05 -3.289258e-03 -1.625600e-06 -5.966350e-05 -1.584659e-06 
1.000000e-01 1.000000e-01 -6.000000e-01 4.522084e-03 1.087337e-02 -5.117527e-04 6.587838e-03 2.435374e-01 9.859002e-04 -5.677385e-05 2.669636e-05 -3.348928e-03 -1.521847e-06 -6.265033e-05 -1.887539e-06 
1.000000e-01 1.000000e-01 -5.000000e-01 4.301108e-03 9.839771e-03 -4.771405e-04 6.830544e-03 2.430414e-01 9.852093e-04 -5.611344e-05 2.417498e-05 -3.410219e-03 -1.586004e-06 -6.343201e-05 -2.107884e-06 
1.000000e-01 1.000000e-01 -4.000000e-01 3.979909e-03 8.714923e-03 -4.171706e-04 6.968865e-03 2.425929e-01 1.009677e-03 -5.429332e-05 2.089406e-05 -3.470142e-03 -1.817650e-06 -6.081045e-05 -2.195582e-06 
1.000000e-01 1.000000e-01 -3.000000e-01 3.556522e-03 7.542912e-03 -3.262143e-04 7.003841e-03 2.422157e-01 1.053051e-03 -5.114789e-05 1.693449e-05 -3.524517e-03 -2.173586e-06 -5.364114e-05 -2.126544e-06 
1.000000e-01 1.000000e-01 -2.000000e-01 3.038052e-03 6.361780e-03 -1.979099e-04 6.952791e-03 2.419311e-01 1.088751e-03 -4.653187e-05 1.245371e-05 -3.568280e-03 -2.572437e-06 -4.123708e-05 -1.929954e-06 
1.000000e-01 1.000000e-01 -1.000000e-01 2.438858e-03 5.179113e-03 -2.872850e-05 6.841393e-03 2.417527e-01 1.074922e-03 -4.032406e-05 7.646987e-06 -3.596306e-03 -2.920725e-06 -2.384753e-05 -1.688829e-06 
1.000000e-01 1.000000e-01 0.000000e+00 2.620795e-02 1.600288e+01 -6.831256e-02 -2.186535e+01 1.308978e-01 1.246275e-03 -2.925679e-03 6.948843e-04 2.982087e-03 -1.601029e-03 -2.640803e-04 1.425516e-06 
1.000000e-01 1.000000e-01 1.000000e-01 1.233824e-03 3.108007e-03 -8.087168e-05 5.664720e-03 2.417304e-01 7.868267e-04 -2.598106e-05 -2.300336e-06 -3.587720e-03 -5.013686e-06 1.856639e-05 -1.454595e-06 
1.000000e-01 1.000000e-01 2.000000e-01 6.658297e-04 2.089096e-03 -3.051332e-04 4.666217e-03 2.418864e-01 5.514348e-04 -1.830669e-05 -7.121391e-06 -3.551179e-03 -6.650408e-06 3.813537e-05 -1.481817e-06 
1.000000e-01 1.000000e-01 3.000000e-01 9.628880e-05 8.879714e-04 -4.909641e-04 3.744941e-03 2.421516e-01 3.303353e-04 -1.007999e-05 -1.158901e-05 -3.499178e-03 -7.998091e-06 5.329091e-05 -1.515255e-06 
1.000000e-01 1.000000e-01 4.000000e-01 -4.466528e-04 -4.491843e-04 -6.393109e-04 2.943056e-03 2.425138e-01 1.762632e-04 -2.053835e-06 -1.552346e-05 -3.437179e-03 -9.021925e-06 6.299155e-05 -1.474551e-06 
1.000000e-01 1.000000e-01 5.000000e-01 -9.367129e-04 -1.839847e-03 -7.534142e-04 2.287906e-03 2.429534e-01 1.107019e-04 5.117367e-06 -1.878125e-05 -3.370606e-03 -9.713960e-06 6.741622e-05 -1.324770e-06 
1.000000e-01 1.000000e-01 6.000000e-01 -1.356276e-03 -3.199538e-03 -8.393405e-04 1.786579e-03 2.434470e-01 1.250207e-04 1.103677e-05 -2.129063e-05 -3.303897e-03 -1.009829e-05 6.756154e-05 -1.079169e-06 
1.000000e-01 1.000000e-01 7.000000e-01 -1.699228e-03 -4.464609e-03 -9.076987e-04 1.427557e-03 2.439783e-01 1.943937e-04 1.557928e-05 -2.305783e-05 -3.240137e-03 -1.022578e-05 6.472839e-05 -7.767001e-07 
1.000000e-01 1.000000e-01 8.000000e-01 -1.966149e-03 -5.598034e-03 -9.795190e-04 1.188192e-03 2.445612e-01 2.916449e-04 1.880058e-05 -2.414413e-05 -3.181109e-03 -1.015942e-05 6.017465e-05 -4.585452e-07 
1.000000e-01 1.000000e-01 9.000000e-01 -2.139394e-03 -6.585531e-03 -1.113166e-03 1.045216e-03 2.453383e-01 3.992767e-04 2.080163e-05 -2.462911e-05 -3.127334e-03 -9.960581e-06 5.508485e-05 -1.541317e-07 
1.000000e-01 1.000000e-01 1.000000e+00 2.184608e-01 -1.211450e-01 2.195226e-01 -1.372264e-01 2.436908e+00 -3.958254e-01 2.546993e-05 -1.902716e-05 -3.066571e-03 -5.648439e-06 8.596751e-05 2.883200e-05 
1.000000e-01 1.000000e-01 1.100000e+00 1.470002e-01 -4.355943e-03 1.487619e-01 1.696883e-03 2.079614e+00 4.912340e-03 1.614370e-05 -1.649818e-05 -2.999785e-03 -6.708234e-06 6.985373e-05 5.596514e-06 
1.000000e-01 1.000000e-01 1.200000e+00 1.044135e-01 -3.049309e-03 1.051107e-01 1.636753e-03 1.837048e+00 3.984239e-03 1.080094e-05 -1.211553e-05 -2.942931e-03 -5.526208e-06 5.730341e-05 3.792107e-06 
1.000000e-01 1.000000e-01 1.300000e+00 7.618106e-02 -2.200838e-03 7.651822e-02 1.518870e-03 1.662206e+00 3.365922e-03 7.265940e-06 -9.040113e-06 -2.897353e-03 -4.740395e-06 4.735294e-05 2.606206e-06 
1.000000e-01 1.000000e-01 1.400000e+00 5.688755e-02 -1.636900e-03 5.704778e-02 1.378956e-03 1.532755e+00 2.936331e-03 4.906839e-06 -6.845849e-06 -2.860500e-03 -4.206070e-06 3.941771e-05 1.812575e-06 
1.000000e-01 1.000000e-01 1.500000e+00 4.333640e-02 -1.253859e-03 4.339702e-02 1.236972e-03 1.434868e+00 2.626101e-03 3.312701e-06 -5.255064e-06 -2.830452e-03 -3.833598e-06 3.304366e-05 1.273369e-06 
1.000000e-01 1.000000e-01 1.600000e+00 3.359131e-02 -9.881314e-04 3.359293e-02 1.102624e-03 1.359498e+00 2.394175e-03 2.222613e-06 -4.084401e-06 -2.805756e-03 -3.567900e-06 2.788690e-05 9.022073e-07 
1.000000e-01 1.000000e-01 1.700000e+00 2.643812e-02 -7.998936e-04 2.640433e-02 9.800429e-04 1.300538e+00 2.215378e-03 1.469598e-06 -3.210833e-06 -2.785310e-03 -3.374328e-06 2.368635e-05 6.437740e-07 
1.000000e-01 1.000000e-01 1.800000e+00 2.109188e-02 -6.637428e-04 2.103711e-02 8.704451e-04 1.253766e+00 2.073783e-03 9.452274e-07 -2.550501e-06 -2.768266e-03 -3.230558e-06 2.024224e-05 4.620164e-07 
1.000000e-01 1.000000e-01 1.900000e+00 1.703154e-02 -5.631967e-04 1.696489e-02 7.735790e-04 1.216194e+00 1.959011e-03 5.779752e-07 -2.045360e-06 -2.753965e-03 -3.121876e-06 1.740058e-05 3.330678e-07 
1.000000e-01 1.000000e-01 2.000000e+00 1.390325e-02 -4.873881e-04 1.383051e-02 6.885104e-04 1.185672e+00 1.864116e-03 3.199423e-07 -1.654648e-06 -2.741892e-03 -3.038384e-06 1.504181e-05 2.409032e-07 
1.000000e-01 1.000000e-01 2.100000e+00 1.146167e-02 -4.290425e-04 1.138659e-02 6.140407e-04 1.160624e+00 1.784318e-03 1.385987e-07 -1.349338e-06 -2.731641e-03 -2.973295e-06 1.307245e-05 1.746222e-07 
1.000000e-01 1.000000e-01 2.200000e+00 9.533615e-03 -3.832197e-04 9.458582e-03 5.489235e-04 1.139879e+00 1.716254e-03 1.156723e-08 -1.108492e-06 -2.722891e-03 -2.921867e-06 1.141898e-05 1.267216e-07 
1.000000e-01 1.000000e-01 2.300000e+00 7.994747e-03 -3.465181e-04 7.921273e-03 4.919725e-04 1.122551e+00 1.657493e-03 -7.672492e-08 -9.168216e-07 -2.715381e-03 -2.880732e-06 1.002321e-05 9.197974e-08 
1.000000e-01 1.000000e-01 2.400000e+00 6.754484e-03 -3.165643e-04 6.683496e-03 4.421086e-04 1.107967e+00 1.606244e-03 -1.372290e-07 -7.630362e-07 -2.708906e-03 -2.847462e-06 8.838850e-06 6.672650e-08 
1.000000e-01 1.000000e-01 2.500000e+00 5.745904e-03 -2.916805e-04 5.677940e-03 3.983756e-04 1.095606e+00 1.561157e-03 -1.777187e-07 -6.387073e-07 -2.703297e-03 -2.820277e-06 7.828850e-06 4.835828e-08 
1.000000e-01 1.000000e-01 2.600000e+00 4.918948e-03 -2.706659e-04 4.854288e-03 3.599396e-04 1.085059e+00 1.521194e-03 -2.037579e-07 -5.374794e-07 -2.698417e-03 -2.797856e-06 6.963399e-06 3.501258e-08 
1.000000e-01 1.000000e-01 2.700000e+00 4.235731e-03 -2.526497e-04 4.174482e-03 3.260796e-04 1.076006e+00 1.485545e-03 -2.193583e-07 -4.545149e-07 -2.694153e-03 -2.779207e-06 6.218388e-06 2.534691e-08 
1.000000e-01 1.000000e-01 2.800000e+00 3.667278e-03 -2.369933e-04 3.609434e-03 2.961763e-04 1.068192e+00 1.453567e-03 -2.274302e-07 -3.860990e-07 -2.690413e-03 -2.763574e-06 5.574216e-06 1.838684e-08 
1.000000e-01 1.000000e-01 2.900000e+00 3.191203e-03 -2.232222e-04 3.136686e-03 2.696991e-04 1.061413e+00 1.424740e-03 -2.300964e-07 -3.293547e-07 -2.687120e-03 -2.750374e-06 5.014871e-06 1.342070e-08 
1.000000e-01 1.000000e-01 3.000000e+00 2.790053e-03 -2.109794e-04 2.738740e-03 2.461939e-04 1.055502e+00 1.398641e-03 -2.289118e-07 -2.820365e-07 -2.684211e-03 -2.739156e-06 4.527205e-06 9.925866e-09 
