1.000000e-01 1.000000e-01 -3.000000e+00 -2.708891e-03 -2.687098e-03 -3.002101e-03 -2.090354e-04 1.057156e+00 -5.267607e-03 -2.359058e-06 1.948943e-07 -2.625229e-03 -2.620685e-06 -1.135786e-05 -4.706374e-07 
1.000000e-01 1.000000e-01 -2.900000e+00 -3.103219e-03 -2.944443e-03 -3.428667e-03 -2.036575e-04 1.063223e+00 -5.855335e-03 -2.600816e-06 2.319162e-07 -2.622497e-03 -2.604009e-06 -1.228210e-05 -4.965438e-07 
1.000000e-01 1.000000e-01 -2.800000e+00 -3.571866e-03 -3.231853e-03 -3.934161e-03 -1.932308e-04 1.070178e+00 -6.514238e-03 -2.869482e-06 2.780832e-07 -2.619426e-03 -2.582351e-06 -1.329674e-05 -5.214420e-07 
1.000000e-01 1.000000e-01 -2.700000e+00 -4.132276e-03 -3.552956e-03 -4.536817e-03 -1.759738e-04 1.078191e+00 -7.254362e-03 -3.166453e-06 3.362190e-07 -2.615964e-03 -2.554146e-06 -1.440969e-05 -5.439269e-07 
1.000000e-01 1.000000e-01 -2.600000e+00 -4.806854e-03 -3.911583e-03 -5.259986e-03 -1.494927e-04 1.087468e+00 -8.087178e-03 -3.491845e-06 4.102109e-07 -2.612052e-03 -2.517282e-06 -1.562832e-05 -5.618805e-07 
1.000000e-01 1.000000e-01 -2.500000e+00 -5.624651e-03 -4.311583e-03 -6.133847e-03 -1.105558e-04 1.098270e+00 -9.025679e-03 -3.843365e-06 5.054872e-07 -2.607617e-03 -2.468881e-06 -1.695851e-05 -5.721213e-07 
1.000000e-01 1.000000e-01 -2.400000e+00 -6.623713e-03 -4.756464e-03 -7.197788e-03 -5.477839e-05 1.110921e+00 -1.008440e-02 -4.214379e-06 6.297510e-07 -2.602574e-03 -2.404998e-06 -1.840306e-05 -5.698638e-07 
1.000000e-01 1.000000e-01 -2.300000e+00 -7.854400e-03 -5.248733e-03 -8.503765e-03 2.381633e-05 1.125836e+00 -1.127926e-02 -4.590610e-06 7.941229e-07 -2.596821e-03 -2.320186e-06 -1.995895e-05 -5.478712e-07 
1.000000e-01 1.000000e-01 -2.200000e+00 -9.384159e-03 -5.788730e-03 -1.012110e-02 1.334060e-04 1.143542e+00 -1.262709e-02 -4.944445e-06 1.014966e-06 -2.590239e-03 -2.206893e-06 -2.161277e-05 -4.951028e-07 
1.000000e-01 1.000000e-01 -2.100000e+00 -1.130448e-02 -6.372536e-03 -1.214348e-02 2.851923e-04 1.164722e+00 -1.414452e-02 -5.225010e-06 1.316863e-06 -2.582685e-03 -2.054640e-06 -2.333280e-05 -3.944998e-07 
1.000000e-01 1.000000e-01 -2.000000e+00 -1.374117e-02 -6.988275e-03 -1.469920e-02 4.944510e-04 1.190269e+00 -1.584572e-02 -5.340599e-06 1.737606e-06 -2.573992e-03 -1.849006e-06 -2.505524e-05 -2.192698e-07 
1.000000e-01 1.000000e-01 -1.900000e+00 -1.686991e-02 -7.609469e-03 -1.796666e-02 7.816671e-04 1.221367e+00 -1.773800e-02 -5.126958e-06 2.336786e-06 -2.563967e-03 -1.570667e-06 -2.665962e-05 7.353243e-08 
1.000000e-01 1.000000e-01 -1.800000e+00 -2.094012e-02 -8.182954e-03 -2.219801e-02 1.173080e-03 1.259602e+00 -1.981335e-02 -4.288785e-06 3.211041e-06 -2.552402e-03 -1.195506e-06 -2.792402e-05 5.544119e-07 
1.000000e-01 1.000000e-01 -1.700000e+00 -2.631253e-02 -8.606452e-03 -2.775621e-02 1.698247e-03 1.307141e+00 -2.203233e-02 -2.289132e-06 4.521987e-06 -2.539107e-03 -6.993016e-07 -2.844209e-05 1.342151e-06 
1.000000e-01 1.000000e-01 -1.600000e+00 -3.351971e-02 -8.686075e-03 -3.517432e-02 2.376905e-03 1.366981e+00 -2.429401e-02 1.864643e-06 6.548972e-06 -2.524032e-03 -7.813579e-08 -2.747072e-05 2.641339e-06 
1.000000e-01 1.000000e-01 -1.500000e+00 -4.336642e-02 -8.054589e-03 -4.525328e-02 3.171223e-03 1.443363e+00 -2.638406e-02 1.004085e-05 9.790685e-06 -2.507612e-03 5.812106e-07 -2.367380e-05 4.805164e-06 
1.000000e-01 1.000000e-01 -1.400000e+00 -5.710116e-02 -6.016910e-03 -5.922813e-02 3.834742e-03 1.542399e+00 -2.791044e-02 2.578654e-05 1.515722e-05 -2.491812e-03 8.828024e-07 -1.485020e-05 8.404010e-06 
1.000000e-01 1.000000e-01 -1.300000e+00 -7.671961e-02 -1.297026e-03 -7.906423e-02 3.502468e-03 1.673144e+00 -2.836710e-02 5.561184e-05 2.427682e-05 -2.482800e-03 -4.646321e-07 1.418532e-06 1.408537e-05 
1.000000e-01 1.000000e-01 -1.200000e+00 -1.055141e-01 8.106010e-03 -1.080304e-01 -1.447508e-05 1.849441e+00 -2.801698e-02 1.093333e-04 3.959415e-05 -2.495468e-03 -6.634183e-06 2.178243e-05 2.120657e-05 
1.000000e-01 1.000000e-01 -1.100000e+00 -1.490148e-01 2.354838e-02 -1.520230e-01 -9.421453e-03 2.093701e+00 -3.095978e-02 1.905211e-04 6.221504e-05 -2.548206e-03 -2.139717e-05 1.727487e-05 2.325677e-05 
1.000000e-01 1.000000e-01 -1.000000e+00 -2.262648e-01 1.734387e-01 -2.294085e-01 1.486182e-01 2.459979e+00 -4.983078e-01 2.700836e-04 8.277101e-05 -2.559969e-03 -3.049169e-05 -1.234036e-04 -1.557310e-05 
1.000000e-01 1.000000e-01 -9.000000e-01 -2.957249e-02 2.452806e-01 1.537716e-03 -1.692195e-02 2.507664e-01 9.060492e-05 4.552411e-04 1.370284e-04 -4.099413e-03 -4.328056e-05 -3.639094e-04 -1.908176e-05 
1.000000e-01 1.000000e-01 -8.000000e-01 -3.293711e-02 2.555582e-01 1.638242e-03 -3.324685e-03 2.502118e-01 -7.469897e-03 3.620777e-04 1.277534e-04 -4.226972e-03 -2.368902e-05 -4.857562e-04 -3.432159e-05 
1.000000e-01 1.000000e-01 -7.000000e-01 -3.676241e-02 2.679870e-01 2.057679e-03 4.610465e-03 2.495060e-01 -4.698224e-03 2.461894e-04 1.173612e-04 -4.423069e-03 -1.151979e-05 -5.491498e-04 -3.497321e-05 
1.000000e-01 1.000000e-01 -6.000000e-01 -4.106304e-02 2.862412e-01 2.786906e-03 5.158063e-03 2.486347e-01 5.737482e-04 1.279463e-04 1.113660e-04 -4.700135e-03 -9.476439e-06 -5.967331e-04 -3.201280e-05 
1.000000e-01 1.000000e-01 -5.000000e-01 -4.570065e-02 3.098573e-01 3.710030e-03 2.103991e-03 2.476094e-01 5.725433e-03 6.732402e-06 1.100685e-04 -5.030072e-03 -1.232242e-05 -6.342168e-04 -2.870989e-05 
1.000000e-01 1.000000e-01 -4.000000e-01 -5.039873e-02 3.369013e-01 4.714425e-03 -1.950081e-03 2.464518e-01 9.726588e-03 -1.185695e-04 1.126952e-04 -5.383351e-03 -1.658155e-05 -6.526316e-04 -2.580868e-05 
1.000000e-01 1.000000e-01 -3.000000e-01 -5.472747e-02 3.639149e-01 5.682969e-03 -5.738404e-03 2.452159e-01 1.155697e-02 -2.461944e-04 1.175424e-04 -5.727325e-03 -2.078896e-05 -6.404793e-04 -2.391868e-05 
1.000000e-01 1.000000e-01 -2.000000e-01 -5.813959e-02 3.863158e-01 6.486075e-03 -8.665311e-03 2.439773e-01 1.056486e-02 -3.681596e-04 1.224038e-04 -6.022184e-03 -2.447795e-05 -5.871457e-04 -2.324062e-05 
1.000000e-01 1.000000e-01 -1.000000e-01 -6.007247e-02 3.993953e-01 6.999525e-03 -1.047187e-02 2.428188e-01 6.768545e-03 -4.695532e-04 1.252656e-04 -6.224796e-03 -2.758161e-05 -4.889600e-04 -2.346487e-05 
1.000000e-01 1.000000e-01 0.000000e+00 -1.508556e-01 1.711983e+01 9.146304e-02 -2.220459e+01 1.289188e-01 7.908412e-03 -1.874421e-03 5.478343e-04 1.072889e-03 -5.816135e-04 -3.837288e-04 -8.978315e-06 
1.000000e-01 1.000000e-01 1.000000e-01 5.994183e-02 -3.635126e-01 -4.927056e-03 2.606781e-02 2.426467e-01 8.002508e-03 5.713871e-04 -1.146807e-04 -2.796814e-03 4.185636e-05 -3.820935e-04 -2.122433e-05 
1.000000e-01 1.000000e-01 2.000000e-01 5.794363e-02 -3.497970e-01 -4.579010e-03 2.453278e-02 2.436457e-01 1.340035e-02 4.770315e-04 -1.108950e-04 -2.834033e-03 4.141987e-05 -3.857312e-04 -1.827917e-05 
1.000000e-01 1.000000e-01 3.000000e-01 5.444023e-02 -3.266638e-01 -3.978940e-03 2.238199e-02 2.447452e-01 1.665881e-02 3.669923e-04 -1.040893e-04 -2.889776e-03 4.016302e-05 -3.650962e-04 -1.541387e-05 
1.000000e-01 1.000000e-01 4.000000e-01 4.998820e-02 -2.979645e-01 -3.236565e-03 1.980869e-02 2.458635e-01 1.788195e-02 2.587866e-04 -9.530919e-05 -2.947669e-03 3.823598e-05 -3.260148e-04 -1.280363e-05 
1.000000e-01 1.000000e-01 5.000000e-01 4.512368e-02 -2.672489e-01 -2.462413e-03 1.707459e-02 2.469252e-01 1.752924e-02 1.645041e-04 -8.559090e-05 -2.995561e-03 3.583440e-05 -2.773290e-04 -1.054154e-05 
1.000000e-01 1.000000e-01 6.000000e-01 4.026635e-02 -2.371665e-01 -1.742741e-03 1.442358e-02 2.478774e-01 1.617270e-02 8.948870e-05 -7.577502e-05 -3.027617e-03 3.315704e-05 -2.270998e-04 -8.643603e-06 
1.000000e-01 1.000000e-01 7.000000e-01 3.568916e-02 -2.093422e-01 -1.132153e-03 1.202458e-02 2.487002e-01 1.432030e-02 3.389961e-05 -6.643676e-05 -3.043241e-03 3.037599e-05 -1.807045e-04 -7.079254e-06 
1.000000e-01 1.000000e-01 8.000000e-01 3.153609e-02 -1.845400e-01 -6.635985e-04 9.957081e-03 2.494229e-01 1.233825e-02 -4.927644e-06 -5.790213e-05 -3.044853e-03 2.762172e-05 -1.407099e-04 -5.800224e-06 
1.000000e-01 1.000000e-01 9.000000e-01 2.787304e-02 -1.629068e-01 -3.821518e-04 8.211425e-03 2.502188e-01 1.043091e-02 -3.056584e-05 -5.030128e-05 -3.035826e-03 2.497252e-05 -1.075408e-04 -4.760206e-06 
1.000000e-01 1.000000e-01 1.000000e+00 2.213802e-01 -1.621919e-01 2.197146e-01 -1.431597e-01 2.448013e+00 -4.337477e-01 5.125517e-05 2.679726e-07 -2.399513e-03 1.788715e-06 -1.449918e-04 1.452242e-05 
1.000000e-01 1.000000e-01 1.100000e+00 1.491929e-01 -4.095396e-02 1.494108e-01 -9.153490e-03 2.092735e+00 -4.134677e-02 3.460811e-05 -2.836553e-06 -2.439737e-03 -2.589018e-06 -1.423547e-04 -4.994874e-06 
1.000000e-01 1.000000e-01 1.200000e+00 1.058181e-01 -3.311593e-02 1.056421e-01 -8.163533e-03 1.848704e+00 -3.707684e-02 2.605107e-05 -2.195777e-06 -2.463847e-03 -2.796675e-06 -1.283064e-04 -4.488916e-06 
1.000000e-01 1.000000e-01 1.300000e+00 7.708703e-02 -2.724865e-02 7.694817e-02 -7.219588e-03 1.672509e+00 -3.296462e-02 1.984166e-05 -1.723056e-06 -2.485669e-03 -2.919435e-06 -1.144483e-04 -4.002552e-06 
1.000000e-01 1.000000e-01 1.400000e+00 5.747444e-02 -2.275063e-02 5.739197e-02 -6.354806e-03 1.541842e+00 -2.917559e-02 1.527783e-05 -1.370873e-06 -2.505136e-03 -2.986105e-06 -1.014849e-04 -3.555228e-06 
1.000000e-01 1.000000e-01 1.500000e+00 4.371643e-02 -1.922848e-02 4.367025e-02 -5.581965e-03 1.442880e+00 -2.576816e-02 1.188392e-05 -1.104930e-06 -2.522332e-03 -3.016654e-06 -8.971887e-05 -3.153257e-06 
1.000000e-01 1.000000e-01 1.600000e+00 3.383567e-02 -1.642050e-02 3.380830e-02 -4.901678e-03 1.366568e+00 -2.274635e-02 9.331613e-06 -9.013109e-07 -2.537428e-03 -3.024472e-06 -7.923322e-05 -2.796818e-06 
1.000000e-01 1.000000e-01 1.700000e+00 2.659260e-02 -1.414762e-02 2.657297e-02 -4.308195e-03 1.306788e+00 -2.008781e-02 7.391739e-06 -7.433246e-07 -2.550632e-03 -3.018371e-06 -6.999237e-05 -2.483175e-06 
1.000000e-01 1.000000e-01 1.800000e+00 2.118636e-02 -1.228396e-02 2.116823e-02 -3.793001e-03 1.259302e+00 -1.775894e-02 5.902512e-06 -6.192059e-07 -2.562159e-03 -3.004096e-06 -6.190240e-05 -2.208352e-06 
1.000000e-01 1.000000e-01 1.900000e+00 1.708577e-02 -1.073882e-02 1.706600e-02 -3.346819e-03 1.221111e+00 -1.572283e-02 4.748433e-06 -5.205587e-07 -2.572218e-03 -2.985358e-06 -5.484579e-05 -1.968016e-06 
1.000000e-01 1.000000e-01 2.000000e+00 1.393042e-02 -9.445363e-03 1.390768e-02 -2.960646e-03 1.190051e+00 -1.394339e-02 3.846149e-06 -4.413112e-07 -2.580999e-03 -2.964527e-06 -4.870055e-05 -1.757934e-06 
1.000000e-01 1.000000e-01 2.100000e+00 1.147068e-02 -8.353411e-03 1.144468e-02 -2.626225e-03 1.164535e+00 -1.238726e-02 3.134869e-06 -3.770150e-07 -2.588673e-03 -2.943098e-06 -4.335027e-05 -1.574195e-06 
1.000000e-01 1.000000e-01 2.200000e+00 9.530512e-03 -7.424631e-03 9.501480e-03 -2.336231e-03 1.143381e+00 -1.102458e-02 2.569808e-06 -3.243700e-07 -2.595391e-03 -2.921988e-06 -3.868875e-05 -1.413292e-06 
1.000000e-01 1.000000e-01 2.300000e+00 7.983682e-03 -6.629308e-03 7.952094e-03 -2.084286e-03 1.125697e+00 -9.829119e-03 2.117654e-06 -2.808990e-07 -2.601284e-03 -2.901737e-06 -3.462166e-05 -1.272140e-06 
1.000000e-01 1.000000e-01 2.400000e+00 6.738307e-03 -5.944112e-03 6.704723e-03 -1.864903e-03 1.110801e+00 -8.778122e-03 1.753398e-06 -2.447209e-07 -2.606463e-03 -2.882643e-06 -3.106661e-05 -1.148060e-06 
1.000000e-01 1.000000e-01 2.500000e+00 5.726584e-03 -5.350510e-03 5.691558e-03 -1.673396e-03 1.098165e+00 -7.851966e-03 1.458101e-06 -2.143928e-07 -2.611027e-03 -2.864847e-06 -2.795240e-05 -1.038739e-06 
1.000000e-01 1.000000e-01 2.600000e+00 4.897842e-03 -4.833633e-03 4.861882e-03 -1.505781e-03 1.087377e+00 -7.033809e-03 1.217297e-06 -1.887966e-07 -2.615059e-03 -2.848391e-06 -2.521786e-05 -9.421889e-07 
1.000000e-01 1.000000e-01 2.700000e+00 4.213775e-03 -4.381443e-03 4.177323e-03 -1.358676e-03 1.078111e+00 -6.309229e-03 1.019851e-06 -1.670577e-07 -2.618629e-03 -2.833256e-06 -2.281067e-05 -8.567068e-07 
1.000000e-01 1.000000e-01 2.800000e+00 3.645111e-03 -3.984116e-03 3.608538e-03 -1.229213e-03 1.070108e+00 -5.665882e-03 8.571273e-07 -1.484863e-07 -2.621798e-03 -2.819384e-06 -2.068617e-05 -7.808337e-07 
1.000000e-01 1.000000e-01 2.900000e+00 3.169257e-03 -3.633573e-03 3.132868e-03 -1.114960e-03 1.063161e+00 -5.093204e-03 7.223780e-07 -1.325336e-07 -2.624618e-03 -2.806702e-06 -1.880626e-05 -7.133201e-07 
1.000000e-01 1.000000e-01 3.000000e+00 2.768616e-03 -3.323125e-03 2.732655e-03 -1.013854e-03 1.057101e+00 -4.582145e-03 6.102968e-07 -1.187600e-07 -2.627134e-03 -2.795124e-06 -1.713841e-05 -6.530952e-07 
