1.000000e-01 1.000000e-01 -3.000000e+00 -2.007319e-03 2.552666e-04 -2.006280e-03 9.239014e-06 1.038782e+00 9.856641e-04 -1.201960e-06 3.192385e-08 -2.637430e-03 -2.702222e-06 9.926858e-07 -8.938693e-09 
1.000000e-01 1.000000e-01 -2.900000e+00 -2.309566e-03 2.746486e-04 -2.308426e-03 9.644736e-06 1.043062e+00 9.840655e-04 -1.324719e-06 3.571225e-08 -2.635809e-03 -2.707443e-06 1.132719e-06 -9.776489e-09 
1.000000e-01 1.000000e-01 -2.800000e+00 -2.670918e-03 2.963736e-04 -2.669665e-03 1.006087e-05 1.047996e+00 9.822523e-04 -1.464171e-06 4.012969e-08 -2.633983e-03 -2.713464e-06 1.296147e-06 -1.071472e-08 
1.000000e-01 1.000000e-01 -2.700000e+00 -3.105769e-03 3.208453e-04 -3.104391e-03 1.048259e-05 1.053716e+00 9.801940e-04 -1.623127e-06 4.531189e-08 -2.631920e-03 -2.720446e-06 1.487503e-06 -1.176738e-08 
1.000000e-01 1.000000e-01 -2.600000e+00 -3.632757e-03 3.485609e-04 -3.631240e-03 1.090257e-05 1.060382e+00 9.778570e-04 -1.804952e-06 5.143082e-08 -2.629580e-03 -2.728589e-06 1.712309e-06 -1.295047e-08 
1.000000e-01 1.000000e-01 -2.500000e+00 -4.276241e-03 3.801385e-04 -4.274572e-03 1.130983e-05 1.068200e+00 9.752064e-04 -2.013688e-06 5.870639e-08 -2.626918e-03 -2.738147e-06 1.977309e-06 -1.428223e-08 
1.000000e-01 1.000000e-01 -2.400000e+00 -5.068391e-03 4.163547e-04 -5.066560e-03 1.168816e-05 1.077429e+00 9.722077e-04 -2.254203e-06 6.742243e-08 -2.623880e-03 -2.749441e-06 2.290759e-06 -1.578336e-08 
1.000000e-01 1.000000e-01 -2.300000e+00 -6.052154e-03 4.581973e-04 -6.050157e-03 1.201361e-05 1.088400e+00 9.688321e-04 -2.532378e-06 7.794903e-08 -2.620400e-03 -2.762886e-06 2.662785e-06 -1.747711e-08 
1.000000e-01 1.000000e-01 -2.200000e+00 -7.285556e-03 5.069393e-04 -7.283403e-03 1.225086e-05 1.101542e+00 9.650650e-04 -2.855327e-06 9.077392e-08 -2.616402e-03 -2.779020e-06 3.105825e-06 -1.938929e-08 
1.000000e-01 1.000000e-01 -2.100000e+00 -8.847999e-03 5.642441e-04 -8.845731e-03 1.234745e-05 1.117417e+00 9.609223e-04 -3.231668e-06 1.065474e-07 -2.611790e-03 -2.798553e-06 3.635158e-06 -2.154809e-08 
1.000000e-01 1.000000e-01 -2.000000e+00 -1.084966e-02 6.323202e-04 -1.084737e-02 1.222488e-05 1.136768e+00 9.564792e-04 -3.671849e-06 1.261473e-07 -2.606451e-03 -2.822428e-06 4.269539e-06 -2.398345e-08 
1.000000e-01 1.000000e-01 -1.900000e+00 -1.344573e-02 7.141504e-04 -1.344365e-02 1.176421e-05 1.160593e+00 9.519227e-04 -4.188519e-06 1.507745e-07 -2.600250e-03 -2.851921e-06 5.031930e-06 -2.672593e-08 
1.000000e-01 1.000000e-01 -1.800000e+00 -1.685845e-02 8.138408e-04 -1.685704e-02 1.078239e-05 1.190247e+00 9.476445e-04 -4.796957e-06 1.820954e-07 -2.593021e-03 -2.888781e-06 5.950301e-06 -2.980468e-08 
1.000000e-01 1.000000e-01 -1.700000e+00 -2.141194e-02 9.371622e-04 -2.141218e-02 8.992256e-06 1.227604e+00 9.444117e-04 -5.515529e-06 2.224589e-07 -2.584566e-03 -2.935443e-06 7.058428e-06 -3.324419e-08 
1.000000e-01 1.000000e-01 -1.600000e+00 -2.758844e-02 1.092413e-03 -2.759239e-02 5.932761e-06 1.275296e+00 9.436802e-04 -6.366147e-06 2.752323e-07 -2.574647e-03 -2.995365e-06 8.396538e-06 -3.705944e-08 
1.000000e-01 1.000000e-01 -1.500000e+00 -3.612185e-02 1.291832e-03 -3.613409e-02 8.430933e-07 1.337093e+00 9.481838e-04 -7.374676e-06 3.453334e-07 -2.562979e-03 -3.073545e-06 1.001151e-05 -4.124932e-08 
1.000000e-01 1.000000e-01 -1.400000e+00 -4.815802e-02 1.553972e-03 -4.818945e-02 -7.573772e-06 1.418510e+00 9.630644e-04 -8.571182e-06 4.400942e-07 -2.549224e-03 -3.177375e-06 1.195617e-05 -4.578958e-08 
1.000000e-01 1.000000e-01 -1.300000e+00 -6.553973e-02 1.907835e-03 -6.561984e-02 -2.161751e-05 1.527813e+00 9.981070e-04 -9.989869e-06 5.707047e-07 -2.532987e-03 -3.318056e-06 1.428692e-05 -5.063327e-08 
1.000000e-01 1.000000e-01 -1.200000e+00 -9.133125e-02 2.400298e-03 -9.156120e-02 -4.558546e-05 1.677779e+00 1.072313e-03 -1.166816e-05 7.547071e-07 -2.513815e-03 -3.513015e-06 1.705919e-05 -5.575792e-08 
1.000000e-01 1.000000e-01 -1.100000e+00 -1.307606e-01 3.110141e-03 -1.316732e-01 -8.829751e-05 1.889237e+00 1.223378e-03 -1.364073e-05 1.020639e-06 -2.491198e-03 -3.790102e-06 2.031877e-05 -6.121112e-08 
1.000000e-01 1.000000e-01 -1.000000e+00 -1.977209e-01 8.357850e-02 -1.979782e-01 9.540161e-02 2.205615e+00 -2.782691e-01 -1.588233e-05 4.091621e-06 -2.464829e-03 -1.799144e-06 2.336726e-05 -1.769495e-05 
1.000000e-01 1.000000e-01 -9.000000e-01 1.380570e-03 3.790634e-03 1.548078e-03 -7.378371e-05 2.256381e-01 5.026170e-04 -1.859487e-05 1.407574e-06 -2.433696e-03 -4.201665e-06 2.827631e-05 -6.475121e-08 
1.000000e-01 1.000000e-01 -8.000000e-01 1.555060e-03 3.499988e-03 1.614950e-03 -8.268015e-05 2.224500e-01 4.695820e-04 -2.159077e-05 1.329850e-06 -2.397825e-03 -4.132700e-06 3.273686e-05 -6.475749e-08 
1.000000e-01 1.000000e-01 -7.000000e-01 1.698039e-03 3.221968e-03 1.737649e-03 -9.327624e-05 2.191230e-01 4.241440e-04 -2.479690e-05 1.245123e-06 -2.357031e-03 -4.051171e-06 3.721629e-05 -5.986706e-08 
1.000000e-01 1.000000e-01 -6.000000e-01 1.804850e-03 2.956745e-03 1.843372e-03 -1.056890e-04 2.155554e-01 3.617626e-04 -2.800504e-05 1.157201e-06 -2.311770e-03 -3.957468e-06 4.112351e-05 -4.865574e-08 
1.000000e-01 1.000000e-01 -5.000000e-01 1.841055e-03 2.700497e-03 1.883662e-03 -1.200180e-04 2.118202e-01 2.778619e-04 -3.089329e-05 1.071753e-06 -2.263430e-03 -3.854599e-06 4.358398e-05 -3.107379e-08 
1.000000e-01 1.000000e-01 -4.000000e-01 1.764768e-03 2.445203e-03 1.813062e-03 -1.358663e-04 2.080938e-01 1.690021e-04 -3.308811e-05 9.962114e-07 -2.214570e-03 -3.749112e-06 4.346819e-05 -8.560878e-09 
1.000000e-01 1.000000e-01 -3.000000e-01 1.538879e-03 2.178415e-03 1.592807e-03 -1.521852e-04 2.046448e-01 3.481734e-05 -3.426476e-05 9.386389e-07 -2.168988e-03 -3.650824e-06 3.962922e-05 1.564856e-08 
1.000000e-01 1.000000e-01 -2.000000e-01 1.146156e-03 1.884459e-03 1.204549e-03 -1.671813e-04 2.018091e-01 -1.195602e-04 -3.426082e-05 9.059649e-07 -2.131411e-03 -3.571531e-06 3.133369e-05 3.696026e-08 
1.000000e-01 1.000000e-01 -1.000000e-01 6.052688e-04 1.547970e-03 6.658247e-04 -1.785158e-04 1.999310e-01 -2.818580e-04 -3.315599e-05 9.019395e-07 -2.106649e-03 -3.522710e-06 1.874749e-05 5.119252e-08 
1.000000e-01 1.000000e-01 0.000000e+00 -1.072324e-02 7.274089e+00 -2.257940e-03 -1.009084e+01 1.118867e-01 3.302645e-04 -8.365952e-06 1.378160e-05 -1.220111e-03 -1.749240e-05 -1.084373e-04 2.058487e-08 
1.000000e-01 1.000000e-01 1.000000e-01 -6.102154e-04 -1.734582e-03 -5.988840e-04 1.401025e-04 1.999292e-01 -2.576725e-04 -2.891783e-05 9.748550e-07 -2.107693e-03 -3.540659e-06 -1.281910e-05 4.436577e-08 
1.000000e-01 1.000000e-01 2.000000e-01 -1.151068e-03 -2.065932e-03 -1.140443e-03 1.294706e-04 2.018057e-01 -7.302686e-05 -2.650099e-05 1.038742e-06 -2.133272e-03 -3.603425e-06 -2.706606e-05 3.046842e-08 
1.000000e-01 1.000000e-01 3.000000e-01 -1.543695e-03 -2.351987e-03 -1.532931e-03 1.155481e-04 2.046401e-01 1.004054e-04 -2.411986e-05 1.111883e-06 -2.171299e-03 -3.690418e-06 -3.763306e-05 1.339301e-08 
1.000000e-01 1.000000e-01 4.000000e-01 -1.769404e-03 -2.608949e-03 -1.758203e-03 1.005607e-04 2.080881e-01 2.495666e-04 -2.180654e-05 1.188628e-06 -2.216942e-03 -3.789798e-06 -4.385048e-05 -2.503377e-09 
1.000000e-01 1.000000e-01 5.000000e-01 -1.845430e-03 -2.853353e-03 -1.833985e-03 8.619522e-05 2.118138e-01 3.692074e-04 -1.955639e-05 1.264898e-06 -2.265566e-03 -3.891296e-06 -4.605280e-05 -1.506788e-08 
1.000000e-01 1.000000e-01 6.000000e-01 -1.808887e-03 -3.098390e-03 -1.798580e-03 7.341292e-05 2.155486e-01 4.600824e-04 -1.738035e-05 1.337978e-06 -2.313524e-03 -3.987696e-06 -4.516275e-05 -2.375889e-08 
1.000000e-01 1.000000e-01 7.000000e-01 -1.701660e-03 -3.352620e-03 -1.697287e-03 6.254513e-05 2.191165e-01 5.262971e-04 -1.531091e-05 1.406246e-06 -2.358406e-03 -4.074981e-06 -4.225126e-05 -2.904839e-08 
1.000000e-01 1.000000e-01 8.000000e-01 -1.558172e-03 -3.620185e-03 -1.578719e-03 5.343798e-05 2.224441e-01 5.731637e-04 -1.338541e-05 1.468889e-06 -2.398913e-03 -4.151628e-06 -3.825670e-05 -3.198846e-08 
1.000000e-01 1.000000e-01 9.000000e-01 -1.383100e-03 -3.901032e-03 -1.515889e-03 4.589189e-05 2.256330e-01 6.059393e-04 -1.162826e-05 1.525246e-06 -2.434596e-03 -4.217438e-06 -3.389686e-05 -3.330681e-08 
1.000000e-01 1.000000e-01 1.000000e+00 1.977110e-01 -8.322217e-02 1.980126e-01 -9.584807e-02 2.205605e+00 -2.779562e-01 -9.894540e-06 4.184271e-06 -2.465665e-03 -1.823878e-06 -2.873960e-05 1.757393e-05 
1.000000e-01 1.000000e-01 1.100000e+00 1.307491e-01 -2.527492e-03 1.316927e-01 1.081819e-04 1.889222e+00 1.809680e-03 -8.729971e-06 1.103443e-06 -2.491911e-03 -3.802592e-06 -2.548992e-05 -2.873343e-08 
1.000000e-01 1.000000e-01 1.200000e+00 9.132242e-02 -1.914165e-03 9.157736e-02 5.520590e-05 1.677765e+00 1.518085e-03 -7.557213e-06 8.241401e-07 -2.514464e-03 -3.524329e-06 -2.186371e-05 -2.770395e-08 
1.000000e-01 1.000000e-01 1.300000e+00 6.553254e-02 -1.499167e-03 6.563441e-02 2.536284e-05 1.527801e+00 1.342438e-03 -6.546490e-06 6.289556e-07 -2.533574e-03 -3.328258e-06 -1.869865e-05 -2.594040e-08 
1.000000e-01 1.000000e-01 1.400000e+00 4.815192e-02 -1.207981e-03 4.820289e-02 7.901062e-06 1.418499e+00 1.232671e-03 -5.682637e-06 4.890334e-07 -2.549749e-03 -3.186491e-06 -1.597663e-05 -2.394821e-08 
1.000000e-01 1.000000e-01 1.500000e+00 3.611655e-02 -9.969433e-04 3.614639e-02 -2.486380e-06 1.337085e+00 1.161878e-03 -4.946330e-06 3.865353e-07 -2.563445e-03 -3.081616e-06 -1.365754e-05 -2.196147e-08 
1.000000e-01 1.000000e-01 1.600000e+00 2.758379e-02 -8.394885e-04 2.760348e-02 -8.674054e-06 1.275289e+00 1.114957e-03 -4.319155e-06 3.100122e-07 -2.575057e-03 -3.002461e-06 -1.169306e-05 -2.006852e-08 
1.000000e-01 1.000000e-01 1.700000e+00 2.140784e-02 -7.189320e-04 2.142205e-02 -1.229971e-05 1.227598e+00 1.083101e-03 -3.784559e-06 2.519096e-07 -2.584925e-03 -2.941652e-06 -1.003404e-05 -1.830511e-08 
1.000000e-01 1.000000e-01 1.800000e+00 1.685482e-02 -6.244819e-04 1.686577e-02 -1.433110e-05 1.190243e+00 1.061009e-03 -3.328108e-06 2.071204e-07 -2.593335e-03 -2.894196e-06 -8.634527e-06 -1.668377e-08 
1.000000e-01 1.000000e-01 1.900000e+00 1.344250e-02 -5.489665e-04 1.345133e-02 -1.535696e-05 1.160589e+00 1.045395e-03 -2.937449e-06 1.721183e-07 -2.600523e-03 -2.856638e-06 -7.453570e-06 -1.520523e-08 
1.000000e-01 1.000000e-01 2.000000e+00 1.084679e-02 -4.874996e-04 1.085413e-02 -1.574416e-05 1.136765e+00 1.034172e-03 -2.602139e-06 1.444225e-07 -2.606690e-03 -2.826535e-06 -6.455740e-06 -1.386403e-08 
1.000000e-01 1.000000e-01 2.100000e+00 8.845444e-03 -4.366737e-04 8.851672e-03 -1.572580e-05 1.117415e+00 1.025983e-03 -2.313419e-06 1.222573e-07 -2.611998e-03 -2.802130e-06 -5.610942e-06 -1.265146e-08 
1.000000e-01 1.000000e-01 2.200000e+00 7.283271e-03 -3.940615e-04 7.288639e-03 -1.545231e-05 1.101540e+00 1.019926e-03 -2.063974e-06 1.043325e-07 -2.616583e-03 -2.782140e-06 -4.893903e-06 -1.155739e-08 
1.000000e-01 1.000000e-01 2.300000e+00 6.050106e-03 -3.578983e-04 6.054784e-03 -1.502194e-05 1.088398e+00 1.015392e-03 -1.847711e-06 8.969734e-08 -2.620559e-03 -2.765611e-06 -4.283561e-06 -1.057126e-08 
1.000000e-01 1.000000e-01 2.400000e+00 5.066549e-03 -3.268780e-04 5.070662e-03 -1.449941e-05 1.077428e+00 1.011960e-03 -1.659554e-06 7.764190e-08 -2.624019e-03 -2.751827e-06 -3.762433e-06 -9.682736e-09 
1.000000e-01 1.000000e-01 2.500000e+00 4.274581e-03 -3.000167e-04 4.278222e-03 -1.392749e-05 1.068199e+00 1.009338e-03 -1.495275e-06 6.762988e-08 -2.627040e-03 -2.740240e-06 -3.316041e-06 -8.882011e-09 
1.000000e-01 1.000000e-01 2.600000e+00 3.631256e-03 -2.765616e-04 3.634498e-03 -1.333450e-05 1.060381e+00 1.007317e-03 -1.351348e-06 5.925161e-08 -2.629687e-03 -2.730429e-06 -2.932402e-06 -8.160010e-09 
1.000000e-01 1.000000e-01 2.700000e+00 3.104409e-03 -2.559283e-04 3.107309e-03 -1.273906e-05 1.053715e+00 1.005748e-03 -1.224822e-06 5.219091e-08 -2.632014e-03 -2.722068e-06 -2.601596e-06 -7.508440e-09 
1.000000e-01 1.000000e-01 2.800000e+00 2.669682e-03 -2.376568e-04 2.672288e-03 -1.215325e-05 1.047996e+00 1.004521e-03 -1.113226e-06 4.620139e-08 -2.634067e-03 -2.714897e-06 -2.315397e-06 -6.919808e-09 
1.000000e-01 1.000000e-01 2.900000e+00 2.308440e-03 -2.213807e-04 2.310791e-03 -1.158473e-05 1.043061e+00 1.003555e-03 -1.014481e-06 4.108935e-08 -2.635884e-03 -2.708712e-06 -2.066975e-06 -6.387389e-09 
1.000000e-01 1.000000e-01 3.000000e+00 2.006291e-03 -2.068047e-04 2.008419e-03 -1.103815e-05 1.038782e+00 1.002792e-03 -9.268376e-07 3.670122e-08 -2.637496e-03 -2.703349e-06 -1.850645e-06 -5.905173e-09 
