1.000000e-01 1.000000e-01 -3.000000e+00 -7.613026e-04 2.340871e-04 -7.677931e-04 2.180259e-07 1.015954e+00 1.007234e-03 -6.757561e-08 2.237792e-08 -2.634808e-03 -2.675411e-06 1.763281e-06 1.561932e-10 
1.000000e-01 1.000000e-01 -2.900000e+00 -8.693517e-04 2.487331e-04 -8.767001e-04 2.293278e-07 1.017582e+00 1.007875e-03 -7.687786e-08 2.471514e-08 -2.632941e-03 -2.677459e-06 1.984005e-06 1.860964e-10 
1.000000e-01 1.000000e-01 -2.800000e+00 -9.977157e-04 2.647646e-04 -1.006068e-03 2.406928e-07 1.019445e+00 1.008599e-03 -8.777153e-08 2.739760e-08 -2.630838e-03 -2.679795e-06 2.239045e-06 2.228186e-10 
1.000000e-01 1.000000e-01 -2.700000e+00 -1.151238e-03 2.823623e-04 -1.160772e-03 2.516743e-07 1.021588e+00 1.009422e-03 -1.005733e-07 3.049255e-08 -2.628462e-03 -2.682474e-06 2.534711e-06 2.681696e-10 
1.000000e-01 1.000000e-01 -2.600000e+00 -1.336179e-03 3.017388e-04 -1.347111e-03 2.615328e-07 1.024067e+00 1.010363e-03 -1.156694e-07 3.408381e-08 -2.625768e-03 -2.685563e-06 2.878627e-06 3.245088e-10 
1.000000e-01 1.000000e-01 -2.500000e+00 -1.560712e-03 3.231465e-04 -1.573309e-03 2.690628e-07 1.026951e+00 1.011449e-03 -1.335310e-07 3.827658e-08 -2.622705e-03 -2.689146e-06 3.280031e-06 3.949351e-10 
1.000000e-01 1.000000e-01 -2.400000e+00 -1.835626e-03 3.468881e-04 -1.850216e-03 2.723118e-07 1.030329e+00 1.012715e-03 -1.547331e-07 4.320424e-08 -2.619210e-03 -2.693329e-06 3.750136e-06 4.835495e-10 
1.000000e-01 1.000000e-01 -2.300000e+00 -2.175325e-03 3.733305e-04 -2.192320e-03 2.681207e-07 1.034313e+00 1.014209e-03 -1.799766e-07 4.903740e-08 -2.615208e-03 -2.698249e-06 4.302579e-06 5.958260e-10 
1.000000e-01 1.000000e-01 -2.200000e+00 -2.599279e-03 4.029259e-04 -2.619195e-03 2.513628e-07 1.039050e+00 1.015998e-03 -2.101131e-07 5.599664e-08 -2.610610e-03 -2.704082e-06 4.953957e-06 7.391402e-10 
1.000000e-01 1.000000e-01 -2.100000e+00 -3.134168e-03 4.362396e-04 -3.157661e-03 2.136645e-07 1.044730e+00 1.018178e-03 -2.461720e-07 6.437032e-08 -2.605309e-03 -2.711057e-06 5.724472e-06 9.235362e-10 
1.000000e-01 1.000000e-01 -2.000000e+00 -3.817075e-03 4.739932e-04 -3.844983e-03 1.412211e-07 1.051605e+00 1.020893e-03 -2.893864e-07 7.453993e-08 -2.599174e-03 -2.719482e-06 6.638679e-06 1.162866e-09 
1.000000e-01 1.000000e-01 -1.900000e+00 -4.700367e-03 5.171284e-04 -4.733773e-03 1.099952e-08 1.060011e+00 1.024359e-03 -3.412129e-07 8.701671e-08 -2.592049e-03 -2.729770e-06 7.726331e-06 1.476526e-09 
1.000000e-01 1.000000e-01 -1.800000e+00 -5.859254e-03 5.669073e-04 -5.899571e-03 -2.159983e-07 1.070408e+00 1.028913e-03 -4.033347e-07 1.024954e-07 -2.583746e-03 -2.742487e-06 9.023276e-06 1.892213e-09 
1.000000e-01 1.000000e-01 -1.700000e+00 -7.403768e-03 6.250716e-04 -7.452868e-03 -6.069726e-07 1.083432e+00 1.035094e-03 -4.776272e-07 1.219344e-07 -2.574037e-03 -2.758424e-06 1.057229e-05 2.450474e-09 
1.000000e-01 1.000000e-01 -1.600000e+00 -9.498123e-03 6.941057e-04 -9.558547e-03 -1.280179e-06 1.099975e+00 1.043788e-03 -5.660572e-07 1.466767e-07 -2.562648e-03 -2.778712e-06 1.242367e-05 3.212616e-09 
1.000000e-01 1.000000e-01 -1.500000e+00 -1.239262e-02 7.776827e-04 -1.246801e-02 -2.449107e-06 1.121320e+00 1.056497e-03 -6.704655e-07 1.786352e-07 -2.549251e-03 -2.804997e-06 1.463512e-05 4.274615e-09 
1.000000e-01 1.000000e-01 -1.400000e+00 -1.647702e-02 8.814492e-04 -1.657317e-02 -4.512157e-06 1.149348e+00 1.075858e-03 -7.922278e-07 2.205766e-07 -2.533458e-03 -2.839750e-06 1.727045e-05 5.787662e-09 
1.000000e-01 1.000000e-01 -1.300000e+00 -2.236902e-02 1.014449e-03 -2.249685e-02 -8.252930e-06 1.186874e+00 1.106695e-03 -9.323827e-07 2.765436e-07 -2.514815e-03 -2.886783e-06 2.039612e-05 7.938407e-09 
1.000000e-01 1.000000e-01 -1.200000e+00 -3.104577e-02 1.191712e-03 -3.122925e-02 -1.543450e-05 1.238219e+00 1.158417e-03 -1.100025e-06 3.525498e-07 -2.492815e-03 -2.952021e-06 2.407619e-05 1.026001e-08 
1.000000e-01 1.000000e-01 -1.100000e+00 -4.381995e-02 1.437545e-03 -4.411276e-02 -3.258570e-05 1.310053e+00 1.249510e-03 -1.448468e-06 4.616262e-07 -2.467032e-03 -3.039606e-06 2.830908e-05 1.086070e-09 
1.000000e-01 1.000000e-01 -1.000000e+00 -5.169630e-02 8.085211e-01 -5.482901e-02 2.767742e+00 1.415979e+00 -1.518349e+00 9.509456e-06 1.179448e-04 -2.437237e-03 7.488674e-04 3.987633e-05 -3.409855e-04 
1.000000e-01 1.000000e-01 -9.000000e-01 1.918380e-03 1.855817e-03 2.008557e-03 9.767739e-06 7.200513e-01 7.886834e-04 -1.366231e-06 6.534127e-07 -2.400735e-03 -3.167483e-06 3.822583e-05 2.844669e-08 
1.000000e-01 1.000000e-01 -8.000000e-01 2.990732e-03 1.749751e-03 3.080251e-03 7.403087e-06 7.142648e-01 7.897529e-04 -1.544050e-06 6.487247e-07 -2.359616e-03 -3.149974e-06 4.417846e-05 1.574023e-08 
1.000000e-01 1.000000e-01 -7.000000e-01 3.503137e-03 1.650089e-03 3.616715e-03 8.890142e-06 7.073971e-01 7.728311e-04 -1.418864e-06 6.535599e-07 -2.312782e-03 -3.109268e-06 4.953214e-05 2.154967e-08 
1.000000e-01 1.000000e-01 -6.000000e-01 3.783997e-03 1.548660e-03 3.930020e-03 9.924705e-06 6.997908e-01 7.510841e-04 -1.069129e-06 6.602552e-07 -2.260881e-03 -3.062159e-06 5.382274e-05 2.727850e-08 
1.000000e-01 1.000000e-01 -5.000000e-01 3.806803e-03 1.444052e-03 3.978618e-03 9.837460e-06 6.918086e-01 7.284354e-04 -4.300749e-07 6.701297e-07 -2.205419e-03 -3.010304e-06 5.594463e-05 3.150225e-08 
1.000000e-01 1.000000e-01 -4.000000e-01 3.453009e-03 1.337781e-03 3.638059e-03 7.990373e-06 6.840580e-01 7.092392e-04 5.200779e-07 6.837190e-07 -2.149203e-03 -2.956486e-06 5.452624e-05 3.321225e-08 
1.000000e-01 1.000000e-01 -3.000000e-01 2.600137e-03 1.235289e-03 2.783179e-03 3.823475e-06 6.774429e-01 6.996166e-04 1.691650e-06 7.004009e-07 -2.096520e-03 -2.905641e-06 4.826212e-05 3.126151e-08 
1.000000e-01 1.000000e-01 -2.000000e-01 1.190024e-03 1.147634e-03 1.361055e-03 -2.727677e-06 6.730998e-01 7.068117e-04 2.856406e-06 7.173664e-07 -2.052827e-03 -2.864547e-06 3.652247e-05 2.644599e-08 
1.000000e-01 1.000000e-01 -1.000000e-01 -7.466000e-04 1.094150e-03 -5.225983e-04 -9.663697e-06 6.721627e-01 7.351432e-04 3.927839e-06 7.172632e-07 -2.023336e-03 -2.837490e-06 2.026624e-05 3.929046e-08 
1.000000e-01 1.000000e-01 0.000000e+00 -6.774861e-02 -1.426729e+01 -2.423611e-01 -2.090726e+01 3.846599e-01 5.987148e-04 4.243723e-03 6.950468e-03 -2.600123e-03 -1.442961e-03 -8.949964e-04 -4.257090e-07 
1.000000e-01 1.000000e-01 1.000000e-01 -2.905013e-03 4.405115e-04 -2.975684e-03 -2.267020e-05 7.327655e-02 1.489907e-04 3.926352e-06 8.781387e-07 -2.023457e-03 -2.998110e-06 -2.034013e-05 -3.792308e-08 
1.000000e-01 1.000000e-01 2.000000e-01 -2.980058e-03 -1.389144e-04 -2.980423e-03 -2.151277e-05 7.930829e-02 2.189794e-04 2.853439e-06 1.034567e-06 -2.053034e-03 -3.179746e-06 -3.659328e-05 -2.534121e-08 
1.000000e-01 1.000000e-01 3.000000e-01 -2.910185e-03 -6.666158e-04 -2.912384e-03 -1.992844e-05 8.528477e-02 2.806620e-04 1.687564e-06 1.163780e-06 -2.096780e-03 -3.366365e-06 -4.832862e-05 -3.048487e-08 
1.000000e-01 1.000000e-01 4.000000e-01 -2.740916e-03 -1.155115e-03 -2.747671e-03 -1.758174e-05 9.100241e-02 3.329188e-04 5.152377e-07 1.280805e-06 -2.149485e-03 -3.550331e-06 -5.458780e-05 -3.282469e-08 
1.000000e-01 1.000000e-01 5.000000e-01 -2.506142e-03 -1.616973e-03 -2.515311e-03 -1.488118e-05 9.629808e-02 3.753116e-04 -4.353403e-07 1.386960e-06 -2.205693e-03 -3.723259e-06 -5.600141e-05 -3.157701e-08 
1.000000e-01 1.000000e-01 6.000000e-01 -2.237848e-03 -2.062453e-03 -2.245775e-03 -1.219328e-05 1.010785e-01 4.086971e-04 -1.074568e-06 1.482613e-06 -2.261119e-03 -3.879792e-06 -5.387543e-05 -2.800914e-08 
1.000000e-01 1.000000e-01 7.000000e-01 -1.954737e-03 -2.499021e-03 -1.958452e-03 -9.737360e-06 1.053104e-01 4.343245e-04 -1.424303e-06 1.567827e-06 -2.312958e-03 -4.017383e-06 -4.958175e-05 -2.345247e-08 
1.000000e-01 1.000000e-01 8.000000e-01 -1.637111e-03 -2.931927e-03 -1.639139e-03 -7.681728e-06 1.089942e-01 4.523357e-04 -1.549381e-06 1.642306e-06 -2.359705e-03 -4.134450e-06 -4.422605e-05 -1.986588e-08 
1.000000e-01 1.000000e-01 9.000000e-01 -1.122551e-03 -3.367194e-03 -1.132121e-03 -8.672062e-06 1.120859e-01 4.543500e-04 -1.371189e-06 1.714030e-06 -2.400712e-03 -4.211811e-06 -3.827203e-05 -3.541417e-08 
1.000000e-01 1.000000e-01 1.000000e+00 1.624288e-01 -8.101763e-01 1.676574e-01 -2.767853e+00 2.185874e+00 -1.517812e+00 1.745985e-05 2.327234e-05 -2.443453e-03 1.172675e-04 -3.645184e-05 5.718725e-05 
1.000000e-01 1.000000e-01 1.100000e+00 1.317639e-01 -2.449788e-03 1.327210e-01 9.489116e-05 1.862357e+00 1.715265e-03 -1.451623e-06 1.220261e-06 -2.466935e-03 -3.787255e-06 -2.833933e-05 5.653900e-09 
1.000000e-01 1.000000e-01 1.200000e+00 9.248257e-02 -1.865012e-03 9.305461e-02 5.079190e-05 1.646949e+00 1.446779e-03 -1.101992e-06 9.104748e-07 -2.492740e-03 -3.505099e-06 -2.409780e-05 -6.246534e-09 
1.000000e-01 1.000000e-01 1.300000e+00 6.571099e-02 -1.472313e-03 6.609378e-02 2.949003e-05 1.495168e+00 1.290198e-03 -9.337065e-07 6.955052e-07 -2.514757e-03 -3.303124e-06 -2.041185e-05 -5.662461e-09 
1.000000e-01 1.000000e-01 1.400000e+00 4.763634e-02 -1.199307e-03 4.791593e-02 1.778939e-05 1.385972e+00 1.195954e-03 -7.931513e-07 5.410591e-07 -2.533412e-03 -3.158564e-06 -1.728212e-05 -4.447140e-09 
1.000000e-01 1.000000e-01 1.500000e+00 3.521852e-02 -1.002373e-03 3.543261e-02 1.104063e-05 1.305778e+00 1.137064e-03 -6.711264e-07 4.277943e-07 -2.549214e-03 -3.052978e-06 -1.464393e-05 -3.445700e-09 
1.000000e-01 1.000000e-01 1.600000e+00 2.651111e-02 -8.554470e-04 2.667892e-02 7.012928e-06 1.245775e+00 1.099021e-03 -5.665401e-07 3.431795e-07 -2.562618e-03 -2.974328e-06 -1.243041e-05 -2.676949e-09 
1.000000e-01 1.000000e-01 1.700000e+00 2.028411e-02 -7.425043e-04 2.041740e-02 4.540068e-06 1.200118e+00 1.073692e-03 -4.779866e-07 2.788986e-07 -2.574012e-03 -2.914695e-06 -1.057752e-05 -2.091226e-09 
1.000000e-01 1.000000e-01 1.800000e+00 1.574945e-02 -6.533824e-04 1.585631e-02 2.984076e-06 1.164846e+00 1.056348e-03 -4.036064e-07 2.293199e-07 -2.583726e-03 -2.868755e-06 -9.027382e-06 -1.643801e-09 
1.000000e-01 1.000000e-01 1.900000e+00 1.239216e-02 -5.814425e-04 1.247855e-02 1.983611e-06 1.137223e+00 1.044157e-03 -3.414215e-07 1.905533e-07 -2.592032e-03 -2.832851e-06 -7.729589e-06 -1.300405e-09 
1.000000e-01 1.000000e-01 2.000000e+00 9.868905e-03 -5.222265e-04 9.939294e-03 1.327890e-06 1.115319e+00 1.035375e-03 -2.895487e-07 1.598616e-07 -2.599160e-03 -2.804426e-06 -6.641289e-06 -1.035424e-09 
1.000000e-01 1.000000e-01 2.100000e+00 7.946330e-03 -4.726616e-04 8.004120e-03 8.907417e-07 1.097753e+00 1.028902e-03 -2.462999e-07 1.352861e-07 -2.605297e-03 -2.781656e-06 -5.726582e-06 -8.297794e-10 
1.000000e-01 1.000000e-01 2.200000e+00 6.462966e-03 -4.305777e-04 6.510766e-03 5.948796e-07 1.083518e+00 1.024026e-03 -2.102152e-07 1.154028e-07 -2.610600e-03 -2.763218e-06 -4.955677e-06 -6.692378e-10 
1.000000e-01 1.000000e-01 2.300000e+00 5.305242e-03 -3.944066e-04 5.345062e-03 3.919680e-07 1.071874e+00 1.020279e-03 -1.800590e-07 9.916212e-08 -2.615199e-03 -2.748142e-06 -4.303992e-06 -5.431530e-10 
1.000000e-01 1.000000e-01 2.400000e+00 4.392057e-03 -3.629906e-04 4.425457e-03 2.511997e-07 1.062265e+00 1.017345e-03 -1.548003e-07 8.577997e-08 -2.619202e-03 -2.735705e-06 -3.751305e-06 -4.435320e-10 
1.000000e-01 1.000000e-01 2.500000e+00 3.664685e-03 -3.354583e-04 3.692883e-03 1.525951e-07 1.054271e+00 1.015010e-03 -1.335864e-07 7.466361e-08 -2.622698e-03 -2.725358e-06 -3.281004e-06 -3.643485e-10 
1.000000e-01 1.000000e-01 2.600000e+00 3.080050e-03 -3.111414e-04 3.104005e-03 8.298752e-08 1.047571e+00 1.013121e-03 -1.157155e-07 6.535996e-08 -2.625762e-03 -2.716686e-06 -2.879443e-06 -3.010373e-10 
1.000000e-01 1.000000e-01 2.700000e+00 2.606177e-03 -2.895188e-04 2.626646e-03 3.357010e-08 1.041917e+00 1.011572e-03 -1.006121e-07 5.751907e-08 -2.628457e-03 -2.709365e-06 -2.535399e-06 -2.501231e-10 
1.000000e-01 1.000000e-01 2.800000e+00 2.219067e-03 -2.701779e-04 2.236655e-03 -1.629617e-09 1.037114e+00 1.010285e-03 -8.780440e-08 5.086806e-08 -2.630834e-03 -2.703145e-06 -2.239629e-06 -2.089462e-10 
1.000000e-01 1.000000e-01 2.900000e+00 1.900519e-03 -2.527874e-04 1.915711e-03 -2.671434e-08 1.033010e+00 1.009204e-03 -7.690598e-08 4.519222e-08 -2.632937e-03 -2.697828e-06 -1.984502e-06 -1.754606e-10 
1.000000e-01 1.000000e-01 3.000000e+00 1.636599e-03 -2.370782e-04 1.649785e-03 -4.453634e-08 1.029484e+00 1.008286e-03 -6.759986e-08 4.032119e-08 -2.634804e-03 -2.693257e-06 -1.763707e-06 -1.480836e-10 
