1.000000e-01 1.000000e-01 -3.000000e+00 -1.763504e-03 2.060609e-04 -1.763096e-03 -6.305327e-07 1.031944e+00 1.007294e-03 2.187952e-08 4.351698e-08 -2.637626e-03 -2.696514e-06 1.527894e-06 1.470528e-10 
1.000000e-01 1.000000e-01 -2.900000e+00 -2.044527e-03 2.201405e-04 -2.044094e-03 -6.733776e-07 1.035718e+00 1.008167e-03 2.138908e-08 4.870234e-08 -2.636027e-03 -2.701429e-06 1.718884e-06 1.731465e-10 
1.000000e-01 1.000000e-01 -2.800000e+00 -2.383094e-03 2.358010e-04 -2.382637e-03 -7.237311e-07 1.040102e+00 1.009209e-03 2.046335e-08 5.473388e-08 -2.634225e-03 -2.707138e-06 1.939534e-06 2.048925e-10 
1.000000e-01 1.000000e-01 -2.700000e+00 -2.793744e-03 2.533101e-04 -2.793263e-03 -7.841673e-07 1.045225e+00 1.010464e-03 1.897320e-08 6.178878e-08 -2.632189e-03 -2.713807e-06 2.195288e-06 2.437227e-10 
1.000000e-01 1.000000e-01 -2.600000e+00 -3.295421e-03 2.729999e-04 -3.294923e-03 -8.584211e-07 1.051245e+00 1.011994e-03 1.675570e-08 7.008991e-08 -2.629881e-03 -2.721645e-06 2.492724e-06 2.914814e-10 
1.000000e-01 1.000000e-01 -2.500000e+00 -3.913056e-03 2.952877e-04 -3.912547e-03 -9.519885e-07 1.058365e+00 1.013882e-03 1.360598e-08 7.991998e-08 -2.627256e-03 -2.730915e-06 2.839810e-06 3.505556e-10 
1.000000e-01 1.000000e-01 -2.400000e+00 -4.679783e-03 3.207051e-04 -4.679282e-03 -1.073071e-06 1.066844e+00 1.016246e-03 9.267693e-09 9.164080e-08 -2.624261e-03 -2.741956e-06 3.246209e-06 4.240512e-10 
1.000000e-01 1.000000e-01 -2.300000e+00 -5.640134e-03 3.499392e-04 -5.639671e-03 -1.234082e-06 1.077015e+00 1.019249e-03 3.422107e-09 1.057198e-07 -2.620832e-03 -2.755205e-06 3.723668e-06 5.160301e-10 
1.000000e-01 1.000000e-01 -2.200000e+00 -6.854666e-03 3.838927e-04 -6.854295e-03 -1.454097e-06 1.089314e+00 1.023126e-03 -4.323403e-09 1.227672e-07 -2.616891e-03 -2.771232e-06 4.286474e-06 6.318289e-10 
1.000000e-01 1.000000e-01 -2.100000e+00 -8.406777e-03 4.237723e-04 -8.406600e-03 -1.762879e-06 1.104313e+00 1.028220e-03 -1.444617e-08 1.435884e-07 -2.612347e-03 -2.790792e-06 4.952000e-06 7.784876e-10 
1.000000e-01 1.000000e-01 -2.000000e+00 -1.041292e-02 4.712214e-04 -1.041312e-02 -2.207648e-06 1.122778e+00 1.035036e-03 -2.751534e-08 1.692591e-07 -2.607088e-03 -2.814893e-06 5.741337e-06 9.653248e-10 
1.000000e-01 1.000000e-01 -1.900000e+00 -1.303817e-02 5.285236e-04 -1.303908e-02 -2.864655e-06 1.145742e+00 1.044341e-03 -4.418979e-08 2.012353e-07 -2.600981e-03 -2.844906e-06 6.680008e-06 1.204698e-09 
1.000000e-01 1.000000e-01 -1.800000e+00 -1.652035e-02 5.989206e-04 -1.652261e-02 -3.859423e-06 1.174622e+00 1.057315e-03 -6.519662e-08 2.415150e-07 -2.593864e-03 -2.882712e-06 7.798710e-06 1.512987e-09 
1.000000e-01 1.000000e-01 -1.700000e+00 -2.120832e-02 6.871202e-04 -2.121317e-02 -5.402958e-06 1.211389e+00 1.075817e-03 -9.127277e-08 2.928838e-07 -2.585542e-03 -2.930946e-06 9.133993e-06 1.911810e-09 
1.000000e-01 1.000000e-01 -1.600000e+00 -2.762414e-02 8.001281e-04 -2.763413e-02 -7.858303e-06 1.258832e+00 1.102847e-03 -1.230400e-07 3.592923e-07 -2.575779e-03 -2.993356e-06 1.072870e-05 2.429314e-09 
1.000000e-01 1.000000e-01 -1.500000e+00 -3.656668e-02 9.486407e-04 -3.658720e-02 -1.186649e-05 1.320976e+00 1.143363e-03 -1.607647e-07 4.464516e-07 -2.564297e-03 -3.075384e-06 1.263180e-05 3.100927e-09 
1.000000e-01 1.000000e-01 -1.400000e+00 -4.928976e-02 1.149448e-03 -4.933340e-02 -1.859341e-05 1.403745e+00 1.205803e-03 -2.039243e-07 5.627978e-07 -2.550764e-03 -3.185104e-06 1.489710e-05 3.967049e-09 
1.000000e-01 1.000000e-01 -1.300000e+00 -6.781978e-02 1.429692e-03 -6.792010e-02 -3.023590e-05 1.516082e+00 1.304986e-03 -2.504496e-07 7.211052e-07 -2.534791e-03 -3.334799e-06 1.757984e-05 5.057559e-09 
1.000000e-01 1.000000e-01 -1.200000e+00 -9.554199e-02 1.834682e-03 -9.581267e-02 -5.113609e-05 1.671898e+00 1.467896e-03 -2.952869e-07 9.412788e-07 -2.515936e-03 -3.543680e-06 2.073009e-05 6.319269e-09 
1.000000e-01 1.000000e-01 -1.100000e+00 -1.382574e-01 2.442895e-03 -1.392916e-01 -9.061840e-05 1.894014e+00 1.745807e-03 -3.249619e-07 1.255541e-06 -2.493706e-03 -3.842533e-06 2.437979e-05 7.498299e-09 
1.000000e-01 1.000000e-01 -1.000000e+00 -2.113362e-01 8.352257e-02 -2.118185e-01 9.640379e-02 2.230389e+00 -2.787059e-01 -8.006173e-08 3.173585e-06 -2.467958e-03 -3.005733e-06 2.775414e-05 -9.361907e-06 
1.000000e-01 1.000000e-01 -9.000000e-01 1.367244e-03 3.323652e-03 1.460142e-03 1.000965e-05 1.132993e-01 4.672895e-04 -2.734464e-07 1.728941e-06 -2.437385e-03 -4.275041e-06 3.302573e-05 1.501167e-08 
1.000000e-01 1.000000e-01 -8.000000e-01 1.597095e-03 2.873573e-03 1.628879e-03 1.069032e-05 1.102183e-01 4.508492e-04 -1.353380e-07 1.664280e-06 -2.402429e-03 -4.181745e-06 3.765267e-05 1.789687e-08 
1.000000e-01 1.000000e-01 -7.000000e-01 1.841272e-03 2.418023e-03 1.860921e-03 1.198202e-05 1.067691e-01 4.304851e-04 1.621294e-07 1.590845e-06 -2.362805e-03 -4.071944e-06 4.205127e-05 2.142040e-08 
1.000000e-01 1.000000e-01 -6.000000e-01 2.102507e-03 1.955366e-03 2.120818e-03 1.367966e-05 1.028241e-01 4.047429e-04 6.783234e-07 1.507953e-06 -2.318983e-03 -3.944729e-06 4.552811e-05 2.525140e-08 
1.000000e-01 1.000000e-01 -5.000000e-01 2.364489e-03 1.481017e-03 2.384423e-03 1.556309e-05 9.834434e-02 3.720015e-04 1.464773e-06 1.414688e-06 -2.272273e-03 -3.799890e-06 4.714582e-05 2.841971e-08 
1.000000e-01 1.000000e-01 -4.000000e-01 2.601832e-03 9.878821e-04 2.624397e-03 1.739725e-05 9.334533e-02 3.308531e-04 2.527849e-06 1.310400e-06 -2.225056e-03 -3.639208e-06 4.579144e-05 2.979670e-08 
1.000000e-01 1.000000e-01 -3.000000e-01 2.783698e-03 4.664438e-04 2.809058e-03 1.883735e-05 8.790437e-02 2.805436e-04 3.781837e-06 1.194778e-06 -2.180904e-03 -3.467195e-06 4.043542e-05 2.816317e-08 
1.000000e-01 1.000000e-01 -2.000000e-01 2.879674e-03 -9.468440e-05 2.907549e-03 1.944896e-05 8.216605e-02 2.215517e-04 5.020860e-06 1.068006e-06 -2.144306e-03 -3.291200e-06 3.056513e-05 2.269348e-08 
1.000000e-01 1.000000e-01 -1.000000e-01 2.868948e-03 -7.074194e-04 2.898740e-03 1.882910e-05 7.633293e-02 1.560622e-04 5.950243e-06 9.310832e-07 -2.119897e-03 -3.120560e-06 1.663608e-05 1.414522e-08 
1.000000e-01 1.000000e-01 0.000000e+00 -3.655734e-03 3.722445e+00 1.375638e-03 -5.017146e+00 4.038524e-02 8.932836e-05 -3.900024e-04 4.841711e-04 -1.745618e-03 -1.795355e-03 -1.171675e-04 -8.783138e-08 
1.000000e-01 1.000000e-01 1.000000e-01 1.068358e-03 -1.337205e-03 1.100902e-03 1.056862e-05 7.025330e-01 8.217828e-04 5.961958e-06 7.711752e-07 -2.119764e-03 -2.960436e-06 -1.606420e-05 -1.165162e-08 
1.000000e-01 1.000000e-01 2.000000e-01 -4.332128e-04 -1.344594e-03 -4.001138e-04 4.665144e-06 7.020738e-01 7.869577e-04 5.042634e-06 7.532478e-07 -2.144077e-03 -2.976136e-06 -3.001916e-05 -2.033438e-08 
1.000000e-01 1.000000e-01 3.000000e-01 -1.566220e-03 -1.386931e-03 -1.532129e-03 -1.418276e-07 7.043360e-01 7.720613e-04 3.810819e-06 7.345258e-07 -2.180613e-03 -3.006624e-06 -3.992831e-05 -2.601736e-08 
1.000000e-01 1.000000e-01 4.000000e-01 -2.264035e-03 -1.449983e-03 -2.229889e-03 -3.302706e-06 7.084329e-01 7.719549e-04 2.560817e-06 7.169905e-07 -2.224740e-03 -3.045560e-06 -4.533093e-05 -2.790293e-08 
1.000000e-01 1.000000e-01 5.000000e-01 -2.568222e-03 -1.523978e-03 -2.535216e-03 -4.877509e-06 7.134798e-01 7.807732e-04 1.498869e-06 7.019960e-07 -2.271962e-03 -3.087154e-06 -4.673460e-05 -2.678571e-08 
1.000000e-01 1.000000e-01 6.000000e-01 -2.578698e-03 -1.603425e-03 -2.549028e-03 -5.248846e-06 7.187694e-01 7.936227e-04 7.114545e-07 6.901080e-07 -2.318708e-03 -3.127202e-06 -4.516486e-05 -2.388798e-08 
1.000000e-01 1.000000e-01 7.000000e-01 -2.406920e-03 -1.685896e-03 -2.386762e-03 -4.856038e-06 7.238374e-01 8.072877e-04 1.930361e-07 6.812217e-07 -2.362593e-03 -3.163336e-06 -4.173211e-05 -2.041818e-08 
1.000000e-01 1.000000e-01 8.000000e-01 -2.144334e-03 -1.770561e-03 -2.158088e-03 -3.994545e-06 7.284628e-01 8.202800e-04 -1.071838e-07 6.745858e-07 -2.402307e-03 -3.194708e-06 -3.737239e-05 -1.755900e-08 
1.000000e-01 1.000000e-01 9.000000e-01 -1.828059e-03 -1.857228e-03 -1.990720e-03 -7.127075e-07 7.327334e-01 8.335833e-04 -2.473489e-07 6.682540e-07 -2.437377e-03 -3.222016e-06 -3.277846e-05 -1.556664e-08 
1.000000e-01 1.000000e-01 1.000000e+00 6.987369e-02 -8.195991e-02 6.959856e-02 -9.648320e-02 1.444612e+00 -2.795384e-01 -2.570721e-07 8.571982e-06 -2.468367e-03 3.898486e-06 -2.768332e-05 5.390178e-05 
1.000000e-01 1.000000e-01 1.100000e+00 4.659273e-02 -1.434251e-03 4.686205e-02 3.315950e-05 1.333129e+00 1.268740e-03 -3.068395e-07 4.861356e-07 -2.493786e-03 -3.078081e-06 -2.420157e-05 -6.330909e-09 
1.000000e-01 1.000000e-01 1.200000e+00 3.280760e-02 -1.172743e-03 3.288546e-02 1.870403e-05 1.257498e+00 1.175994e-03 -2.810643e-07 3.754060e-07 -2.515997e-03 -2.979800e-06 -2.058084e-05 -5.783320e-09 
1.000000e-01 1.000000e-01 1.300000e+00 2.374925e-02 -9.859028e-04 2.378495e-02 1.155076e-05 1.203354e+00 1.120404e-03 -2.389324e-07 2.957552e-07 -2.534837e-03 -2.910433e-06 -1.745374e-05 -4.808010e-09 
1.000000e-01 1.000000e-01 1.400000e+00 1.761310e-02 -8.465574e-04 1.763419e-02 7.593430e-06 1.163524e+00 1.085935e-03 -1.944823e-07 2.371151e-07 -2.550800e-03 -2.859941e-06 -1.478972e-05 -3.828307e-09 
1.000000e-01 1.000000e-01 1.500000e+00 1.334059e-02 -7.388640e-04 1.335504e-02 5.293106e-06 1.133569e+00 1.063730e-03 -1.529604e-07 1.930540e-07 -2.564326e-03 -2.822260e-06 -1.253971e-05 -3.008217e-09 
1.000000e-01 1.000000e-01 1.600000e+00 1.029335e-02 -6.531247e-04 1.030418e-02 3.901645e-06 1.110603e+00 1.048895e-03 -1.165460e-07 1.593288e-07 -2.575802e-03 -2.793524e-06 -1.064923e-05 -2.358945e-09 
1.000000e-01 1.000000e-01 1.700000e+00 8.073457e-03 -5.831793e-04 8.082018e-03 3.026527e-06 1.092694e+00 1.038637e-03 -8.583657e-08 1.330842e-07 -2.585560e-03 -2.771192e-06 -9.065016e-06 -1.854498e-09 
1.000000e-01 1.000000e-01 1.800000e+00 6.425430e-03 -5.249731e-04 6.432430e-03 2.453638e-06 1.078515e+00 1.031309e-03 -6.062039e-08 1.123565e-07 -2.593880e-03 -2.753545e-06 -7.738517e-06 -1.464645e-09 
1.000000e-01 1.000000e-01 1.900000e+00 5.181030e-03 -4.757454e-04 5.186878e-03 2.062722e-06 1.067137e+00 1.025917e-03 -4.031695e-08 9.576726e-08 -2.600994e-03 -2.739394e-06 -6.627217e-06 -1.163218e-09 
1.000000e-01 1.000000e-01 2.000000e+00 4.226917e-03 -4.335568e-04 4.231876e-03 1.784496e-06 1.057895e+00 1.021838e-03 -2.422104e-08 8.233019e-08 -2.607099e-03 -2.727898e-06 -5.694820e-06 -9.294181e-10 
1.000000e-01 1.000000e-01 2.100000e+00 3.485167e-03 -3.970045e-04 3.489417e-03 1.578090e-06 1.050305e+00 1.018676e-03 -1.163027e-08 7.132768e-08 -2.612356e-03 -2.718451e-06 -4.910830e-06 -7.472417e-10 
1.000000e-01 1.000000e-01 2.200000e+00 2.901205e-03 -3.650466e-04 2.904877e-03 1.418852e-06 1.044010e+00 1.016171e-03 -1.905147e-09 6.222943e-08 -2.616899e-03 -2.710605e-06 -4.249887e-06 -6.045361e-10 
1.000000e-01 1.000000e-01 2.300000e+00 2.436157e-03 -3.368912e-04 2.439352e-03 1.291578e-06 1.038743e+00 1.014148e-03 5.508199e-09 5.463796e-08 -2.620838e-03 -2.704029e-06 -3.691026e-06 -4.921131e-10 
1.000000e-01 1.000000e-01 2.400000e+00 2.061902e-03 -3.119231e-04 2.064698e-03 1.186684e-06 1.034298e+00 1.012487e-03 1.107498e-08 4.825147e-08 -2.624267e-03 -2.698470e-06 -3.216979e-06 -4.030274e-10 
1.000000e-01 1.000000e-01 2.500000e+00 1.757804e-03 -2.896562e-04 1.760264e-03 1.097988e-06 1.030520e+00 1.011103e-03 1.517815e-08 4.283807e-08 -2.627261e-03 -2.693735e-06 -2.813544e-06 -3.320176e-10 
1.000000e-01 1.000000e-01 2.600000e+00 1.508520e-03 -2.696997e-04 1.510694e-03 1.021408e-06 1.027287e+00 1.009936e-03 1.812870e-08 3.821760e-08 -2.629886e-03 -2.689675e-06 -2.469046e-06 -2.750837e-10 
1.000000e-01 1.000000e-01 2.700000e+00 1.302500e-03 -2.517353e-04 1.304430e-03 9.541834e-07 1.024502e+00 1.008942e-03 2.017676e-08 3.424864e-08 -2.632193e-03 -2.686170e-06 -2.173874e-06 -2.291718e-10 
1.000000e-01 1.000000e-01 2.800000e+00 1.130953e-03 -2.355005e-04 1.132673e-03 8.943934e-07 1.022089e+00 1.008086e-03 2.152216e-08 3.081914e-08 -2.634229e-03 -2.683128e-06 -1.920111e-06 -1.919388e-10 
1.000000e-01 1.000000e-01 2.900000e+00 9.871140e-04 -2.207765e-04 9.886524e-04 8.406690e-07 1.019988e+00 1.007344e-03 2.232372e-08 2.783954e-08 -2.636030e-03 -2.680473e-06 -1.701219e-06 -1.615776e-10 
1.000000e-01 1.000000e-01 3.000000e+00 8.657289e-04 -2.073795e-04 8.671099e-04 7.920058e-07 1.018149e+00 1.006696e-03 2.270723e-08 2.523765e-08 -2.637629e-03 -2.678145e-06 -1.511784e-06 -1.366876e-10 
