1.000000e-01 1.000000e-01 -3.000000e+00 -1.636599e-03 2.370782e-04 -1.649785e-03 4.453564e-08 1.029484e+00 1.008286e-03 -6.759978e-08 4.032119e-08 -2.634804e-03 -2.693257e-06 1.763707e-06 1.480854e-10 
1.000000e-01 1.000000e-01 -2.900000e+00 -1.900519e-03 2.527874e-04 -1.915711e-03 2.671359e-08 1.033010e+00 1.009204e-03 -7.690589e-08 4.519222e-08 -2.632937e-03 -2.697828e-06 1.984502e-06 1.754626e-10 
1.000000e-01 1.000000e-01 -2.800000e+00 -2.219067e-03 2.701779e-04 -2.236655e-03 1.628828e-09 1.037114e+00 1.010285e-03 -8.780430e-08 5.086807e-08 -2.630834e-03 -2.703145e-06 2.239628e-06 2.089484e-10 
1.000000e-01 1.000000e-01 -2.700000e+00 -2.606177e-03 2.895188e-04 -2.626646e-03 -3.357094e-08 1.041917e+00 1.011572e-03 -1.006120e-07 5.751908e-08 -2.628457e-03 -2.709365e-06 2.535398e-06 2.501255e-10 
1.000000e-01 1.000000e-01 -2.600000e+00 -3.080050e-03 3.111414e-04 -3.104005e-03 -8.298842e-08 1.047571e+00 1.013121e-03 -1.157154e-07 6.535997e-08 -2.625762e-03 -2.716686e-06 2.879442e-06 3.010400e-10 
1.000000e-01 1.000000e-01 -2.500000e+00 -3.664685e-03 3.354584e-04 -3.692883e-03 -1.525961e-07 1.054271e+00 1.015010e-03 -1.335863e-07 7.466362e-08 -2.622698e-03 -2.725358e-06 3.281003e-06 3.643515e-10 
1.000000e-01 1.000000e-01 -2.400000e+00 -4.392057e-03 3.629906e-04 -4.425457e-03 -2.512007e-07 1.062265e+00 1.017345e-03 -1.548002e-07 8.577997e-08 -2.619202e-03 -2.735705e-06 3.751304e-06 4.435353e-10 
1.000000e-01 1.000000e-01 -2.300000e+00 -5.305242e-03 3.944066e-04 -5.345062e-03 -3.919691e-07 1.071874e+00 1.020279e-03 -1.800588e-07 9.916213e-08 -2.615199e-03 -2.748142e-06 4.303990e-06 5.431566e-10 
1.000000e-01 1.000000e-01 -2.200000e+00 -6.462966e-03 4.305777e-04 -6.510766e-03 -5.948807e-07 1.083518e+00 1.024026e-03 -2.102150e-07 1.154028e-07 -2.610600e-03 -2.763218e-06 4.955676e-06 6.692418e-10 
1.000000e-01 1.000000e-01 -2.100000e+00 -7.946330e-03 4.726616e-04 -8.004120e-03 -8.907429e-07 1.097753e+00 1.028902e-03 -2.462997e-07 1.352861e-07 -2.605297e-03 -2.781656e-06 5.726581e-06 8.297840e-10 
1.000000e-01 1.000000e-01 -2.000000e+00 -9.868905e-03 5.222265e-04 -9.939294e-03 -1.327891e-06 1.115319e+00 1.035375e-03 -2.895484e-07 1.598616e-07 -2.599160e-03 -2.804426e-06 6.641287e-06 1.035429e-09 
1.000000e-01 1.000000e-01 -1.900000e+00 -1.239216e-02 5.814425e-04 -1.247855e-02 -1.983612e-06 1.137223e+00 1.044157e-03 -3.414212e-07 1.905533e-07 -2.592032e-03 -2.832851e-06 7.729587e-06 1.300410e-09 
1.000000e-01 1.000000e-01 -1.800000e+00 -1.574945e-02 6.533824e-04 -1.585631e-02 -2.984078e-06 1.164846e+00 1.056348e-03 -4.036060e-07 2.293199e-07 -2.583726e-03 -2.868755e-06 9.027380e-06 1.643807e-09 
1.000000e-01 1.000000e-01 -1.700000e+00 -2.028411e-02 7.425044e-04 -2.041740e-02 -4.540070e-06 1.200118e+00 1.073692e-03 -4.779861e-07 2.788987e-07 -2.574012e-03 -2.914695e-06 1.057752e-05 2.091233e-09 
1.000000e-01 1.000000e-01 -1.600000e+00 -2.651111e-02 8.554470e-04 -2.667892e-02 -7.012930e-06 1.245775e+00 1.099021e-03 -5.665396e-07 3.431795e-07 -2.562618e-03 -2.974328e-06 1.243041e-05 2.676957e-09 
1.000000e-01 1.000000e-01 -1.500000e+00 -3.521852e-02 1.002373e-03 -3.543261e-02 -1.104063e-05 1.305778e+00 1.137064e-03 -6.711258e-07 4.277943e-07 -2.549214e-03 -3.052978e-06 1.464393e-05 3.445709e-09 
1.000000e-01 1.000000e-01 -1.400000e+00 -4.763634e-02 1.199307e-03 -4.791593e-02 -1.778939e-05 1.385972e+00 1.195954e-03 -7.931506e-07 5.410591e-07 -2.533412e-03 -3.158564e-06 1.728212e-05 4.447149e-09 
1.000000e-01 1.000000e-01 -1.300000e+00 -6.571099e-02 1.472313e-03 -6.609378e-02 -2.949004e-05 1.495168e+00 1.290198e-03 -9.337057e-07 6.955052e-07 -2.514757e-03 -3.303124e-06 2.041185e-05 5.662471e-09 
1.000000e-01 1.000000e-01 -1.200000e+00 -9.248257e-02 1.865012e-03 -9.305461e-02 -5.079190e-05 1.646949e+00 1.446779e-03 -1.101991e-06 9.104748e-07 -2.492740e-03 -3.505099e-06 2.409780e-05 6.246544e-09 
1.000000e-01 1.000000e-01 -1.100000e+00 -1.317639e-01 2.449788e-03 -1.327210e-01 -9.489118e-05 1.862357e+00 1.715265e-03 -1.451622e-06 1.220261e-06 -2.466935e-03 -3.787255e-06 2.833933e-05 -5.653893e-09 
1.000000e-01 1.000000e-01 -1.000000e+00 -1.624288e-01 8.101763e-01 -1.676574e-01 2.767853e+00 2.185874e+00 -1.517812e+00 1.745985e-05 2.327234e-05 -2.443453e-03 1.172675e-04 3.645183e-05 -5.718725e-05 
1.000000e-01 1.000000e-01 -9.000000e-01 1.122551e-03 3.367194e-03 1.132121e-03 8.672046e-06 1.120859e-01 4.543500e-04 -1.371188e-06 1.714030e-06 -2.400712e-03 -4.211811e-06 3.827203e-05 3.541419e-08 
1.000000e-01 1.000000e-01 -8.000000e-01 1.637111e-03 2.931927e-03 1.639138e-03 7.681720e-06 1.089942e-01 4.523357e-04 -1.549380e-06 1.642306e-06 -2.359705e-03 -4.134450e-06 4.422606e-05 1.986590e-08 
1.000000e-01 1.000000e-01 -7.000000e-01 1.954737e-03 2.499021e-03 1.958452e-03 9.737352e-06 1.053104e-01 4.343245e-04 -1.424302e-06 1.567827e-06 -2.312958e-03 -4.017383e-06 4.958175e-05 2.345248e-08 
1.000000e-01 1.000000e-01 -6.000000e-01 2.237848e-03 2.062453e-03 2.245775e-03 1.219327e-05 1.010785e-01 4.086971e-04 -1.074566e-06 1.482613e-06 -2.261119e-03 -3.879791e-06 5.387544e-05 2.800915e-08 
1.000000e-01 1.000000e-01 -5.000000e-01 2.506142e-03 1.616973e-03 2.515311e-03 1.488117e-05 9.629808e-02 3.753116e-04 -4.353385e-07 1.386960e-06 -2.205693e-03 -3.723259e-06 5.600142e-05 3.157701e-08 
1.000000e-01 1.000000e-01 -4.000000e-01 2.740916e-03 1.155115e-03 2.747671e-03 1.758173e-05 9.100241e-02 3.329188e-04 5.152394e-07 1.280805e-06 -2.149485e-03 -3.550331e-06 5.458781e-05 3.282469e-08 
1.000000e-01 1.000000e-01 -3.000000e-01 2.910185e-03 6.666158e-04 2.912384e-03 1.992843e-05 8.528477e-02 2.806620e-04 1.687565e-06 1.163780e-06 -2.096780e-03 -3.366365e-06 4.832863e-05 3.048486e-08 
1.000000e-01 1.000000e-01 -2.000000e-01 2.980058e-03 1.389144e-04 2.980423e-03 2.151275e-05 7.930829e-02 2.189794e-04 2.853440e-06 1.034567e-06 -2.053034e-03 -3.179746e-06 3.659330e-05 2.534120e-08 
1.000000e-01 1.000000e-01 -1.000000e-01 2.905013e-03 -4.405114e-04 2.975684e-03 2.267018e-05 7.327655e-02 1.489907e-04 3.926353e-06 8.781387e-07 -2.023457e-03 -2.998110e-06 2.034014e-05 3.792307e-08 
1.000000e-01 1.000000e-01 0.000000e+00 -5.250070e-03 -1.426748e+00 -2.272597e-02 -2.090715e+00 4.098495e-02 4.339833e-05 -4.241140e-03 -6.949602e-03 2.986380e-04 1.439716e-03 -8.949293e-04 -4.259550e-07 
1.000000e-01 1.000000e-01 1.000000e-01 7.465998e-04 -1.094150e-03 5.225972e-04 9.663683e-06 6.721627e-01 7.351433e-04 3.927840e-06 7.172632e-07 -2.023336e-03 -2.837490e-06 -2.026622e-05 -3.929049e-08 
1.000000e-01 1.000000e-01 2.000000e-01 -1.190024e-03 -1.147634e-03 -1.361057e-03 2.727666e-06 6.730998e-01 7.068117e-04 2.856407e-06 7.173664e-07 -2.052827e-03 -2.864547e-06 -3.652245e-05 -2.644602e-08 
1.000000e-01 1.000000e-01 3.000000e-01 -2.600137e-03 -1.235289e-03 -2.783181e-03 -3.823483e-06 6.774429e-01 6.996166e-04 1.691651e-06 7.004009e-07 -2.096520e-03 -2.905641e-06 -4.826211e-05 -3.126153e-08 
1.000000e-01 1.000000e-01 4.000000e-01 -3.453009e-03 -1.337781e-03 -3.638062e-03 -7.990377e-06 6.840580e-01 7.092392e-04 5.200783e-07 6.837189e-07 -2.149203e-03 -2.956486e-06 -5.452622e-05 -3.321227e-08 
1.000000e-01 1.000000e-01 5.000000e-01 -3.806803e-03 -1.444052e-03 -3.978621e-03 -9.837463e-06 6.918086e-01 7.284354e-04 -4.300748e-07 6.701296e-07 -2.205419e-03 -3.010304e-06 -5.594462e-05 -3.150226e-08 
1.000000e-01 1.000000e-01 6.000000e-01 -3.783998e-03 -1.548660e-03 -3.930023e-03 -9.924706e-06 6.997908e-01 7.510841e-04 -1.069129e-06 6.602552e-07 -2.260881e-03 -3.062159e-06 -5.382273e-05 -2.727852e-08 
1.000000e-01 1.000000e-01 7.000000e-01 -3.503137e-03 -1.650089e-03 -3.616718e-03 -8.890144e-06 7.073971e-01 7.728311e-04 -1.418864e-06 6.535599e-07 -2.312782e-03 -3.109268e-06 -4.953214e-05 -2.154969e-08 
1.000000e-01 1.000000e-01 8.000000e-01 -2.990732e-03 -1.749751e-03 -3.080254e-03 -7.403092e-06 7.142648e-01 7.897529e-04 -1.544050e-06 6.487247e-07 -2.359616e-03 -3.149974e-06 -4.417846e-05 -1.574028e-08 
1.000000e-01 1.000000e-01 9.000000e-01 -1.918381e-03 -1.855817e-03 -2.008559e-03 -9.767754e-06 7.200513e-01 7.886834e-04 -1.366232e-06 6.534126e-07 -2.400735e-03 -3.167483e-06 -3.822583e-05 -2.844690e-08 
1.000000e-01 1.000000e-01 1.000000e+00 5.169630e-02 -8.085211e-01 5.482901e-02 -2.767742e+00 1.415979e+00 -1.518349e+00 9.509456e-06 1.179448e-04 -2.437238e-03 7.488674e-04 -3.987633e-05 3.409856e-04 
1.000000e-01 1.000000e-01 1.100000e+00 4.381995e-02 -1.437545e-03 4.411276e-02 3.258569e-05 1.310053e+00 1.249510e-03 -1.448468e-06 4.616261e-07 -2.467032e-03 -3.039606e-06 -2.830908e-05 -1.085948e-09 
1.000000e-01 1.000000e-01 1.200000e+00 3.104577e-02 -1.191712e-03 3.122925e-02 1.543449e-05 1.238219e+00 1.158417e-03 -1.100025e-06 3.525497e-07 -2.492815e-03 -2.952021e-06 -2.407620e-05 -1.025997e-08 
1.000000e-01 1.000000e-01 1.300000e+00 2.236902e-02 -1.014449e-03 2.249685e-02 8.252929e-06 1.186874e+00 1.106695e-03 -9.323830e-07 2.765436e-07 -2.514815e-03 -2.886783e-06 -2.039613e-05 -7.938389e-09 
1.000000e-01 1.000000e-01 1.400000e+00 1.647702e-02 -8.814492e-04 1.657317e-02 4.512157e-06 1.149348e+00 1.075858e-03 -7.922280e-07 2.205765e-07 -2.533458e-03 -2.839750e-06 -1.727045e-05 -5.787651e-09 
1.000000e-01 1.000000e-01 1.500000e+00 1.239262e-02 -7.776827e-04 1.246801e-02 2.449107e-06 1.121320e+00 1.056497e-03 -6.704656e-07 1.786352e-07 -2.549251e-03 -2.804997e-06 -1.463512e-05 -4.274606e-09 
1.000000e-01 1.000000e-01 1.600000e+00 9.498122e-03 -6.941057e-04 9.558546e-03 1.280179e-06 1.099975e+00 1.043788e-03 -5.660573e-07 1.466767e-07 -2.562648e-03 -2.778712e-06 -1.242367e-05 -3.212609e-09 
1.000000e-01 1.000000e-01 1.700000e+00 7.403768e-03 -6.250716e-04 7.452867e-03 6.069726e-07 1.083431e+00 1.035094e-03 -4.776273e-07 1.219344e-07 -2.574037e-03 -2.758424e-06 -1.057229e-05 -2.450468e-09 
1.000000e-01 1.000000e-01 1.800000e+00 5.859254e-03 -5.669073e-04 5.899570e-03 2.159984e-07 1.070408e+00 1.028913e-03 -4.033347e-07 1.024954e-07 -2.583746e-03 -2.742486e-06 -9.023278e-06 -1.892207e-09 
1.000000e-01 1.000000e-01 1.900000e+00 4.700367e-03 -5.171284e-04 4.733772e-03 -1.099929e-08 1.060011e+00 1.024359e-03 -3.412130e-07 8.701670e-08 -2.592049e-03 -2.729770e-06 -7.726333e-06 -1.476522e-09 
1.000000e-01 1.000000e-01 2.000000e+00 3.817075e-03 -4.739932e-04 3.844983e-03 -1.412208e-07 1.051605e+00 1.020893e-03 -2.893864e-07 7.453992e-08 -2.599174e-03 -2.719482e-06 -6.638681e-06 -1.162862e-09 
1.000000e-01 1.000000e-01 2.100000e+00 3.134168e-03 -4.362396e-04 3.157660e-03 -2.136642e-07 1.044730e+00 1.018178e-03 -2.461720e-07 6.437031e-08 -2.605309e-03 -2.711057e-06 -5.724474e-06 -9.235323e-10 
1.000000e-01 1.000000e-01 2.200000e+00 2.599279e-03 -4.029259e-04 2.619195e-03 -2.513624e-07 1.039050e+00 1.015998e-03 -2.101131e-07 5.599663e-08 -2.610610e-03 -2.704082e-06 -4.953959e-06 -7.391365e-10 
1.000000e-01 1.000000e-01 2.300000e+00 2.175325e-03 -3.733305e-04 2.192319e-03 -2.681203e-07 1.034313e+00 1.014209e-03 -1.799766e-07 4.903739e-08 -2.615208e-03 -2.698249e-06 -4.302580e-06 -5.958227e-10 
1.000000e-01 1.000000e-01 2.400000e+00 1.835626e-03 -3.468881e-04 1.850216e-03 -2.723114e-07 1.030329e+00 1.012715e-03 -1.547331e-07 4.320423e-08 -2.619210e-03 -2.693329e-06 -3.750137e-06 -4.835464e-10 
1.000000e-01 1.000000e-01 2.500000e+00 1.560712e-03 -3.231465e-04 1.573308e-03 -2.690623e-07 1.026951e+00 1.011449e-03 -1.335310e-07 3.827658e-08 -2.622705e-03 -2.689146e-06 -3.280032e-06 -3.949323e-10 
1.000000e-01 1.000000e-01 2.600000e+00 1.336179e-03 -3.017388e-04 1.347111e-03 -2.615323e-07 1.024067e+00 1.010363e-03 -1.156694e-07 3.408380e-08 -2.625768e-03 -2.685563e-06 -2.878628e-06 -3.245063e-10 
1.000000e-01 1.000000e-01 2.700000e+00 1.151238e-03 -2.823623e-04 1.160772e-03 -2.516738e-07 1.021588e+00 1.009422e-03 -1.005733e-07 3.049255e-08 -2.628462e-03 -2.682474e-06 -2.534712e-06 -2.681673e-10 
1.000000e-01 1.000000e-01 2.800000e+00 9.977156e-04 -2.647646e-04 1.006068e-03 -2.406924e-07 1.019445e+00 1.008599e-03 -8.777150e-08 2.739759e-08 -2.630838e-03 -2.679795e-06 -2.239046e-06 -2.228165e-10 
1.000000e-01 1.000000e-01 2.900000e+00 8.693517e-04 -2.487331e-04 8.766999e-04 -2.293273e-07 1.017582e+00 1.007875e-03 -7.687783e-08 2.471514e-08 -2.632941e-03 -2.677459e-06 -1.984006e-06 -1.860944e-10 
1.000000e-01 1.000000e-01 3.000000e+00 7.613026e-04 -2.340871e-04 7.677930e-04 -2.180254e-07 1.015954e+00 1.007234e-03 -6.757558e-08 2.237791e-08 -2.634808e-03 -2.675411e-06 -1.763282e-06 -1.561914e-10 
