1.000000e-01 1.000000e-01 -3.000000e+00 -2.006583e-03 2.127617e-04 -2.006113e-03 -7.042784e-07 1.038782e+00 1.007955e-03 2.189494e-08 5.272951e-08 -2.637628e-03 -2.705588e-06 1.527739e-06 1.648079e-10 
1.000000e-01 1.000000e-01 -2.900000e+00 -2.308748e-03 2.274354e-04 -2.308252e-03 -7.537516e-07 1.043061e+00 1.008885e-03 2.140709e-08 5.859883e-08 -2.636029e-03 -2.711173e-06 1.718700e-06 1.929930e-10 
1.000000e-01 1.000000e-01 -2.800000e+00 -2.670006e-03 2.437511e-04 -2.669483e-03 -8.113289e-07 1.047996e+00 1.009987e-03 2.048447e-08 6.537391e-08 -2.634227e-03 -2.717610e-06 1.939315e-06 2.271454e-10 
1.000000e-01 1.000000e-01 -2.700000e+00 -3.104750e-03 2.619818e-04 -3.104201e-03 -8.795598e-07 1.053715e+00 1.011307e-03 1.899812e-08 7.323609e-08 -2.632192e-03 -2.725068e-06 2.195027e-06 2.687543e-10 
1.000000e-01 1.000000e-01 -2.600000e+00 -3.631612e-03 2.824644e-04 -3.631041e-03 -9.620924e-07 1.060382e+00 1.012906e-03 1.678528e-08 8.241187e-08 -2.629884e-03 -2.733761e-06 2.492411e-06 3.197331e-10 
1.000000e-01 1.000000e-01 -2.500000e+00 -4.274951e-03 3.056195e-04 -4.274366e-03 -1.064229e-06 1.068200e+00 1.014865e-03 1.364136e-08 9.318645e-08 -2.627259e-03 -2.743953e-06 2.839431e-06 3.825528e-10 
1.000000e-01 1.000000e-01 -2.400000e+00 -5.066930e-03 3.319794e-04 -5.066345e-03 -1.193796e-06 1.077428e+00 1.017296e-03 9.310316e-09 1.059222e-07 -2.624265e-03 -2.755982e-06 3.245748e-06 4.604215e-10 
1.000000e-01 1.000000e-01 -2.300000e+00 -6.050493e-03 3.622274e-04 -6.049934e-03 -1.362532e-06 1.088399e+00 1.020358e-03 3.473893e-09 1.210838e-07 -2.620835e-03 -2.770283e-06 3.723104e-06 5.575255e-10 
1.000000e-01 1.000000e-01 -2.200000e+00 -7.283658e-03 3.972545e-04 -7.283173e-03 -1.588329e-06 1.101541e+00 1.024274e-03 -4.259901e-09 1.392735e-07 -2.616895e-03 -2.787418e-06 4.285779e-06 6.793532e-10 
1.000000e-01 1.000000e-01 -2.100000e+00 -8.845819e-03 4.382423e-04 -8.845495e-03 -1.898915e-06 1.117416e+00 1.029368e-03 -1.436751e-08 1.612801e-07 -2.612352e-03 -2.808123e-06 4.951134e-06 8.331298e-10 
1.000000e-01 1.000000e-01 -2.000000e+00 -1.084714e-02 4.867874e-04 -1.084713e-02 -2.338021e-06 1.136767e+00 1.036117e-03 -2.741682e-08 1.881496e-07 -2.607095e-03 -2.833378e-06 5.740251e-06 1.028398e-09 
1.000000e-01 1.000000e-01 -1.900000e+00 -1.344280e-02 5.450899e-04 -1.344340e-02 -2.975905e-06 1.160591e+00 1.045235e-03 -4.406485e-08 2.212870e-07 -2.600989e-03 -2.864498e-06 6.678634e-06 1.277780e-09 
1.000000e-01 1.000000e-01 -1.800000e+00 -1.685503e-02 6.162482e-04 -1.685680e-02 -3.927714e-06 1.190245e+00 1.057821e-03 -6.503600e-08 2.626065e-07 -2.593873e-03 -2.903283e-06 7.796952e-06 1.597962e-09 
1.000000e-01 1.000000e-01 -1.700000e+00 -2.140792e-02 7.047263e-04 -2.141195e-02 -5.386271e-06 1.227601e+00 1.075592e-03 -9.106313e-08 3.147571e-07 -2.585553e-03 -2.952229e-06 9.131718e-06 2.010867e-09 
1.000000e-01 1.000000e-01 -1.600000e+00 -2.758368e-02 8.171159e-04 -2.759217e-02 -7.682188e-06 1.275293e+00 1.101308e-03 -1.227617e-07 3.814687e-07 -2.575793e-03 -3.014862e-06 1.072572e-05 2.544834e-09 
1.000000e-01 1.000000e-01 -1.500000e+00 -3.611617e-02 9.634093e-04 -3.613390e-02 -1.139743e-05 1.337090e+00 1.139511e-03 -1.603880e-07 4.680949e-07 -2.564315e-03 -3.096268e-06 1.262784e-05 3.234994e-09 
1.000000e-01 1.000000e-01 -1.400000e+00 -4.815120e-02 1.159184e-03 -4.818930e-02 -1.758754e-05 1.418506e+00 1.197895e-03 -2.034028e-07 5.824888e-07 -2.550786e-03 -3.203942e-06 1.489177e-05 4.119794e-09 
1.000000e-01 1.000000e-01 -1.300000e+00 -6.553146e-02 1.429468e-03 -6.561975e-02 -2.823684e-05 1.527808e+00 1.289917e-03 -2.497082e-07 7.364583e-07 -2.534819e-03 -3.349218e-06 1.757252e-05 5.221986e-09 
1.000000e-01 1.000000e-01 -1.200000e+00 -9.132116e-02 1.815796e-03 -9.156120e-02 -4.726605e-05 1.677773e+00 1.439986e-03 -2.941958e-07 9.482699e-07 -2.515973e-03 -3.549715e-06 2.071984e-05 6.466787e-09 
1.000000e-01 1.000000e-01 -1.100000e+00 -1.307481e-01 2.389757e-03 -1.316734e-01 -8.319345e-05 1.889229e+00 1.694184e-03 -3.232615e-07 1.247283e-06 -2.493754e-03 -3.833581e-06 2.436510e-05 7.560317e-09 
1.000000e-01 1.000000e-01 -1.000000e+00 -1.977178e-01 8.340684e-02 -1.979954e-01 9.641176e-02 2.205624e+00 -2.787987e-01 -8.887003e-08 4.360358e-06 -2.468041e-03 -1.853860e-06 2.773812e-05 -1.762060e-05 
1.000000e-01 1.000000e-01 -9.000000e-01 1.390057e-03 3.247212e-03 1.546651e-03 7.479288e-06 2.256374e-01 5.465795e-04 -2.706750e-07 1.719308e-06 -2.437387e-03 -4.264456e-06 3.300344e-05 1.555942e-08 
1.000000e-01 1.000000e-01 -8.000000e-01 1.565916e-03 2.877946e-03 1.613354e-03 8.071899e-06 2.224489e-01 5.357721e-04 -1.327388e-07 1.694913e-06 -2.402369e-03 -4.209999e-06 3.763073e-05 1.837915e-08 
1.000000e-01 1.000000e-01 -7.000000e-01 1.710451e-03 2.510419e-03 1.735852e-03 8.630715e-06 2.191213e-01 5.240050e-04 1.646318e-07 1.669809e-06 -2.362698e-03 -4.147568e-06 4.202913e-05 2.187843e-08 
1.000000e-01 1.000000e-01 -6.000000e-01 1.818985e-03 2.145974e-03 1.841340e-03 9.207508e-06 2.155528e-01 5.108207e-04 6.806893e-07 1.645270e-06 -2.318845e-03 -4.077812e-06 4.550522e-05 2.574014e-08 
1.000000e-01 1.000000e-01 -5.000000e-01 1.857012e-03 1.784613e-03 1.881367e-03 9.531339e-06 2.118165e-01 4.962526e-04 1.466923e-06 1.622365e-06 -2.272118e-03 -4.002393e-06 4.712165e-05 2.894438e-08 
1.000000e-01 1.000000e-01 -4.000000e-01 1.782513e-03 1.425754e-03 1.810486e-03 9.350591e-06 2.080885e-01 4.808838e-04 2.529665e-06 1.602280e-06 -2.224904e-03 -3.924914e-06 4.576558e-05 3.033413e-08 
1.000000e-01 1.000000e-01 -3.000000e-01 1.558181e-03 1.068545e-03 1.589956e-03 8.426273e-06 2.046374e-01 4.659080e-04 3.783174e-06 1.586090e-06 -2.180772e-03 -3.851292e-06 4.040767e-05 2.867494e-08 
1.000000e-01 1.000000e-01 -2.000000e-01 1.166526e-03 7.121211e-04 1.201465e-03 6.615828e-06 2.017993e-01 4.530516e-04 5.021610e-06 1.574456e-06 -2.144217e-03 -3.789397e-06 3.053571e-05 2.313523e-08 
1.000000e-01 1.000000e-01 -1.000000e-01 6.259671e-04 3.558353e-04 6.625887e-04 3.998329e-06 1.999185e-01 4.442336e-04 5.950342e-06 1.567468e-06 -2.119873e-03 -3.747703e-06 1.660587e-05 1.447335e-08 
1.000000e-01 1.000000e-01 0.000000e+00 -1.362881e-02 7.444962e+00 -3.225188e-03 -1.003391e+01 1.118871e-01 3.034730e-04 1.435068e-06 1.383497e-05 -1.185507e-03 -1.694370e-05 -1.171954e-04 -1.284299e-07 
1.000000e-01 1.000000e-01 1.000000e-01 -6.333033e-04 -3.567811e-04 -5.965766e-04 -2.527495e-06 1.999171e-01 4.442264e-04 5.960860e-06 1.567693e-06 -2.119865e-03 -3.747656e-06 -1.609574e-05 -1.163003e-08 
1.000000e-01 1.000000e-01 2.000000e-01 -1.173768e-03 -7.130560e-04 -1.138259e-03 -5.215248e-06 2.017967e-01 4.530365e-04 5.041051e-06 1.574856e-06 -2.144203e-03 -3.789314e-06 -3.004935e-05 -2.047053e-08 
1.000000e-01 1.000000e-01 3.000000e-01 -1.565234e-03 -1.069461e-03 -1.530938e-03 -7.130223e-06 2.046338e-01 4.658888e-04 3.808887e-06 1.586578e-06 -2.180753e-03 -3.851195e-06 -3.995697e-05 -2.626950e-08 
1.000000e-01 1.000000e-01 4.000000e-01 -1.789273e-03 -1.426642e-03 -1.756433e-03 -8.179167e-06 2.080841e-01 4.808631e-04 2.558677e-06 1.602754e-06 -2.224882e-03 -3.924826e-06 -4.535787e-05 -2.822628e-08 
1.000000e-01 1.000000e-01 5.000000e-01 -1.863382e-03 -1.785465e-03 -1.832442e-03 -8.490421e-06 2.118116e-01 4.962318e-04 1.496604e-06 1.622729e-06 -2.272095e-03 -4.002338e-06 -4.675979e-05 -2.713619e-08 
1.000000e-01 1.000000e-01 6.000000e-01 -1.824888e-03 -2.146785e-03 -1.797246e-03 -8.291447e-06 2.155478e-01 5.108006e-04 7.091172e-07 1.645441e-06 -2.318822e-03 -4.077803e-06 -4.518851e-05 -2.420982e-08 
1.000000e-01 1.000000e-01 7.000000e-01 -1.715809e-03 -2.511183e-03 -1.696137e-03 -7.826895e-06 2.191165e-01 5.239875e-04 1.906471e-07 1.669725e-06 -2.362677e-03 -4.147614e-06 -4.175457e-05 -2.059141e-08 
1.000000e-01 1.000000e-01 8.000000e-01 -1.570640e-03 -2.878656e-03 -1.577724e-03 -7.366041e-06 2.224447e-01 5.357595e-04 -1.096708e-07 1.694538e-06 -2.402350e-03 -4.210097e-06 -3.739416e-05 -1.729360e-08 
1.000000e-01 1.000000e-01 9.000000e-01 -1.394082e-03 -3.247862e-03 -1.515025e-03 -6.858257e-06 2.256340e-01 5.465716e-04 -2.506740e-07 1.718633e-06 -2.437370e-03 -4.264613e-06 -3.280030e-05 -1.462142e-08 
1.000000e-01 1.000000e-01 1.000000e+00 1.977142e-01 -8.340549e-02 1.980221e-01 -9.640889e-02 2.205619e+00 -2.787921e-01 -7.132445e-08 4.351376e-06 -2.468026e-03 -1.863999e-06 -2.756307e-05 1.759400e-05 
1.000000e-01 1.000000e-01 1.100000e+00 1.307468e-01 -2.390270e-03 1.316931e-01 8.363242e-05 1.889224e+00 1.694217e-03 -3.088450e-07 1.246682e-06 -2.493741e-03 -3.833717e-06 -2.421532e-05 -7.034154e-09 
1.000000e-01 1.000000e-01 1.200000e+00 9.132085e-02 -1.816250e-03 9.157747e-02 4.762118e-05 1.677767e+00 1.440014e-03 -2.820858e-07 9.478854e-07 -2.515962e-03 -3.549805e-06 -2.059088e-05 -6.039778e-09 
1.000000e-01 1.000000e-01 1.300000e+00 6.553143e-02 -1.429869e-03 6.563434e-02 2.852853e-05 1.527802e+00 1.289938e-03 -2.395518e-07 7.362319e-07 -2.534810e-03 -3.349281e-06 -1.746116e-05 -4.880521e-09 
1.000000e-01 1.000000e-01 1.400000e+00 4.815116e-02 -1.159538e-03 4.820271e-02 1.783100e-05 1.418500e+00 1.197911e-03 -1.948796e-07 5.823748e-07 -2.550778e-03 -3.203985e-06 -1.479530e-05 -3.845769e-09 
1.000000e-01 1.000000e-01 1.500000e+00 3.611604e-02 -9.637223e-04 3.614614e-02 1.160315e-05 1.337085e+00 1.139523e-03 -1.532219e-07 4.680598e-07 -2.564308e-03 -3.096295e-06 -1.254397e-05 -3.013139e-09 
1.000000e-01 1.000000e-01 1.600000e+00 2.758346e-02 -8.173936e-04 2.760319e-02 7.857674e-06 1.275290e+00 1.101318e-03 -1.167202e-07 3.814884e-07 -2.575787e-03 -3.014877e-06 -1.065252e-05 -2.363391e-09 
1.000000e-01 1.000000e-01 1.700000e+00 2.140764e-02 -7.049733e-04 2.142174e-02 5.537124e-06 1.227599e+00 1.075600e-03 -8.595291e-08 3.148146e-07 -2.585548e-03 -2.952235e-06 -9.067597e-06 -1.860986e-09 
1.000000e-01 1.000000e-01 1.800000e+00 1.685472e-02 -6.164685e-04 1.686545e-02 4.058247e-06 1.190243e+00 1.057828e-03 -6.069754e-08 2.626897e-07 -2.593869e-03 -2.903284e-06 -7.740562e-06 -1.472990e-09 
1.000000e-01 1.000000e-01 1.900000e+00 1.344247e-02 -5.452868e-04 1.345101e-02 3.089516e-06 1.160589e+00 1.045241e-03 -4.036716e-08 2.213874e-07 -2.600985e-03 -2.864494e-06 -6.628855e-06 -1.172673e-09 
1.000000e-01 1.000000e-01 2.000000e+00 1.084681e-02 -4.869639e-04 1.085381e-02 2.437430e-06 1.136765e+00 1.036122e-03 -2.425253e-08 1.882610e-07 -2.607092e-03 -2.833371e-06 -5.696143e-06 -9.392921e-10 
1.000000e-01 1.000000e-01 2.100000e+00 8.845499e-03 -4.384009e-04 8.851367e-03 1.986326e-06 1.117415e+00 1.029373e-03 -1.164867e-08 1.613982e-07 -2.612349e-03 -2.808114e-06 -4.911909e-06 -7.570328e-10 
1.000000e-01 1.000000e-01 2.200000e+00 7.283350e-03 -3.973973e-04 7.288345e-03 1.665543e-06 1.101540e+00 1.024279e-03 -1.914354e-09 1.393951e-07 -2.616893e-03 -2.787407e-06 -4.250774e-06 -6.139219e-10 
1.000000e-01 1.000000e-01 2.300000e+00 6.050201e-03 -3.623564e-04 6.054502e-03 1.431032e-06 1.088398e+00 1.020362e-03 5.505451e-09 1.212068e-07 -2.620833e-03 -2.770272e-06 -3.691760e-06 -5.009081e-10 
1.000000e-01 1.000000e-01 2.400000e+00 5.066656e-03 -3.320961e-04 5.070392e-03 1.254811e-06 1.077428e+00 1.017300e-03 1.107675e-08 1.060448e-07 -2.624263e-03 -2.755970e-06 -3.217591e-06 -4.111408e-10 
1.000000e-01 1.000000e-01 2.500000e+00 4.274694e-03 -3.057254e-04 4.277964e-03 1.118784e-06 1.068199e+00 1.014868e-03 1.518306e-08 9.330765e-08 -2.627258e-03 -2.743940e-06 -2.814058e-06 -3.394210e-10 
1.000000e-01 1.000000e-01 2.600000e+00 3.631373e-03 -2.825607e-04 3.634251e-03 1.011049e-06 1.060381e+00 1.012909e-03 1.813575e-08 8.253081e-08 -2.629882e-03 -2.733748e-06 -2.469480e-06 -2.817875e-10 
1.000000e-01 1.000000e-01 2.700000e+00 3.104527e-03 -2.620697e-04 3.107075e-03 9.236406e-07 1.053715e+00 1.011310e-03 2.018524e-08 7.335224e-08 -2.632190e-03 -2.725056e-06 -2.174243e-06 -2.352092e-10 
1.000000e-01 1.000000e-01 2.800000e+00 2.669799e-03 -2.438313e-04 2.672065e-03 8.511475e-07 1.047995e+00 1.009989e-03 2.153154e-08 6.548689e-08 -2.634226e-03 -2.717597e-06 -1.920426e-06 -1.973551e-10 
1.000000e-01 1.000000e-01 2.900000e+00 2.308555e-03 -2.275088e-04 2.310579e-03 7.898298e-07 1.043061e+00 1.008887e-03 2.233364e-08 5.870842e-08 -2.636028e-03 -2.711160e-06 -1.701489e-06 -1.664238e-10 
1.000000e-01 1.000000e-01 3.000000e+00 2.006404e-03 -2.128292e-04 2.008217e-03 7.370619e-07 1.038782e+00 1.007957e-03 2.271741e-08 5.283559e-08 -2.637627e-03 -2.705576e-06 -1.512017e-06 -1.410158e-10 
