+0.00000000e+00 +0.00000000e+00 -1.50000000e+00 +1.68818825e-02 -8.17207424e-04 +0.00000000e+00 -4.77658726e-03 
+0.00000000e+00 +0.00000000e+00 -1.47986577e+00 +1.69786883e-02 -8.35090857e-04 +0.00000000e+00 -4.83966819e-03 
+0.00000000e+00 +0.00000000e+00 -1.45973154e+00 +1.70767774e-02 -8.53514084e-04 +0.00000000e+00 -4.90407646e-03 
+0.00000000e+00 +0.00000000e+00 -1.43959732e+00 +1.71761770e-02 -8.72497779e-04 +0.00000000e+00 -4.96985003e-03 
+0.00000000e+00 +0.00000000e+00 -1.41946309e+00 +1.72769150e-02 -8.92063571e-04 +0.00000000e+00 -5.03702817e-03 
+0.00000000e+00 +0.00000000e+00 -1.39932886e+00 +1.73790201e-02 -9.12234099e-04 +0.00000000e+00 -5.10565158e-03 
+0.00000000e+00 +0.00000000e+00 -1.37919463e+00 +1.74825217e-02 -9.33033060e-04 +0.00000000e+00 -5.17576245e-03 
+0.00000000e+00 +0.00000000e+00 -1.35906040e+00 +1.75874503e-02 -9.54485273e-04 +0.00000000e+00 -5.24740445e-03 
+0.00000000e+00 +0.00000000e+00 -1.33892617e+00 +1.76938371e-02 -9.76616737e-04 +0.00000000e+00 -5.32062288e-03 
+0.00000000e+00 +0.00000000e+00 -1.31879195e+00 +1.78017145e-02 -9.99454699e-04 +0.00000000e+00 -5.39546469e-03 
+0.00000000e+00 +0.00000000e+00 -1.29865772e+00 +1.79111154e-02 -1.02302772e-03 +0.00000000e+00 -5.47197856e-03 
+0.00000000e+00 +0.00000000e+00 -1.27852349e+00 +1.80220742e-02 -1.04736576e-03 +0.00000000e+00 -5.55021499e-03 
+0.00000000e+00 +0.00000000e+00 -1.25838926e+00 +1.81346259e-02 -1.07250024e-03 +0.00000000e+00 -5.63022635e-03 
+0.00000000e+00 +0.00000000e+00 -1.23825503e+00 +1.82488070e-02 -1.09846413e-03 +0.00000000e+00 -5.71206699e-03 
+0.00000000e+00 +0.00000000e+00 -1.21812081e+00 +1.83646547e-02 -1.12529207e-03 +0.00000000e+00 -5.79579332e-03 
+0.00000000e+00 +0.00000000e+00 -1.19798658e+00 +1.84822076e-02 -1.15302040e-03 +0.00000000e+00 -5.88146388e-03 
+0.00000000e+00 +0.00000000e+00 -1.17785235e+00 +1.86015056e-02 -1.18168732e-03 +0.00000000e+00 -5.96913946e-03 
+0.00000000e+00 +0.00000000e+00 -1.15771812e+00 +1.87225896e-02 -1.21133299e-03 +0.00000000e+00 -6.05888319e-03 
+0.00000000e+00 +0.00000000e+00 -1.13758389e+00 +1.88455018e-02 -1.24199961e-03 +0.00000000e+00 -6.15076064e-03 
+0.00000000e+00 +0.00000000e+00 -1.11744966e+00 +1.89702860e-02 -1.27373157e-03 +0.00000000e+00 -6.24483993e-03 
+0.00000000e+00 +0.00000000e+00 -1.09731544e+00 +1.90969871e-02 -1.30657561e-03 +0.00000000e+00 -6.34119185e-03 
+0.00000000e+00 +0.00000000e+00 -1.07718121e+00 +1.92256517e-02 -1.34058088e-03 +0.00000000e+00 -6.43988999e-03 
+0.00000000e+00 +0.00000000e+00 -1.05704698e+00 +1.93563278e-02 -1.37579917e-03 +0.00000000e+00 -6.54101084e-03 
+0.00000000e+00 +0.00000000e+00 -1.03691275e+00 +1.94890649e-02 -1.41228505e-03 +0.00000000e+00 -6.64463393e-03 
+0.00000000e+00 +0.00000000e+00 -1.01677852e+00 +1.96239143e-02 -1.45009599e-03 +0.00000000e+00 -6.75084200e-03 
+0.00000000e+00 +0.00000000e+00 -9.96644295e-01 +1.97399333e-02 -1.48324604e-03 +0.00000000e+00 -6.03034680e-04 
+0.00000000e+00 +0.00000000e+00 -9.76510067e-01 +1.97531815e-02 -1.48759733e-03 +0.00000000e+00 -7.13000433e-04 
+0.00000000e+00 +0.00000000e+00 -9.56375839e-01 +1.97686470e-02 -1.49339623e-03 +0.00000000e+00 -8.23306936e-04 
+0.00000000e+00 +0.00000000e+00 -9.36241611e-01 +1.97863377e-02 -1.50065418e-03 +0.00000000e+00 -9.34045663e-04 
+0.00000000e+00 +0.00000000e+00 -9.16107383e-01 +1.98062631e-02 -1.50938617e-03 +0.00000000e+00 -1.04530875e-03 
+0.00000000e+00 +0.00000000e+00 -8.95973154e-01 +1.98284348e-02 -1.51961083e-03 +0.00000000e+00 -1.15718916e-03 
+0.00000000e+00 +0.00000000e+00 -8.75838926e-01 +1.98528661e-02 -1.53135050e-03 +0.00000000e+00 -1.26978086e-03 
+0.00000000e+00 +0.00000000e+00 -8.55704698e-01 +1.98795723e-02 -1.54463132e-03 +0.00000000e+00 -1.38317897e-03 
+0.00000000e+00 +0.00000000e+00 -8.35570470e-01 +1.99085707e-02 -1.55948331e-03 +0.00000000e+00 -1.49747996e-03 
+0.00000000e+00 +0.00000000e+00 -8.15436242e-01 +1.99398803e-02 -1.57594055e-03 +0.00000000e+00 -1.61278178e-03 
+0.00000000e+00 +0.00000000e+00 -7.95302013e-01 +1.99735223e-02 -1.59404127e-03 +0.00000000e+00 -1.72918410e-03 
+0.00000000e+00 +0.00000000e+00 -7.75167785e-01 +2.00095199e-02 -1.61382804e-03 +0.00000000e+00 -1.84678843e-03 
+0.00000000e+00 +0.00000000e+00 -7.55033557e-01 +2.00478984e-02 -1.63534794e-03 +0.00000000e+00 -1.96569836e-03 
+0.00000000e+00 +0.00000000e+00 -7.34899329e-01 +2.00886850e-02 -1.65865277e-03 +0.00000000e+00 -2.08601969e-03 
+0.00000000e+00 +0.00000000e+00 -7.14765101e-01 +2.01319094e-02 -1.68379928e-03 +0.00000000e+00 -2.20786066e-03 
+0.00000000e+00 +0.00000000e+00 -6.94630872e-01 +2.01776031e-02 -1.71084941e-03 +0.00000000e+00 -2.33133213e-03 
+0.00000000e+00 +0.00000000e+00 -6.74496644e-01 +2.02258002e-02 -1.73987055e-03 +0.00000000e+00 -2.45654779e-03 
+0.00000000e+00 +0.00000000e+00 -6.54362416e-01 +2.02765370e-02 -1.77093589e-03 +0.00000000e+00 -2.58362436e-03 
+0.00000000e+00 +0.00000000e+00 -6.34228188e-01 +2.03298521e-02 -1.80412470e-03 +0.00000000e+00 -2.71268179e-03 
+0.00000000e+00 +0.00000000e+00 -6.14093960e-01 +2.03857866e-02 -1.83952271e-03 +0.00000000e+00 -2.84384348e-03 
+0.00000000e+00 +0.00000000e+00 -5.93959732e-01 +2.04443842e-02 -1.87722253e-03 +0.00000000e+00 -2.97723650e-03 
+0.00000000e+00 +0.00000000e+00 -5.73825503e-01 +2.05056912e-02 -1.91732403e-03 +0.00000000e+00 -3.11299181e-03 
+0.00000000e+00 +0.00000000e+00 -5.53691275e-01 +2.05697564e-02 -1.95993489e-03 +0.00000000e+00 -3.25124449e-03 
+0.00000000e+00 +0.00000000e+00 -5.33557047e-01 +2.06366315e-02 -2.00517103e-03 +0.00000000e+00 -3.39213393e-03 
+0.00000000e+00 +0.00000000e+00 -5.13422819e-01 +2.07063710e-02 -2.05315722e-03 +0.00000000e+00 -3.53580414e-03 
+0.00000000e+00 +0.00000000e+00 -4.93288591e-01 +2.07790325e-02 -2.10402769e-03 +0.00000000e+00 -3.68240390e-03 
+0.00000000e+00 +0.00000000e+00 -4.73154362e-01 +2.08546764e-02 -2.15792677e-03 +0.00000000e+00 -3.83208704e-03 
+0.00000000e+00 +0.00000000e+00 -4.53020134e-01 +2.09333665e-02 -2.21500963e-03 +0.00000000e+00 -3.98501267e-03 
+0.00000000e+00 +0.00000000e+00 -4.32885906e-01 +2.10151696e-02 -2.27544306e-03 +0.00000000e+00 -4.14134541e-03 
+0.00000000e+00 +0.00000000e+00 -4.12751678e-01 +2.11001561e-02 -2.33940633e-03 +0.00000000e+00 -4.30125558e-03 
+0.00000000e+00 +0.00000000e+00 -3.92617450e-01 +2.11883997e-02 -2.40709211e-03 +0.00000000e+00 -4.46491947e-03 
+0.00000000e+00 +0.00000000e+00 -3.72483221e-01 +2.12799779e-02 -2.47870748e-03 +0.00000000e+00 -4.63251955e-03 
+0.00000000e+00 +0.00000000e+00 -3.52348993e-01 +2.13749718e-02 -2.55447503e-03 +0.00000000e+00 -4.80424461e-03 
+0.00000000e+00 +0.00000000e+00 -3.32214765e-01 +2.14734664e-02 -2.63463406e-03 +0.00000000e+00 -4.98029000e-03 
+0.00000000e+00 +0.00000000e+00 -3.12080537e-01 +2.15755508e-02 -2.71944186e-03 +0.00000000e+00 -5.16085775e-03 
+0.00000000e+00 +0.00000000e+00 -2.91946309e-01 +2.16813180e-02 -2.80917514e-03 +0.00000000e+00 -5.34615673e-03 
+0.00000000e+00 +0.00000000e+00 -2.71812081e-01 +2.17908654e-02 -2.90413153e-03 +0.00000000e+00 -5.53640271e-03 
+0.00000000e+00 +0.00000000e+00 -2.51677852e-01 +2.19042950e-02 -3.00463127e-03 +0.00000000e+00 -5.73181840e-03 
+0.00000000e+00 +0.00000000e+00 -2.31543624e-01 +2.20217132e-02 -3.11101899e-03 +0.00000000e+00 -5.93263348e-03 
+0.00000000e+00 +0.00000000e+00 -2.11409396e-01 +2.21432309e-02 -3.22366570e-03 +0.00000000e+00 -6.13908450e-03 
+0.00000000e+00 +0.00000000e+00 -1.91275168e-01 +2.22689641e-02 -3.34297087e-03 +0.00000000e+00 -6.35141472e-03 
+0.00000000e+00 +0.00000000e+00 -1.71140940e-01 +2.23990337e-02 -3.46936476e-03 +0.00000000e+00 -6.56987384e-03 
+0.00000000e+00 +0.00000000e+00 -1.51006711e-01 +2.25335656e-02 -3.60331092e-03 +0.00000000e+00 -6.79471765e-03 
+0.00000000e+00 +0.00000000e+00 -1.30872483e-01 +2.26726911e-02 -3.74530886e-03 +0.00000000e+00 -7.02620752e-03 
+0.00000000e+00 +0.00000000e+00 -1.10738255e-01 +2.28165465e-02 -3.89589700e-03 +0.00000000e+00 -7.26460969e-03 
+0.00000000e+00 +0.00000000e+00 -9.06040268e-02 +2.29652739e-02 -4.05565579e-03 +0.00000000e+00 -7.51019438e-03 
+0.00000000e+00 +0.00000000e+00 -7.04697987e-02 +2.31190205e-02 -4.22521115e-03 +0.00000000e+00 -7.76323474e-03 
+0.00000000e+00 +0.00000000e+00 -5.03355705e-02 +2.32779392e-02 -4.40523809e-03 +0.00000000e+00 -8.02400535e-03 
+0.00000000e+00 +0.00000000e+00 -3.02013423e-02 +2.34421885e-02 -4.59646465e-03 +0.00000000e+00 -8.29278059e-03 
+0.00000000e+00 +0.00000000e+00 -1.00671141e-02 +2.36119323e-02 -4.79967612e-03 +0.00000000e+00 -8.56983248e-03 
+0.00000000e+00 +0.00000000e+00 +1.00671141e-02 +2.47257701e-02 -6.17155180e-03 +0.00000000e+00 -1.02080572e-01 
+0.00000000e+00 +0.00000000e+00 +3.02013423e-02 +2.67848110e-02 -8.71789273e-03 +0.00000000e+00 -1.02467775e-01 
+0.00000000e+00 +0.00000000e+00 +5.03355705e-02 +2.88526721e-02 -1.12936539e-02 +0.00000000e+00 -1.02956728e-01 
+0.00000000e+00 +0.00000000e+00 +7.04697987e-02 +3.09314025e-02 -1.39097809e-02 +0.00000000e+00 -1.03547443e-01 
+0.00000000e+00 +0.00000000e+00 +9.06040268e-02 +3.30230499e-02 -1.65774369e-02 +0.00000000e+00 -1.04239786e-01 
+0.00000000e+00 +0.00000000e+00 +1.10738255e-01 +3.51296578e-02 -1.93080626e-02 +0.00000000e+00 -1.05033446e-01 
+0.00000000e+00 +0.00000000e+00 +1.30872483e-01 +3.72532612e-02 -2.21134345e-02 +0.00000000e+00 -1.05927896e-01 
+0.00000000e+00 +0.00000000e+00 +1.51006711e-01 +3.93958819e-02 -2.50057238e-02 +0.00000000e+00 -1.06922350e-01 
+0.00000000e+00 +0.00000000e+00 +1.71140940e-01 +4.15595230e-02 -2.79975522e-02 +0.00000000e+00 -1.08015702e-01 
+0.00000000e+00 +0.00000000e+00 +1.91275168e-01 +4.37461613e-02 -3.11020470e-02 +0.00000000e+00 -1.09206455e-01 
+0.00000000e+00 +0.00000000e+00 +2.11409396e-01 +4.59577389e-02 -3.43328917e-02 +0.00000000e+00 -1.10492639e-01 
+0.00000000e+00 +0.00000000e+00 +2.31543624e-01 +4.81961529e-02 -3.77043728e-02 +0.00000000e+00 -1.11871712e-01 
+0.00000000e+00 +0.00000000e+00 +2.51677852e-01 +5.04632420e-02 -4.12314195e-02 +0.00000000e+00 -1.13340446e-01 
+0.00000000e+00 +0.00000000e+00 +2.71812081e-01 +5.27607724e-02 -4.49296355e-02 +0.00000000e+00 -1.14894791e-01 
+0.00000000e+00 +0.00000000e+00 +2.91946309e-01 +5.50904190e-02 -4.88153183e-02 +0.00000000e+00 -1.16529726e-01 
+0.00000000e+00 +0.00000000e+00 +3.12080537e-01 +5.74537444e-02 -5.29054639e-02 +0.00000000e+00 -1.18239079e-01 
+0.00000000e+00 +0.00000000e+00 +3.32214765e-01 +5.98521736e-02 -5.72177523e-02 +0.00000000e+00 -1.20015331e-01 
+0.00000000e+00 +0.00000000e+00 +3.52348993e-01 +6.22869649e-02 -6.17705076e-02 +0.00000000e+00 -1.21849390e-01 
+0.00000000e+00 +0.00000000e+00 +3.72483221e-01 +6.47591756e-02 -6.65826277e-02 +0.00000000e+00 -1.23730341e-01 
+0.00000000e+00 +0.00000000e+00 +3.92617450e-01 +6.72696226e-02 -7.16734737e-02 +0.00000000e+00 -1.25645165e-01 
+0.00000000e+00 +0.00000000e+00 +4.12751678e-01 +6.98188369e-02 -7.70627137e-02 +0.00000000e+00 -1.27578434e-01 
+0.00000000e+00 +0.00000000e+00 +4.32885906e-01 +7.24070117e-02 -8.27701064e-02 +0.00000000e+00 -1.29511978e-01 
+0.00000000e+00 +0.00000000e+00 +4.53020134e-01 +7.50339442e-02 -8.88152158e-02 +0.00000000e+00 -1.31424533e-01 
+0.00000000e+00 +0.00000000e+00 +4.73154362e-01 +7.76989688e-02 -9.52170431e-02 +0.00000000e+00 -1.33291368e-01 
+0.00000000e+00 +0.00000000e+00 +4.93288591e-01 +8.04008842e-02 -1.01993561e-01 +0.00000000e+00 -1.35083906e-01 
+0.00000000e+00 +0.00000000e+00 +5.13422819e-01 +8.31378715e-02 -1.09161135e-01 +0.00000000e+00 -1.36769353e-01 
+0.00000000e+00 +0.00000000e+00 +5.33557047e-01 +8.59074065e-02 -1.16733823e-01 +0.00000000e+00 -1.38310345e-01 
+0.00000000e+00 +0.00000000e+00 +5.53691275e-01 +8.87061638e-02 -1.24722527e-01 +0.00000000e+00 -1.39664644e-01 
+0.00000000e+00 +0.00000000e+00 +5.73825503e-01 +9.15299167e-02 -1.33134004e-01 +0.00000000e+00 -1.40784916e-01 
+0.00000000e+00 +0.00000000e+00 +5.93959732e-01 +9.43734329e-02 -1.41969713e-01 +0.00000000e+00 -1.41618615e-01 
+0.00000000e+00 +0.00000000e+00 +6.14093960e-01 +9.72303702e-02 -1.51224519e-01 +0.00000000e+00 -1.42108033e-01 
+0.00000000e+00 +0.00000000e+00 +6.34228188e-01 +1.00093174e-01 -1.60885250e-01 +0.00000000e+00 -1.42190565e-01 
+0.00000000e+00 +0.00000000e+00 +6.54362416e-01 +1.02952985e-01 -1.70929147e-01 +0.00000000e+00 -1.41799248e-01 
+0.00000000e+00 +0.00000000e+00 +6.74496644e-01 +1.05799559e-01 -1.81322261e-01 +0.00000000e+00 -1.40863627e-01 
+0.00000000e+00 +0.00000000e+00 +6.94630872e-01 +1.08621206e-01 -1.92017847e-01 +0.00000000e+00 -1.39311031e-01 
+0.00000000e+00 +0.00000000e+00 +7.14765101e-01 +1.11404766e-01 -2.02954885e-01 +0.00000000e+00 -1.37068288e-01 
+0.00000000e+00 +0.00000000e+00 +7.34899329e-01 +1.14135621e-01 -2.14056822e-01 +0.00000000e+00 -1.34063927e-01 
+0.00000000e+00 +0.00000000e+00 +7.55033557e-01 +1.16797751e-01 -2.25230719e-01 +0.00000000e+00 -1.30230883e-01 
+0.00000000e+00 +0.00000000e+00 +7.75167785e-01 +1.19373855e-01 -2.36366946e-01 +0.00000000e+00 -1.25509647e-01 
+0.00000000e+00 +0.00000000e+00 +7.95302013e-01 +1.21845541e-01 -2.47339628e-01 +0.00000000e+00 -1.19851809e-01 
+0.00000000e+00 +0.00000000e+00 +8.15436242e-01 +1.24193587e-01 -2.58008015e-01 +0.00000000e+00 -1.13223825e-01 
+0.00000000e+00 +0.00000000e+00 +8.35570470e-01 +1.26398274e-01 -2.68218893e-01 +0.00000000e+00 -1.05610800e-01 
+0.00000000e+00 +0.00000000e+00 +8.55704698e-01 +1.28439803e-01 -2.77810145e-01 +0.00000000e+00 -9.70200199e-02 
+0.00000000e+00 +0.00000000e+00 +8.75838926e-01 +1.30298770e-01 -2.86615439e-01 +0.00000000e+00 -8.74839051e-02 
+0.00000000e+00 +0.00000000e+00 +8.95973154e-01 +1.31956694e-01 -2.94469914e-01 +0.00000000e+00 -7.70620370e-02 
+0.00000000e+00 +0.00000000e+00 +9.16107383e-01 +1.33396575e-01 -3.01216636e-01 +0.00000000e+00 -6.58419404e-02 
+0.00000000e+00 +0.00000000e+00 +9.36241611e-01 +1.34603454e-01 -3.06713424e-01 +0.00000000e+00 -5.39383555e-02 
+0.00000000e+00 +0.00000000e+00 +9.56375839e-01 +1.35564935e-01 -3.10839595e-01 +0.00000000e+00 -4.14908515e-02 
+0.00000000e+00 +0.00000000e+00 +9.76510067e-01 +1.36271649e-01 -3.13502072e-01 +0.00000000e+00 -2.86597821e-02 
+0.00000000e+00 +0.00000000e+00 +9.96644295e-01 +1.36717622e-01 -3.14640333e-01 +0.00000000e+00 -1.56207579e-02 
+0.00000000e+00 +0.00000000e+00 +1.01677852e+00 +1.36900513e-01 -3.14229742e-01 +0.00000000e+00 -2.55797671e-03 
+0.00000000e+00 +0.00000000e+00 +1.03691275e+00 +1.36821715e-01 -3.12282933e-01 +0.00000000e+00 +1.03431067e-02 
+0.00000000e+00 +0.00000000e+00 +1.05704698e+00 +1.36486304e-01 -3.08849117e-01 +0.00000000e+00 +2.29032074e-02 
+0.00000000e+00 +0.00000000e+00 +1.07718121e+00 +1.35902846e-01 -3.04011371e-01 +0.00000000e+00 +3.49561593e-02 
+0.00000000e+00 +0.00000000e+00 +1.09731544e+00 +1.35083069e-01 -2.97882186e-01 +0.00000000e+00 +4.63548687e-02 
+0.00000000e+00 +0.00000000e+00 +1.11744966e+00 +1.34041432e-01 -2.90597686e-01 +0.00000000e+00 +5.69758817e-02 
+0.00000000e+00 +0.00000000e+00 +1.13758389e+00 +1.32794614e-01 -2.82311042e-01 +0.00000000e+00 +6.67223304e-02 
+0.00000000e+00 +0.00000000e+00 +1.15771812e+00 +1.31360966e-01 -2.73185612e-01 +0.00000000e+00 +7.55252047e-02 
+0.00000000e+00 +0.00000000e+00 +1.17785235e+00 +1.29759948e-01 -2.63388318e-01 +0.00000000e+00 +8.33430486e-02 
+0.00000000e+00 +0.00000000e+00 +1.19798658e+00 +1.28011590e-01 -2.53083671e-01 +0.00000000e+00 +9.01603129e-02 
+0.00000000e+00 +0.00000000e+00 +1.21812081e+00 +1.26135999e-01 -2.42428731e-01 +0.00000000e+00 +9.59846725e-02 
+0.00000000e+00 +0.00000000e+00 +1.23825503e+00 +1.24152919e-01 -2.31569168e-01 +0.00000000e+00 +1.00843651e-01 
+0.00000000e+00 +0.00000000e+00 +1.25838926e+00 +1.22081370e-01 -2.20636469e-01 +0.00000000e+00 +1.04780887e-01 
+0.00000000e+00 +0.00000000e+00 +1.27852349e+00 +1.19939367e-01 -2.09746242e-01 +0.00000000e+00 +1.07852331e-01 
+0.00000000e+00 +0.00000000e+00 +1.29865772e+00 +1.17743701e-01 -1.98997480e-01 +0.00000000e+00 +1.10122611e-01 
+0.00000000e+00 +0.00000000e+00 +1.31879195e+00 +1.15509807e-01 -1.88472637e-01 +0.00000000e+00 +1.11661741e-01 
+0.00000000e+00 +0.00000000e+00 +1.33892617e+00 +1.13251676e-01 -1.78238320e-01 +0.00000000e+00 +1.12542254e-01 
+0.00000000e+00 +0.00000000e+00 +1.35906040e+00 +1.10981836e-01 -1.68346431e-01 +0.00000000e+00 +1.12836839e-01 
+0.00000000e+00 +0.00000000e+00 +1.37919463e+00 +1.08711366e-01 -1.58835595e-01 +0.00000000e+00 +1.12616458e-01 
+0.00000000e+00 +0.00000000e+00 +1.39932886e+00 +1.06449945e-01 -1.49732734e-01 +0.00000000e+00 +1.11948935e-01 
+0.00000000e+00 +0.00000000e+00 +1.41946309e+00 +1.04205927e-01 -1.41054682e-01 +0.00000000e+00 +1.10897954e-01 
+0.00000000e+00 +0.00000000e+00 +1.43959732e+00 +1.01986432e-01 -1.32809768e-01 +0.00000000e+00 +1.09522421e-01 
+0.00000000e+00 +0.00000000e+00 +1.45973154e+00 +9.97974446e-02 -1.24999294e-01 +0.00000000e+00 +1.07876110e-01 
+0.00000000e+00 +0.00000000e+00 +1.47986577e+00 +9.76439184e-02 -1.17618892e-01 +0.00000000e+00 +1.06007551e-01 
+0.00000000e+00 +0.00000000e+00 +1.50000000e+00 +9.55298838e-02 -1.10659724e-01 +0.00000000e+00 +1.03960089e-01 
