MFull:

-9.430858480552475e-08+-9.354527426731564e-01I 

RHSFull:

-3.539224972585642e-05+0.000000000000000e+00I 

KNFull:

3.814307415576642e-12+-3.783435347542936e-05I 

MHalfWO:

3.183039918084151e-03+-9.030553475119953e-01I 3.183087072376553e-03+-4.353289761754173e-01I 
3.183087072376553e-03+-4.353289761754173e-01I 3.183039918084151e-03+-9.030553475119953e-01I 

RHSHalfWO:

-1.769612486292987e-05+0.000000000000000e+00I 
1.769612486292987e-05+0.000000000000000e+00I 

KNHalfWO:

3.814307415591407e-12+-3.783435347543292e-05I 
-3.814307415591407e-12+3.783435347543292e-05I 

MHalfW:

3.183039918084151e-03+-9.030553475119953e-01I 3.183087072376553e-03+-4.353289761754173e-01I 
3.183087072376553e-03+-4.353289761754173e-01I 3.183039918084151e-03+-9.030553475119953e-01I 

RHSHalfW:

-1.769612486292987e-05+0.000000000000000e+00I 
1.769612486292987e-05+0.000000000000000e+00I 

KNHalfW:

3.814307415591407e-12+-3.783435347543292e-05I 
-3.814307415591407e-12+3.783435347543292e-05I 

