1.000000e-01 1.000000e-01 -3.000000e+00 -1.375373e-04 2.958457e-03 -1.117345e-03 1.812737e-03 1.041322e+00 1.141004e-02 3.958393e-06 4.538519e-08 -2.623165e-03 -3.119195e-06 5.203101e-05 2.614394e-06 
1.000000e-01 1.000000e-01 -2.900000e+00 -1.759450e-04 3.249592e-03 -1.261974e-03 1.974481e-03 1.045336e+00 1.240987e-02 4.358205e-06 4.576528e-08 -2.620169e-03 -3.165926e-06 5.694976e-05 2.862203e-06 
1.000000e-01 1.000000e-01 -2.800000e+00 -2.241364e-04 3.579659e-03 -1.430282e-03 2.155077e-03 1.049882e+00 1.353649e-02 4.811417e-06 4.556861e-08 -2.616790e-03 -3.218689e-06 6.247648e-05 3.140794e-06 
1.000000e-01 1.000000e-01 -2.700000e+00 -2.849693e-04 3.955150e-03 -1.627039e-03 2.357190e-03 1.055052e+00 1.480956e-02 5.326641e-06 4.459113e-08 -2.612966e-03 -3.278406e-06 6.870168e-05 3.454787e-06 
1.000000e-01 1.000000e-01 -2.600000e+00 -3.622828e-04 4.383824e-03 -1.858184e-03 2.583916e-03 1.060955e+00 1.625223e-02 5.914026e-06 4.256790e-08 -2.608623e-03 -3.346150e-06 7.573090e-05 3.809586e-06 
1.000000e-01 1.000000e-01 -2.500000e+00 -4.612892e-04 4.874982e-03 -2.131168e-03 2.838859e-03 1.067727e+00 1.789184e-02 6.585509e-06 3.915513e-08 -2.603673e-03 -3.423169e-06 8.368716e-05 4.211512e-06 
1.000000e-01 1.000000e-01 -2.400000e+00 -5.891482e-04 5.439799e-03 -2.455424e-03 3.126215e-03 1.075531e+00 1.976064e-02 7.355083e-06 3.390707e-08 -2.598012e-03 -3.510901e-06 9.271371e-05 4.667953e-06 
1.000000e-01 1.000000e-01 -2.300000e+00 -7.558167e-04 6.091726e-03 -2.843015e-03 3.450878e-03 1.084571e+00 2.189672e-02 8.239047e-06 2.624602e-08 -2.591510e-03 -3.611002e-06 1.029768e-04 5.187533e-06 
1.000000e-01 1.000000e-01 -2.200000e+00 -9.753258e-04 6.846957e-03 -3.309548e-03 3.818562e-03 1.095101e+00 2.434500e-02 9.256170e-06 1.542339e-08 -2.584012e-03 -3.725342e-06 1.146686e-04 5.780294e-06 
1.000000e-01 1.000000e-01 -2.100000e+00 -1.267730e-03 7.724976e-03 -3.875484e-03 4.235940e-03 1.107441e+00 2.715825e-02 1.042767e-05 4.690264e-10 -2.575328e-03 -3.856003e-06 1.280093e-04 6.457859e-06 
1.000000e-01 1.000000e-01 -2.000000e+00 -1.662132e-03 8.749145e-03 -4.568055e-03 4.710814e-03 1.121994e+00 3.039817e-02 1.177676e-05 -1.987563e-08 -2.565223e-03 -4.005220e-06 1.432479e-04 7.233580e-06 
1.000000e-01 1.000000e-01 -1.900000e+00 -2.201452e-03 9.947292e-03 -5.424160e-03 5.252317e-03 1.139283e+00 3.413610e-02 1.332740e-05 -4.724732e-08 -2.553408e-03 -4.175266e-06 1.606606e-04 8.122591e-06 
1.000000e-01 1.000000e-01 -1.800000e+00 -2.950109e-03 1.135215e-02 -6.494831e-03 5.871167e-03 1.159983e+00 3.845326e-02 1.510142e-05 -8.378643e-08 -2.539523e-03 -4.368199e-06 1.805432e-04 9.141700e-06 
1.000000e-01 1.000000e-01 -1.700000e+00 -4.006596e-03 1.300139e-02 -7.852366e-03 6.580016e-03 1.184985e+00 4.343956e-02 1.711277e-05 -1.323233e-07 -2.523115e-03 -4.585402e-06 2.031943e-04 1.030896e-05 
1.000000e-01 1.000000e-01 -1.600000e+00 -5.524514e-03 1.493665e-02 -9.602040e-03 7.393970e-03 1.215483e+00 4.918974e-02 1.935599e-05 -1.966807e-07 -2.503613e-03 -4.826738e-06 2.288805e-04 1.164266e-05 
1.000000e-01 1.000000e-01 -1.500000e+00 -7.748391e-03 1.720048e-02 -1.190190e-02 8.331457e-03 1.253103e+00 5.579454e-02 2.178418e-05 -2.822199e-07 -2.480283e-03 -5.089063e-06 2.577711e-04 1.315929e-05 
1.000000e-01 1.000000e-01 -1.400000e+00 -1.107553e-02 1.982892e-02 -1.499686e-02 9.415789e-03 1.300109e+00 6.332207e-02 2.426601e-05 -3.969419e-07 -2.452182e-03 -5.363640e-06 2.898178e-04 1.486964e-05 
1.000000e-01 1.000000e-01 -1.300000e+00 -1.616256e-02 2.283511e-02 -1.927668e-02 1.067801e-02 1.359725e+00 7.178001e-02 2.650080e-05 -5.539728e-07 -2.418069e-03 -5.631828e-06 3.245322e-04 1.677161e-05 
1.000000e-01 1.000000e-01 -1.200000e+00 -2.409720e-02 2.617408e-02 -2.535912e-02 1.216247e-02 1.436649e+00 8.103070e-02 2.784870e-05 -7.781429e-07 -2.376284e-03 -5.859951e-06 3.605559e-04 1.883655e-05 
1.000000e-01 1.000000e-01 -1.100000e+00 -3.646741e-02 2.969280e-02 -3.395460e-02 1.396394e-02 1.537711e+00 9.053035e-02 2.703884e-05 -1.135341e-06 -2.324604e-03 -6.022291e-06 3.948887e-04 2.098299e-05 
1.000000e-01 1.000000e-01 -1.000000e+00 -2.587917e-02 8.492715e-01 -5.125552e-03 4.077498e+00 1.654455e+00 -1.868095e+00 -2.934297e-04 5.654367e-04 -1.710817e-03 1.022641e-03 5.076907e-04 -7.309309e-04 
1.000000e-01 1.000000e-01 -9.000000e-01 -3.056355e-01 -3.115944e-01 1.916231e-01 -2.684800e-02 8.579104e-01 2.287055e-02 -2.339982e-03 -1.089055e-04 -2.027949e-03 8.405395e-06 2.791933e-04 1.797900e-05 
1.000000e-01 1.000000e-01 -8.000000e-01 -3.436986e-01 -3.500490e-01 2.220561e-01 -2.511533e-02 8.741223e-01 3.081233e-02 -2.579503e-03 -1.213216e-04 -1.890846e-03 1.059641e-05 3.601181e-04 2.258978e-05 
1.000000e-01 1.000000e-01 -7.000000e-01 -3.860530e-01 -3.915969e-01 2.559881e-01 -2.175154e-02 8.919130e-01 4.178810e-02 -2.820062e-03 -1.340148e-04 -1.724973e-03 1.354940e-05 4.596210e-04 2.823149e-05 
1.000000e-01 1.000000e-01 -6.000000e-01 -4.309063e-01 -4.346675e-01 2.934017e-01 -1.608361e-02 9.108091e-01 5.559217e-02 -3.045547e-03 -1.462695e-04 -1.527245e-03 1.746796e-05 5.737664e-04 3.492288e-05 
1.000000e-01 1.000000e-01 -5.000000e-01 -4.758623e-01 -4.767401e-01 3.332193e-01 -7.628596e-03 9.296857e-01 7.202760e-02 -3.236520e-03 -1.571746e-04 -1.299298e-03 2.239425e-05 6.957002e-04 4.247212e-05 
1.000000e-01 1.000000e-01 -4.000000e-01 -5.174443e-01 -5.142327e-01 3.733650e-01 3.695625e-03 9.467600e-01 9.024634e-02 -3.372444e-03 -1.657313e-04 -1.049928e-03 2.814421e-05 8.124485e-04 5.036068e-05 
1.000000e-01 1.000000e-01 -3.000000e-01 -5.512737e-01 -5.428445e-01 4.107575e-01 1.721283e-02 9.596886e-01 1.084974e-01 -3.437435e-03 -1.711031e-04 -7.985182e-04 3.417347e-05 9.049637e-04 5.768058e-05 
1.000000e-01 1.000000e-01 -2.000000e-01 -5.727828e-01 -5.583625e-01 4.415542e-01 3.124852e-02 9.660765e-01 1.242869e-01 -3.426765e-03 -1.729193e-04 -5.761011e-04 3.951998e-05 9.526427e-04 6.327318e-05 
1.000000e-01 1.000000e-01 -1.000000e-01 -5.780606e-01 -5.574982e-01 4.617458e-01 4.330930e-02 9.642921e-01 1.349837e-01 -3.347874e-03 -1.713872e-04 -4.207701e-04 4.300747e-05 9.427054e-04 6.622510e-05 
1.000000e-01 1.000000e-01 0.000000e+00 7.503329e+00 -8.379569e+01 -2.172981e+00 -3.192787e+01 4.800258e-01 5.924066e-02 4.189223e-02 1.667982e-02 -1.077843e-02 -4.138731e-03 -1.820811e-03 6.056268e-06 
1.000000e-01 1.000000e-01 1.000000e-01 5.031579e-02 5.063824e-02 -5.088505e-02 -1.132045e-02 1.038169e-01 1.398477e-02 2.832997e-03 1.585204e-04 -8.844275e-03 -8.057535e-07 1.035128e-03 6.268405e-05 
1.000000e-01 1.000000e-01 2.000000e-01 5.012700e-02 4.833225e-02 -4.870043e-02 -1.092764e-02 1.113334e-01 1.345461e-02 2.927644e-03 1.637781e-04 -8.540592e-03 4.056046e-06 1.133390e-03 5.713660e-05 
1.000000e-01 1.000000e-01 3.000000e-01 4.852638e-02 4.494601e-02 -4.546810e-02 -1.018056e-02 1.174638e-01 1.233268e-02 2.960852e-03 1.644065e-04 -8.090733e-03 8.768145e-06 1.149462e-03 4.927465e-05 
1.000000e-01 1.000000e-01 4.000000e-01 4.583030e-02 4.077196e-02 -4.155707e-02 -9.316695e-03 1.222899e-01 1.088318e-02 2.923646e-03 1.606907e-04 -7.560626e-03 1.271516e-05 1.096994e-03 4.042269e-05 
1.000000e-01 1.000000e-01 5.000000e-01 4.244024e-02 3.613346e-02 -3.735730e-02 -8.525753e-03 1.259760e-01 9.355194e-03 2.819118e-03 1.533830e-04 -7.008746e-03 1.561355e-05 9.988378e-04 3.170315e-05 
1.000000e-01 1.000000e-01 6.000000e-01 3.873977e-02 3.135298e-02 -3.318058e-02 -7.898488e-03 1.287424e-01 7.926711e-03 2.661347e-03 1.435792e-04 -6.476670e-03 1.744028e-05 8.786238e-04 2.389899e-05 
1.000000e-01 1.000000e-01 7.000000e-01 3.503792e-02 2.669213e-02 -2.923162e-02 -7.447888e-03 1.308020e-01 6.690101e-03 2.469327e-03 1.324132e-04 -5.988480e-03 1.834314e-05 7.544619e-04 1.738625e-05 
1.000000e-01 1.000000e-01 8.000000e-01 3.157758e-02 2.232709e-02 -2.559086e-02 -7.143330e-03 1.323241e-01 5.669635e-03 2.261305e-03 1.208373e-04 -5.554832e-03 1.854008e-05 6.373964e-04 1.223395e-05 
1.000000e-01 1.000000e-01 9.000000e-01 2.868518e-02 1.834968e-02 -2.210675e-02 -6.934407e-03 1.333596e-01 4.834418e-03 2.051459e-03 1.095807e-04 -5.177691e-03 1.826949e-05 5.314694e-04 8.446533e-06 
1.000000e-01 1.000000e-01 1.000000e+00 1.744757e-01 -1.557316e+00 1.321343e-01 -4.413319e+00 2.566749e+00 -2.519138e+00 1.083289e-04 8.317841e-05 -2.812667e-03 1.604347e-04 3.072716e-04 1.304223e-04 
1.000000e-01 1.000000e-01 1.100000e+00 1.381978e-01 -3.122795e-03 1.548939e-01 1.929679e-02 2.188158e+00 8.565834e-02 6.172658e-05 4.690379e-06 -2.567161e-03 -5.835703e-06 3.520071e-04 1.658411e-05 
1.000000e-01 1.000000e-01 1.200000e+00 9.764515e-02 -1.217426e-03 1.111638e-01 1.717415e-02 1.919767e+00 7.429011e-02 4.475924e-05 3.469663e-06 -2.550885e-03 -5.385370e-06 3.109365e-04 1.525388e-05 
1.000000e-01 1.000000e-01 1.300000e+00 6.981108e-02 3.987187e-07 8.081788e-02 1.519861e-02 1.725245e+00 6.456276e-02 3.364937e-05 2.631286e-06 -2.545446e-03 -5.032755e-06 2.745148e-04 1.379336e-05 
1.000000e-01 1.000000e-01 1.400000e+00 5.096364e-02 7.718251e-04 5.996510e-02 1.341717e-02 1.581380e+00 5.628878e-02 2.595143e-05 2.042982e-06 -2.546487e-03 -4.740053e-06 2.424394e-04 1.236377e-05 
1.000000e-01 1.000000e-01 1.500000e+00 3.797690e-02 1.244661e-03 4.536582e-02 1.183672e-02 1.472844e+00 4.925040e-02 2.046015e-05 1.619879e-06 -2.551077e-03 -4.492849e-06 2.143502e-04 1.103368e-05 
1.000000e-01 1.000000e-01 1.600000e+00 2.883798e-02 1.517240e-03 3.492602e-02 1.044810e-02 1.389494e+00 4.325487e-02 1.644675e-05 1.308590e-06 -2.557451e-03 -4.281932e-06 1.898387e-04 9.828667e-06 
1.000000e-01 1.000000e-01 1.700000e+00 2.227385e-02 1.656017e-03 2.731028e-02 9.234909e-03 1.324470e+00 3.813690e-02 1.344880e-05 1.074710e-06 -2.564559e-03 -4.100689e-06 1.684858e-04 8.753388e-06 
1.000000e-01 1.000000e-01 1.800000e+00 1.746905e-02 1.706201e-03 2.165341e-02 8.178195e-03 1.273027e+00 3.375661e-02 1.116429e-05 8.955501e-07 -2.571791e-03 -3.944105e-06 1.498915e-04 7.802231e-06 
1.000000e-01 1.000000e-01 1.900000e+00 1.389092e-02 1.698624e-03 1.738283e-02 7.258920e-03 1.231816e+00 2.999654e-02 9.391350e-06 7.558417e-07 -2.578800e-03 -3.808233e-06 1.336903e-04 6.964948e-06 
1.000000e-01 1.000000e-01 2.000000e+00 1.118425e-02 1.654311e-03 1.411145e-02 6.459209e-03 1.198430e+00 2.675854e-02 7.992287e-06 6.451101e-07 -2.585403e-03 -3.689888e-06 1.195565e-04 6.229650e-06 
1.000000e-01 1.000000e-01 2.100000e+00 9.107437e-03 1.587570e-03 1.157228e-02 5.762904e-03 1.171106e+00 2.396081e-02 6.871394e-06 5.560391e-07 -2.591516e-03 -3.586456e-06 1.072050e-04 5.584388e-06 
1.000000e-01 1.000000e-01 2.200000e+00 7.493084e-03 1.508095e-03 9.577751e-03 5.155728e-03 1.148537e+00 2.153523e-02 5.960956e-06 4.834288e-07 -2.597112e-03 -3.495770e-06 9.638898e-05 5.017928e-06 
1.000000e-01 1.000000e-01 2.300000e+00 6.223217e-03 1.422406e-03 7.993924e-03 4.625254e-03 1.129738e+00 1.942511e-02 5.212245e-06 4.235219e-07 -2.602196e-03 -3.416016e-06 8.689584e-05 4.520091e-06 
1.000000e-01 1.000000e-01 2.400000e+00 5.213374e-03 1.334836e-03 6.723658e-03 4.160764e-03 1.113958e+00 1.758314e-02 4.589632e-06 3.735597e-07 -2.606795e-03 -3.345668e-06 7.854350e-05 4.081855e-06 
1.000000e-01 1.000000e-01 2.500000e+00 4.402213e-03 1.248211e-03 5.695527e-03 3.753066e-03 1.100618e+00 1.596987e-02 4.066662e-06 3.314858e-07 -2.610944e-03 -3.283441e-06 7.117633e-05 3.695328e-06 
1.000000e-01 1.000000e-01 2.600000e+00 3.744578e-03 1.164323e-03 4.856343e-03 3.394306e-03 1.089266e+00 1.455224e-02 3.623408e-06 2.957452e-07 -2.614680e-03 -3.228242e-06 6.466141e-05 3.353665e-06 
1.000000e-01 1.000000e-01 2.700000e+00 3.206819e-03 1.084255e-03 4.166028e-03 3.077787e-03 1.079548e+00 1.330252e-02 3.244655e-06 2.651462e-07 -2.618044e-03 -3.179144e-06 5.888526e-05 3.050959e-06 
1.000000e-01 1.000000e-01 2.800000e+00 2.763571e-03 1.008605e-03 3.594059e-03 2.797797e-03 1.071182e+00 1.219739e-02 2.918638e-06 2.387638e-07 -2.621071e-03 -3.135358e-06 5.375090e-05 2.782123e-06 
1.000000e-01 1.000000e-01 2.900000e+00 2.395509e-03 9.376459e-04 3.116953e-03 2.549466e-03 1.063941e+00 1.121718e-02 2.636148e-06 2.158715e-07 -2.623798e-03 -3.096206e-06 4.917541e-05 2.542788e-06 
1.000000e-01 1.000000e-01 3.000000e+00 2.087763e-03 8.714336e-04 2.716476e-03 2.328639e-03 1.057644e+00 1.034520e-02 2.389899e-06 1.958925e-07 -2.626256e-03 -3.061112e-06 4.508774e-05 2.329196e-06 
