1.000000e-01 1.000000e-01 -3.000000e+00 -5.368298e-04 2.583903e-04 -5.350837e-04 -7.282057e-06 1.011412e+00 1.007875e-03 4.839783e-07 1.763103e-08 -2.631985e-03 -2.670406e-06 2.137665e-06 -7.165436e-10 
1.000000e-01 1.000000e-01 -2.900000e+00 -6.135942e-04 2.739666e-04 -6.105434e-04 -7.676356e-06 1.012595e+00 1.008516e-03 5.179958e-07 1.937453e-08 -2.629849e-03 -2.671852e-06 2.405822e-06 -7.898450e-10 
1.000000e-01 1.000000e-01 -2.800000e+00 -7.050979e-04 2.909262e-04 -7.003392e-04 -8.098007e-06 1.013952e+00 1.009226e-03 5.542712e-07 2.137282e-08 -2.627441e-03 -2.673497e-06 2.715776e-06 -8.701727e-10 
1.000000e-01 1.000000e-01 -2.700000e+00 -8.149508e-04 3.094314e-04 -8.079548e-04 -8.548745e-06 1.015520e+00 1.010018e-03 5.927698e-07 2.367588e-08 -2.624720e-03 -2.675377e-06 3.075249e-06 -9.575296e-10 
1.000000e-01 1.000000e-01 -2.600000e+00 -9.478486e-04 3.296698e-04 -9.379155e-04 -9.030290e-06 1.017340e+00 1.010903e-03 6.333830e-07 2.634605e-08 -2.621636e-03 -2.677539e-06 3.493603e-06 -1.051509e-09 
1.000000e-01 1.000000e-01 -2.500000e+00 -1.109961e-03 3.518585e-04 -1.096161e-03 -9.544322e-06 1.019468e+00 1.011899e-03 6.759123e-07 2.946177e-08 -2.618128e-03 -2.680044e-06 3.982224e-06 -1.151071e-09 
1.000000e-01 1.000000e-01 -2.400000e+00 -1.309483e-03 3.762517e-04 -1.290571e-03 -1.009248e-05 1.021973e+00 1.013028e-03 7.200641e-07 3.312263e-08 -2.614124e-03 -2.682966e-06 4.555017e-06 -1.254235e-09 
1.000000e-01 1.000000e-01 -2.300000e+00 -1.557430e-03 4.031495e-04 -1.531727e-03 -1.067641e-05 1.024944e+00 1.014321e-03 7.654730e-07 3.745630e-08 -2.609538e-03 -2.686404e-06 5.229044e-06 -1.357684e-09 
1.000000e-01 1.000000e-01 -2.200000e+00 -1.868785e-03 4.329114e-04 -1.834012e-03 -1.129798e-05 1.028499e+00 1.015821e-03 8.117925e-07 4.262821e-08 -2.604268e-03 -2.690487e-06 6.025355e-06 -1.456288e-09 
1.000000e-01 1.000000e-01 -2.100000e+00 -2.264211e-03 4.659749e-04 -2.217250e-03 -1.195971e-05 1.032792e+00 1.017592e-03 8.589317e-07 4.885526e-08 -2.598187e-03 -2.695388e-06 6.970109e-06 -1.542662e-09 
1.000000e-01 1.000000e-01 -2.000000e+00 -2.772612e-03 5.028841e-04 -2.709160e-03 -1.266584e-05 1.038026e+00 1.019733e-03 9.075996e-07 5.642574e-08 -2.591144e-03 -2.701343e-06 8.096127e-06 -1.607006e-09 
1.000000e-01 1.000000e-01 -1.900000e+00 -3.435063e-03 5.443342e-04 -3.349137e-03 -1.342447e-05 1.044481e+00 1.022400e-03 9.604773e-07 6.572883e-08 -2.582955e-03 -2.708677e-06 9.445197e-06 -1.637904e-09 
1.000000e-01 1.000000e-01 -1.800000e+00 -4.310969e-03 5.912437e-04 -4.194188e-03 -1.425204e-05 1.052538e+00 1.025855e-03 1.024669e-06 7.730007e-08 -2.573391e-03 -2.717853e-06 1.107172e-05 -1.625530e-09 
1.000000e-01 1.000000e-01 -1.700000e+00 -5.488023e-03 6.448766e-04 -5.328547e-03 -1.518233e-05 1.062730e+00 1.030551e-03 1.116735e-06 9.189358e-08 -2.562173e-03 -2.729544e-06 1.304903e-05 -1.570270e-09 
1.000000e-01 1.000000e-01 -1.600000e+00 -7.098983e-03 7.070603e-04 -6.879945e-03 -1.628536e-05 1.075818e+00 1.037308e-03 1.272880e-06 1.106021e-07 -2.548949e-03 -2.744761e-06 1.548166e-05 -1.502689e-09 
1.000000e-01 1.000000e-01 -1.500000e+00 -9.351898e-03 7.805959e-04 -9.048952e-03 -1.771014e-05 1.092905e+00 1.047719e-03 1.569267e-06 1.350633e-07 -2.533272e-03 -2.765084e-06 1.853180e-05 -1.527191e-09 
1.000000e-01 1.000000e-01 -1.400000e+00 -1.259088e-02 8.700900e-04 -1.216785e-02 -1.979982e-05 1.115640e+00 1.065148e-03 2.160826e-06 1.678148e-07 -2.514551e-03 -2.793179e-06 2.248526e-05 -1.927374e-09 
1.000000e-01 1.000000e-01 -1.300000e+00 -1.744190e-02 9.837895e-04 -1.684015e-02 -2.350533e-05 1.146555e+00 1.097625e-03 3.345423e-06 2.128498e-07 -2.491952e-03 -2.834159e-06 2.794415e-05 -3.560058e-09 
1.000000e-01 1.000000e-01 -1.200000e+00 -2.526019e-02 1.137815e-03 -2.435543e-02 -3.248446e-05 1.189655e+00 1.167960e-03 5.594198e-06 2.761014e-07 -2.464148e-03 -2.900499e-06 3.651442e-05 -1.056176e-08 
1.000000e-01 1.000000e-01 -1.100000e+00 -3.988932e-02 1.360322e-03 -3.818021e-02 -7.357285e-05 1.250928e+00 1.363070e-03 8.735148e-06 3.629871e-07 -2.428826e-03 -3.042227e-06 5.382246e-05 -5.315298e-08 
1.000000e-01 1.000000e-01 -1.000000e+00 -7.468262e-02 -3.548950e-01 -6.790355e-02 -4.629080e-01 1.323595e+00 5.432506e-01 2.693119e-06 -3.489550e-04 -2.377411e-03 -4.200314e-04 8.706817e-05 4.636910e-04 
1.000000e-01 1.000000e-01 -9.000000e-01 8.947260e-03 -6.131463e-02 3.953416e-03 -1.017049e-01 7.085217e-01 -2.969951e-01 3.660218e-05 -1.313821e-04 -2.340305e-03 -1.916317e-04 5.353305e-05 -5.244052e-04 
1.000000e-01 1.000000e-01 -8.000000e-01 6.017533e-03 1.728799e-03 4.286692e-03 5.318207e-05 6.952159e-01 7.964065e-04 2.160085e-05 5.547386e-07 -2.296652e-03 -3.146172e-06 5.131432e-05 2.528899e-07 
1.000000e-01 1.000000e-01 -7.000000e-01 5.233129e-03 1.594943e-03 4.580779e-03 2.681247e-05 6.839007e-01 7.283238e-04 1.462690e-05 5.678998e-07 -2.244287e-03 -2.998936e-06 5.615214e-05 1.549796e-07 
1.000000e-01 1.000000e-01 -6.000000e-01 5.204391e-03 1.458298e-03 5.236968e-03 2.508121e-05 6.722538e-01 6.901800e-04 1.332377e-05 5.736954e-07 -2.182919e-03 -2.911674e-06 6.382395e-05 1.363550e-07 
1.000000e-01 1.000000e-01 -5.000000e-01 5.294522e-03 1.312178e-03 5.741514e-03 2.425364e-05 6.603813e-01 6.596058e-04 1.902133e-05 5.895333e-07 -2.114729e-03 -2.842316e-06 6.775625e-05 1.452682e-07 
1.000000e-01 1.000000e-01 -4.000000e-01 4.959686e-03 1.159922e-03 5.619783e-03 1.650916e-05 6.489786e-01 6.372080e-04 3.182132e-05 6.212073e-07 -2.045631e-03 -2.778805e-06 6.141749e-05 1.465550e-07 
1.000000e-01 1.000000e-01 -3.000000e-01 3.767967e-03 1.016406e-03 4.441044e-03 -8.799442e-06 6.395385e-01 6.378158e-04 5.120267e-05 6.675486e-07 -1.985999e-03 -2.735303e-06 3.841619e-05 1.043522e-07 
1.000000e-01 1.000000e-01 -2.000000e-01 1.776083e-03 9.194489e-04 2.130249e-03 -6.541795e-05 6.339625e-01 6.834761e-04 7.637250e-05 7.429309e-07 -1.950673e-03 -2.743171e-06 -6.153323e-06 -4.961896e-08 
1.000000e-01 1.000000e-01 -1.000000e-01 5.713340e-05 9.644170e-04 -3.292494e-04 -9.997956e-05 6.331541e-01 9.334455e-04 1.075328e-04 9.539794e-07 -1.957983e-03 -2.854961e-06 -7.222294e-05 -5.377533e-07 
1.000000e-01 1.000000e-01 0.000000e+00 -1.907980e-02 -6.653378e-01 -5.498881e-02 -3.147469e+01 3.669932e-01 9.776179e-04 -1.537597e-04 -1.210564e-04 -6.675121e-04 -1.146856e-04 -6.578442e-04 -2.701255e-06 
1.000000e-01 1.000000e-01 1.000000e-01 -2.446507e-03 1.467070e-04 -2.021291e-03 -2.586280e-05 6.910112e-02 7.851475e-05 1.075389e-04 1.087129e-06 -1.958087e-03 -3.001708e-06 7.214041e-05 5.413126e-07 
1.000000e-01 1.000000e-01 2.000000e-01 -2.797219e-03 -4.413325e-04 -2.659156e-03 -4.543776e-05 7.523652e-02 1.700122e-04 7.637450e-05 1.009472e-06 -1.950858e-03 -3.028956e-06 6.075805e-06 4.924204e-08 
1.000000e-01 1.000000e-01 3.000000e-01 -2.867311e-03 -9.488136e-04 -2.786434e-03 -5.056501e-05 8.160198e-02 2.572171e-04 5.120091e-05 1.070238e-06 -1.986231e-03 -3.159285e-06 -3.848951e-05 -1.054894e-07 
1.000000e-01 1.000000e-01 4.000000e-01 -2.724882e-03 -1.400540e-03 -2.616763e-03 -4.644412e-05 8.785400e-02 3.221602e-04 3.181683e-05 1.146240e-06 -2.045879e-03 -3.330182e-06 -6.148452e-05 -1.470464e-07 
1.000000e-01 1.000000e-01 5.000000e-01 -2.468266e-03 -1.820659e-03 -2.287828e-03 -3.940345e-05 9.373519e-02 3.665610e-04 1.901551e-05 1.218662e-06 -2.114965e-03 -3.506204e-06 -6.781628e-05 -1.436938e-07 
1.000000e-01 1.000000e-01 6.000000e-01 -2.207893e-03 -2.227104e-03 -1.904647e-03 -3.407139e-05 9.912640e-02 3.960364e-04 1.331809e-05 1.287947e-06 -2.183114e-03 -3.672827e-06 -6.387767e-05 -1.323206e-07 
1.000000e-01 1.000000e-01 7.000000e-01 -2.056142e-03 -2.629284e-03 -1.558323e-03 -3.477768e-05 1.040506e-01 4.227844e-04 1.462260e-05 1.348335e-06 -2.244416e-03 -3.845043e-06 -5.620197e-05 -1.503716e-07 
1.000000e-01 1.000000e-01 8.000000e-01 -2.167118e-03 -3.024353e-03 -1.350435e-03 -4.578777e-05 1.086135e-01 4.765383e-04 2.159845e-05 1.363506e-06 -2.296692e-03 -4.102075e-06 -5.136599e-05 -2.704093e-07 
1.000000e-01 1.000000e-01 9.000000e-01 -2.990000e-03 2.916961e-03 -1.185530e-03 1.012776e-02 1.132148e-01 -2.914962e-02 3.715613e-05 -2.168960e-05 -2.339573e-03 -3.748915e-05 -5.534593e-05 9.007291e-05 
1.000000e-01 1.000000e-01 1.000000e+00 2.518611e-01 3.537214e-01 2.229788e-01 4.632213e-01 1.982986e+00 5.442999e-01 4.033179e-06 -5.922910e-05 -2.375872e-03 -7.674124e-05 -8.564598e-05 -7.968442e-05 
1.000000e-01 1.000000e-01 1.100000e+00 1.304979e-01 -2.189789e-03 1.226681e-01 1.310053e-04 1.747336e+00 1.830312e-03 8.730964e-06 9.517917e-07 -2.428735e-03 -3.680706e-06 -5.385572e-05 6.050988e-08 
1.000000e-01 1.000000e-01 1.200000e+00 7.992987e-02 -1.695324e-03 7.597593e-02 5.375928e-05 1.553657e+00 1.430446e-03 5.592181e-06 6.858110e-07 -2.464078e-03 -3.349170e-06 -3.653508e-05 1.017280e-08 
1.000000e-01 1.000000e-01 1.300000e+00 5.383948e-02 -1.368466e-03 5.139030e-02 3.331622e-05 1.419097e+00 1.260463e-03 3.344057e-06 5.114952e-07 -2.491898e-03 -3.161414e-06 -2.795838e-05 3.181377e-09 
1.000000e-01 1.000000e-01 1.400000e+00 3.809761e-02 -1.142045e-03 3.645919e-02 2.427299e-05 1.323897e+00 1.171895e-03 2.159825e-06 3.911097e-07 -2.514509e-03 -3.038511e-06 -2.249559e-05 1.864774e-09 
1.000000e-01 1.000000e-01 1.500000e+00 2.779881e-02 -9.768955e-04 2.665403e-02 1.927460e-05 1.254811e+00 1.120287e-03 1.568532e-06 3.050433e-07 -2.533238e-03 -2.952637e-06 -1.853952e-05 1.709139e-09 
1.000000e-01 1.000000e-01 1.600000e+00 2.074545e-02 -8.513310e-04 1.992007e-02 1.618526e-05 1.203571e+00 1.088021e-03 1.272347e-06 2.418141e-07 -2.548921e-03 -2.890368e-06 -1.548755e-05 1.829856e-09 
1.000000e-01 1.000000e-01 1.700000e+00 1.576622e-02 -7.526119e-04 1.515582e-02 1.412852e-05 1.164854e+00 1.066808e-03 1.116356e-06 1.943419e-07 -2.562150e-03 -2.844043e-06 -1.305360e-05 1.969041e-09 
1.000000e-01 1.000000e-01 1.800000e+00 1.217009e-02 -6.728488e-04 1.170881e-02 1.266954e-05 1.135123e+00 1.052293e-03 1.024408e-06 1.580608e-07 -2.573372e-03 -2.808881e-06 -1.107530e-05 2.048765e-09 
1.000000e-01 1.000000e-01 1.900000e+00 9.523946e-03 -6.069426e-04 9.168714e-03 1.157229e-05 1.111961e+00 1.042017e-03 9.603036e-07 1.299144e-07 -2.582939e-03 -2.781738e-06 -9.448043e-06 2.057615e-09 
1.000000e-01 1.000000e-01 2.000000e+00 7.545342e-03 -5.514767e-04 7.267146e-03 1.070263e-05 1.093684e+00 1.034517e-03 9.074916e-07 1.077939e-07 -2.591131e-03 -2.760479e-06 -8.098408e-06 2.007705e-09 
1.000000e-01 1.000000e-01 2.100000e+00 6.044734e-03 -5.040873e-04 5.823562e-03 9.982143e-06 1.079092e+00 1.028894e-03 8.588727e-07 9.020864e-08 -2.598176e-03 -2.743609e-06 -6.971953e-06 1.916633e-09 
1.000000e-01 1.000000e-01 2.200000e+00 4.892017e-03 -4.630910e-04 4.713774e-03 9.363899e-06 1.067318e+00 1.024573e-03 8.117698e-07 7.608400e-08 -2.604258e-03 -2.730068e-06 -6.026858e-06 1.800485e-09 
1.000000e-01 1.000000e-01 2.300000e+00 3.996184e-03 -4.272570e-04 3.850754e-03 8.819179e-06 1.057725e+00 1.021179e-03 7.654772e-07 6.463206e-08 -2.609530e-03 -2.719084e-06 -5.230277e-06 1.671775e-09 
1.000000e-01 1.000000e-01 2.400000e+00 3.292529e-03 -3.956633e-04 3.172531e-03 8.329966e-06 1.049839e+00 1.018461e-03 7.200880e-07 5.526690e-08 -2.614117e-03 -2.710089e-06 -4.556036e-06 1.539389e-09 
1.000000e-01 1.000000e-01 2.500000e+00 2.734367e-03 -3.676040e-04 2.634334e-03 7.884629e-06 1.043302e+00 1.016247e-03 6.759504e-07 4.754728e-08 -2.618122e-03 -2.702658e-06 -3.983072e-06 1.409219e-09 
1.000000e-01 1.000000e-01 2.600000e+00 2.287568e-03 -3.425280e-04 2.203393e-03 7.475404e-06 1.037841e+00 1.014414e-03 6.334313e-07 4.113710e-08 -2.621631e-03 -2.696471e-06 -3.494313e-06 1.284907e-09 
1.000000e-01 1.000000e-01 2.700000e+00 1.926881e-03 -3.199971e-04 1.855437e-03 7.096901e-06 1.033249e+00 1.012879e-03 5.928253e-07 3.577774e-08 -2.624716e-03 -2.691281e-06 -3.075846e-06 1.168505e-09 
1.000000e-01 1.000000e-01 2.800000e+00 1.633408e-03 -2.996579e-04 1.572290e-03 6.745220e-06 1.029360e+00 1.011576e-03 5.543315e-07 3.126827e-08 -2.627437e-03 -2.686898e-06 -2.716281e-06 1.060979e-09 
1.000000e-01 1.000000e-01 2.900000e+00 1.392863e-03 -2.812210e-04 1.340198e-03 6.417406e-06 1.026047e+00 1.010460e-03 5.180593e-07 2.745125e-08 -2.629845e-03 -2.683173e-06 -2.406252e-06 9.625897e-10 
1.000000e-01 1.000000e-01 3.000000e+00 1.194342e-03 -2.644466e-04 1.148655e-03 6.111124e-06 1.023208e+00 1.009496e-03 4.840436e-07 2.420226e-08 -2.631982e-03 -2.679989e-06 -2.138032e-06 8.731541e-10 
