1.000000e-01 1.000000e-01 -3.000000e+00 -4.923626e-04 1.532120e-03 -2.088466e-03 1.194666e-03 1.059566e+00 7.682397e-03 1.341313e-06 9.577252e-07 -2.622822e-03 -4.307191e-06 3.402885e-05 -3.157911e-05 
1.000000e-01 1.000000e-01 -2.900000e+00 -6.633786e-04 1.636843e-03 -2.453727e-03 1.312900e-03 1.065847e+00 8.302198e-03 1.372124e-06 1.130481e-06 -2.619806e-03 -4.588699e-06 3.718448e-05 -3.441517e-05 
1.000000e-01 1.000000e-01 -2.800000e+00 -8.796876e-04 1.748206e-03 -2.894057e-03 1.447634e-03 1.073039e+00 8.995411e-03 1.387480e-06 1.342514e-06 -2.616405e-03 -4.931045e-06 4.071246e-05 -3.757398e-05 
1.000000e-01 1.000000e-01 -2.700000e+00 -1.154349e-03 1.865617e-03 -3.427712e-03 1.602098e-03 1.081311e+00 9.771851e-03 1.379792e-06 1.604935e-06 -2.612556e-03 -5.350724e-06 4.466236e-05 -4.109629e-05 
1.000000e-01 1.000000e-01 -2.600000e+00 -1.504731e-03 1.987847e-03 -4.078119e-03 1.780444e-03 1.090873e+00 1.064248e-02 1.338328e-06 1.932665e-06 -2.608185e-03 -5.869780e-06 4.908966e-05 -4.502704e-05 
1.000000e-01 1.000000e-01 -2.500000e+00 -1.954155e-03 2.112668e-03 -4.875538e-03 1.988109e-03 1.101985e+00 1.161937e-02 1.247840e-06 2.345977e-06 -2.603202e-03 -6.518100e-06 5.405562e-05 -4.941488e-05 
1.000000e-01 1.000000e-01 -2.400000e+00 -2.534254e-03 2.236325e-03 -5.859311e-03 2.232407e-03 1.114973e+00 1.271545e-02 1.086524e-06 2.872773e-06 -2.597496e-03 -7.336878e-06 5.962642e-05 -5.431094e-05 
1.000000e-01 1.000000e-01 -2.300000e+00 -3.288410e-03 2.352704e-03 -7.080912e-03 2.523461e-03 1.130245e+00 1.394404e-02 8.229699e-07 3.551958e-06 -2.590931e-03 -8.383966e-06 6.587110e-05 -5.976627e-05 
1.000000e-01 1.000000e-01 -2.200000e+00 -4.276832e-03 2.452054e-03 -8.608076e-03 2.875753e-03 1.148323e+00 1.531784e-02 4.115318e-07 4.438551e-06 -2.583336e-03 -9.742348e-06 7.285745e-05 -6.582718e-05 
1.000000e-01 1.000000e-01 -2.100000e+00 -5.584165e-03 2.518985e-03 -1.053035e-02 3.310767e-03 1.169875e+00 1.684714e-02 -2.147773e-07 5.611490e-06 -2.574493e-03 -1.153395e-05 8.064446e-05 -7.252722e-05 
1.000000e-01 1.000000e-01 -2.000000e+00 -7.331063e-03 2.529319e-03 -1.296647e-02 3.861648e-03 1.195772e+00 1.853682e-02 -1.155288e-06 7.185691e-06 -2.564114e-03 -1.394278e-05 8.926952e-05 -7.987388e-05 
1.000000e-01 1.000000e-01 -1.900000e+00 -9.692047e-03 2.445116e-03 -1.607380e-02 4.581607e-03 1.227153e+00 2.038150e-02 -2.558834e-06 9.330848e-06 -2.551810e-03 -1.725481e-05 9.872772e-05 -8.782770e-05 
1.000000e-01 1.000000e-01 -1.800000e+00 -1.292344e-02 2.206830e-03 -2.005994e-02 5.559412e-03 1.265543e+00 2.235852e-02 -4.650507e-06 1.230069e-05 -2.537032e-03 -2.192842e-05 1.089410e-04 -9.627237e-05 
1.000000e-01 1.000000e-01 -1.700000e+00 -1.740746e-02 1.721140e-03 -2.519567e-02 6.948218e-03 1.313006e+00 2.441968e-02 -7.772709e-06 1.647786e-05 -2.518967e-03 -2.872045e-05 1.197188e-04 -1.049793e-04 
1.000000e-01 1.000000e-01 -1.600000e+00 -2.372199e-02 8.429485e-04 -3.182787e-02 9.018482e-03 1.372402e+00 2.648794e-02 -1.244513e-05 2.243926e-05 -2.496358e-03 -3.891020e-05 1.307293e-04 -1.135903e-04 
1.000000e-01 1.000000e-01 -1.500000e+00 -3.274886e-02 -6.479224e-04 -4.039467e-02 1.224900e-02 1.447819e+00 2.848094e-02 -1.944076e-05 3.103821e-05 -2.467202e-03 -5.467472e-05 1.415505e-04 -1.217034e-04 
1.000000e-01 1.000000e-01 -1.400000e+00 -4.583207e-02 -3.064908e-03 -5.147480e-02 1.745369e-02 1.545320e+00 3.042348e-02 -2.984018e-05 4.346037e-05 -2.428355e-03 -7.960019e-05 1.520028e-04 -1.292943e-04 
1.000000e-01 1.000000e-01 -1.300000e+00 -6.496943e-02 -6.784817e-03 -6.603050e-02 2.583436e-02 1.674316e+00 3.276664e-02 -4.491462e-05 6.108533e-05 -2.375441e-03 -1.188923e-04 1.631275e-04 -1.379081e-04 
1.000000e-01 1.000000e-01 -1.200000e+00 -9.291088e-02 -1.206720e-02 -8.628788e-02 3.854777e-02 1.849763e+00 3.688000e-02 -6.548765e-05 8.477639e-05 -2.304506e-03 -1.776946e-04 1.785853e-04 -1.524171e-04 
1.000000e-01 1.000000e-01 -1.100000e+00 -1.324882e-01 -1.887994e-02 -1.162878e-01 5.590904e-02 2.094333e+00 4.487296e-02 -9.130365e-05 1.144867e-04 -2.214796e-03 -2.579855e-04 2.036489e-04 -1.801798e-04 
1.000000e-01 1.000000e-01 -1.000000e+00 -6.122981e-01 7.179826e-01 -6.508352e-01 3.965546e+00 2.969248e+00 -1.783138e+00 -7.314510e-04 3.968912e-04 -2.420273e-03 -2.277560e-04 8.887992e-04 -5.167442e-04 
1.000000e-01 1.000000e-01 -9.000000e-01 -5.396772e-02 -2.229571e-01 -7.245037e-02 1.353707e-01 2.592466e-01 1.151044e-02 -1.902487e-03 1.923639e-03 -1.902532e-03 -1.848411e-03 1.943324e-04 -3.233907e-04 
1.000000e-01 1.000000e-01 -8.000000e-01 -5.061286e-02 -2.389106e-01 -9.638702e-02 1.350264e-01 2.682594e-01 1.875282e-02 -2.076249e-03 2.098703e-03 -1.819083e-03 -2.063969e-03 2.682871e-04 -4.203031e-04 
1.000000e-01 1.000000e-01 -7.000000e-01 -4.683509e-02 -2.552648e-01 -1.227753e-01 1.349442e-01 2.696788e-01 1.829100e-02 -2.249604e-03 2.270925e-03 -1.719343e-03 -2.311989e-03 3.265603e-04 -4.953089e-04 
1.000000e-01 1.000000e-01 -6.000000e-01 -4.332197e-02 -2.723741e-01 -1.455145e-01 1.400447e-01 2.663213e-01 1.254354e-02 -2.415180e-03 2.433661e-03 -1.584686e-03 -2.610399e-03 3.744183e-04 -5.537763e-04 
1.000000e-01 1.000000e-01 -5.000000e-01 -4.083383e-02 -2.901189e-01 -1.625604e-01 1.512018e-01 2.624860e-01 5.469559e-03 -2.562875e-03 2.576876e-03 -1.412722e-03 -2.957091e-03 4.213220e-04 -6.034208e-04 
1.000000e-01 1.000000e-01 -4.000000e-01 -3.920028e-02 -3.071423e-01 -1.746974e-01 1.660977e-01 2.602835e-01 -8.575463e-04 -2.678473e-03 2.686432e-03 -1.216324e-03 -3.329606e-03 4.673141e-04 -6.408358e-04 
1.000000e-01 1.000000e-01 -3.000000e-01 -3.785459e-02 -3.214593e-01 -1.827662e-01 1.817462e-01 2.598179e-01 -6.027657e-03 -2.748784e-03 2.749848e-03 -1.016738e-03 -3.692596e-03 5.035912e-04 -6.532365e-04 
1.000000e-01 1.000000e-01 -2.000000e-01 -3.629611e-02 -3.310521e-01 -1.870955e-01 1.951906e-01 2.603654e-01 -1.017868e-02 -2.766874e-03 2.761859e-03 -8.415622e-04 -4.001050e-03 5.186330e-04 -6.268594e-04 
1.000000e-01 1.000000e-01 -1.000000e-01 -3.427887e-02 -3.342501e-01 -1.877814e-01 2.037335e-01 2.611640e-01 -1.343672e-02 -2.733526e-03 2.725107e-03 -7.215555e-04 -4.207022e-03 5.050546e-04 -5.559758e-04 
1.000000e-01 1.000000e-01 0.000000e+00 -6.457152e+00 -1.221017e+01 1.890932e+00 -7.536033e+00 1.481632e-01 -9.980670e-03 2.068670e-02 -2.194332e-02 -4.306894e-03 1.587970e-03 -1.936968e-03 -1.044342e-04 
1.000000e-01 1.000000e-01 1.000000e-01 1.023311e-02 3.119018e-01 1.762846e-01 -2.145408e-01 2.602069e-01 -1.437640e-02 2.290652e-03 -2.517701e-03 -8.608964e-03 4.209887e-03 6.054107e-04 -5.399043e-04 
1.000000e-01 1.000000e-01 2.000000e-01 9.446194e-03 3.060702e-01 1.742179e-01 -2.073240e-01 2.581958e-01 -1.230260e-02 2.329837e-03 -2.562004e-03 -8.345072e-03 4.006859e-03 7.080061e-04 -6.000961e-04 
1.000000e-01 1.000000e-01 3.000000e-01 8.241139e-03 2.938803e-01 1.690410e-01 -1.946981e-01 2.556391e-01 -1.007739e-02 2.324167e-03 -2.555831e-03 -7.943216e-03 3.699948e-03 7.537685e-04 -6.151137e-04 
1.000000e-01 1.000000e-01 4.000000e-01 6.616776e-03 2.767697e-01 1.611895e-01 -1.788626e-01 2.529085e-01 -7.941507e-03 2.269878e-03 -2.495862e-03 -7.460884e-03 3.335445e-03 7.476859e-04 -5.915765e-04 
1.000000e-01 1.000000e-01 5.000000e-01 4.682426e-03 2.563894e-01 1.513267e-01 -1.618449e-01 2.504617e-01 -6.005563e-03 2.170547e-03 -2.386940e-03 -6.950901e-03 2.954432e-03 7.032657e-04 -5.417741e-04 
1.000000e-01 1.000000e-01 6.000000e-01 2.650546e-03 2.343926e-01 1.402391e-01 -1.451055e-01 2.486093e-01 -4.290142e-03 2.036527e-03 -2.240784e-03 -6.452327e-03 2.586328e-03 6.364415e-04 -4.788129e-04 
1.000000e-01 1.000000e-01 7.000000e-01 7.456769e-04 2.121883e-01 1.286912e-01 -1.295100e-01 2.474491e-01 -2.797215e-03 1.881098e-03 -2.071902e-03 -5.989119e-03 2.248347e-03 5.605624e-04 -4.128788e-04 
1.000000e-01 1.000000e-01 8.000000e-01 -8.151276e-04 1.908136e-01 1.173618e-01 -1.154664e-01 2.469121e-01 -1.517767e-03 1.716827e-03 -1.893861e-03 -5.573079e-03 1.948210e-03 4.845585e-04 -3.503048e-04 
1.000000e-01 1.000000e-01 9.000000e-01 -1.596929e-03 1.709677e-01 1.070553e-01 -1.030241e-01 2.468156e-01 -4.003340e-04 1.553143e-03 -1.717581e-03 -5.207938e-03 1.686990e-03 4.118164e-04 -2.939610e-04 
1.000000e-01 1.000000e-01 1.000000e+00 -1.760988e-01 -1.459736e+00 -3.066158e-02 -4.591038e+00 2.129614e+00 -2.569236e+00 -1.664455e-04 -2.061631e-04 -2.887530e-03 2.788304e-04 -8.026696e-05 -3.192566e-04 
1.000000e-01 1.000000e-01 1.100000e+00 1.429925e-01 2.801752e-02 1.726988e-01 -3.035307e-03 2.104523e+00 5.272843e-02 7.772723e-05 -6.418984e-05 -2.564346e-03 1.227117e-04 2.179708e-04 -2.399529e-04 
1.000000e-01 1.000000e-01 1.200000e+00 1.043939e-01 2.228224e-02 1.269098e-01 -4.523925e-04 1.861080e+00 4.618808e-02 5.873392e-05 -4.637359e-05 -2.549109e-03 8.851711e-05 1.904555e-04 -2.149049e-04 
1.000000e-01 1.000000e-01 1.300000e+00 7.737475e-02 1.798635e-02 9.469862e-02 1.069062e-03 1.683636e+00 4.049153e-02 4.563606e-05 -3.421545e-05 -2.544290e-03 6.456837e-05 1.672125e-04 -1.916118e-04 
1.000000e-01 1.000000e-01 1.400000e+00 5.861616e-02 1.471302e-02 7.211483e-02 1.931548e-03 1.551671e+00 3.557853e-02 3.615378e-05 -2.568082e-05 -2.545692e-03 4.763507e-05 1.473031e-04 -1.703881e-04 
1.000000e-01 1.000000e-01 1.500000e+00 4.533061e-02 1.217539e-02 5.596234e-02 2.385050e-03 1.451562e+00 3.135151e-02 2.911997e-05 -1.957219e-05 -2.550494e-03 3.548127e-05 1.301505e-04 -1.513661e-04 
1.000000e-01 1.000000e-01 1.600000e+00 3.570713e-02 1.017780e-02 4.416113e-02 2.584904e-03 1.374262e+00 2.771551e-02 2.379738e-05 -1.512486e-05 -2.556993e-03 2.663372e-05 1.153261e-04 -1.344930e-04 
1.000000e-01 1.000000e-01 1.700000e+00 2.858632e-02 8.584216e-03 3.536768e-02 2.628894e-03 1.313631e+00 2.458512e-02 1.969843e-05 -1.183702e-05 -2.564178e-03 2.010754e-05 1.024811e-04 -1.196201e-04 
1.000000e-01 1.000000e-01 1.800000e+00 2.321472e-02 7.297924e-03 2.869868e-02 2.579106e-03 1.265408e+00 2.188571e-02 1.649177e-05 -9.372078e-06 -2.571457e-03 1.523352e-05 9.132471e-05 -1.065574e-04 
1.000000e-01 1.000000e-01 1.900000e+00 1.909206e-02 6.248826e-03 2.356049e-02 2.475084e-03 1.226576e+00 1.955308e-02 1.394736e-05 -7.500025e-06 -2.578498e-03 1.155041e-05 8.161183e-05 -9.510484e-05 
1.000000e-01 1.000000e-01 2.000000e+00 1.587875e-02 5.385197e-03 1.954548e-02 2.341969e-03 1.194957e+00 1.753248e-02 1.190242e-05 -6.061125e-06 -2.585124e-03 8.736096e-06 7.313506e-05 -8.506871e-05 
1.000000e-01 1.000000e-01 2.100000e+00 1.333934e-02 4.668276e-03 1.636810e-02 2.195639e-03 1.168950e+00 1.577749e-02 1.023975e-05 -4.942787e-06 -2.591254e-03 6.562906e-06 6.571863e-05 -7.627008e-05 
1.000000e-01 1.000000e-01 2.200000e+00 1.130743e-02 4.068610e-03 1.382462e-02 2.045987e-03 1.147365e+00 1.424888e-02 8.873662e-06 -4.064563e-06 -2.596863e-03 4.868017e-06 5.921335e-05 -6.854804e-05 
1.000000e-01 1.000000e-01 2.300000e+00 9.663269e-03 3.563539e-03 1.176731e-02 1.899032e-03 1.129302e+00 1.291356e-02 7.740537e-06 -3.368232e-06 -2.601959e-03 3.533690e-06 5.349251e-05 -6.176046e-05 
1.000000e-01 1.000000e-01 2.400000e+00 8.319283e-03 3.135433e-03 1.008741e-02 1.758291e-03 1.114070e+00 1.174364e-02 6.792504e-06 -2.811152e-06 -2.606570e-03 2.473876e-06 4.844841e-05 -5.578318e-05 
1.000000e-01 1.000000e-01 2.500000e+00 7.210477e-03 2.770435e-03 8.703744e-03 1.625670e-03 1.101136e+00 1.071557e-02 5.993073e-06 -2.361738e-06 -2.610729e-03 1.625039e-06 4.398939e-05 -5.050851e-05 
1.000000e-01 1.000000e-01 2.600000e+00 6.287949e-03 2.457554e-03 7.554953e-03 1.502047e-03 1.090084e+00 9.809499e-03 5.314098e-06 -1.996343e-06 -2.614476e-03 9.398091e-07 4.003735e-05 -4.584351e-05 
1.000000e-01 1.000000e-01 2.700000e+00 5.514450e-03 2.187997e-03 6.594145e-03 1.387652e-03 1.080583e+00 9.008613e-03 4.733629e-06 -1.697088e-06 -2.617849e-03 3.825321e-07 3.652564e-05 -4.170813e-05 
1.000000e-01 1.000000e-01 2.800000e+00 4.861278e-03 1.954673e-03 5.785083e-03 1.282320e-03 1.072371e+00 8.298680e-03 4.234369e-06 -1.450325e-06 -2.620886e-03 -7.386460e-08 3.339730e-05 -3.803357e-05 
1.000000e-01 1.000000e-01 2.900000e+00 4.306087e-03 1.751825e-03 5.099498e-03 1.185653e-03 1.065237e+00 7.667613e-03 3.802563e-06 -1.245544e-06 -2.623622e-03 -4.501148e-07 3.060355e-05 -3.476067e-05 
1.000000e-01 1.000000e-01 3.000000e+00 3.831307e-03 1.574747e-03 4.515132e-03 1.097127e-03 1.059009e+00 7.105124e-03 3.427171e-06 -1.074582e-06 -2.626089e-03 -7.622272e-07 2.810252e-05 -3.183860e-05 
