1.000000e-01 1.000000e-01 -3.000000e+00 -1.847485e-03 2.397266e-04 -1.861394e-03 7.416033e-08 1.035596e+00 1.008729e-03 -6.758930e-08 4.839561e-08 -2.634805e-03 -2.701636e-06 1.763528e-06 1.168740e-10 
1.000000e-01 1.000000e-01 -2.900000e+00 -2.128641e-03 2.555808e-04 -2.144580e-03 5.971356e-08 1.039561e+00 1.009661e-03 -7.689369e-08 5.384300e-08 -2.632939e-03 -2.706811e-06 1.984291e-06 1.409086e-10 
1.000000e-01 1.000000e-01 -2.800000e+00 -2.465382e-03 2.731116e-04 -2.483735e-03 3.876496e-08 1.044140e+00 1.010753e-03 -8.778997e-08 6.014132e-08 -2.630835e-03 -2.712783e-06 2.239378e-06 1.706337e-10 
1.000000e-01 1.000000e-01 -2.700000e+00 -2.871394e-03 2.925817e-04 -2.892632e-03 8.724755e-09 1.049454e+00 1.012044e-03 -1.005950e-07 6.746298e-08 -2.628459e-03 -2.719711e-06 2.535101e-06 2.075816e-10 
1.000000e-01 1.000000e-01 -2.600000e+00 -3.364437e-03 3.143122e-04 -3.389146e-03 -3.413424e-08 1.055659e+00 1.013588e-03 -1.156951e-07 7.602383e-08 -2.625765e-03 -2.727793e-06 2.879086e-06 2.537470e-10 
1.000000e-01 1.000000e-01 -2.500000e+00 -3.967786e-03 3.387013e-04 -3.996694e-03 -9.523980e-08 1.062947e+00 1.015457e-03 -1.335617e-07 8.609631e-08 -2.622701e-03 -2.737282e-06 3.280574e-06 3.117417e-10 
1.000000e-01 1.000000e-01 -2.400000e+00 -4.712256e-03 3.662491e-04 -4.746280e-03 -1.825970e-07 1.071567e+00 1.017750e-03 -1.547701e-07 9.802740e-08 -2.619205e-03 -2.748497e-06 3.750783e-06 3.850038e-10 
1.000000e-01 1.000000e-01 -2.300000e+00 -5.639107e-03 3.975929e-04 -5.679408e-03 -3.081742e-07 1.081833e+00 1.020606e-03 -1.800217e-07 1.122633e-07 -2.615203e-03 -2.761851e-06 4.303354e-06 4.780862e-10 
1.000000e-01 1.000000e-01 -2.200000e+00 -6.804247e-03 4.335591e-04 -6.852304e-03 -4.901308e-07 1.094159e+00 1.024225e-03 -2.101686e-07 1.293836e-07 -2.610604e-03 -2.777878e-06 4.954893e-06 5.970528e-10 
1.000000e-01 1.000000e-01 -2.100000e+00 -8.284427e-03 4.752386e-04 -8.342138e-03 -7.564608e-07 1.109082e+00 1.028894e-03 -2.462411e-07 1.501499e-07 -2.605302e-03 -2.797281e-06 5.725611e-06 7.500279e-10 
1.000000e-01 1.000000e-01 -2.000000e+00 -1.018650e-02 5.241003e-04 -1.025631e-02 -1.151070e-06 1.127318e+00 1.035042e-03 -2.894733e-07 1.755747e-07 -2.599166e-03 -2.820997e-06 6.640075e-06 9.479622e-10 
1.000000e-01 1.000000e-01 -1.900000e+00 -1.266150e-02 5.821654e-04 -1.274661e-02 -1.744125e-06 1.149831e+00 1.043316e-03 -3.413238e-07 2.070221e-07 -2.592040e-03 -2.850291e-06 7.728057e-06 1.205711e-09 
1.000000e-01 1.000000e-01 -1.800000e+00 -1.592654e-02 6.522798e-04 -1.603110e-02 -2.650101e-06 1.177935e+00 1.054715e-03 -4.034778e-07 2.463560e-07 -2.583735e-03 -2.886893e-06 9.025429e-06 1.543569e-09 
1.000000e-01 1.000000e-01 -1.700000e+00 -2.029930e-02 7.385520e-04 -2.042884e-02 -4.060076e-06 1.213453e+00 1.070820e-03 -4.778147e-07 2.961638e-07 -2.574024e-03 -2.933219e-06 1.057501e-05 1.989482e-09 
1.000000e-01 1.000000e-01 -1.600000e+00 -2.625387e-02 8.470716e-04 -2.641589e-02 -6.301277e-06 1.258954e+00 1.094196e-03 -5.663066e-07 3.600981e-07 -2.562632e-03 -2.992693e-06 1.242713e-05 2.582227e-09 
1.000000e-01 1.000000e-01 -1.500000e+00 -3.451231e-02 9.871232e-04 -3.471759e-02 -9.950765e-06 1.318131e+00 1.129113e-03 -6.708031e-07 4.434119e-07 -2.549232e-03 -3.070270e-06 1.463959e-05 3.375422e-09 
1.000000e-01 1.000000e-01 -1.400000e+00 -4.619654e-02 1.173295e-03 -4.646262e-02 -1.606213e-05 1.396402e+00 1.182913e-03 -7.926944e-07 5.538107e-07 -2.533435e-03 -3.173282e-06 1.727629e-05 4.436717e-09 
1.000000e-01 1.000000e-01 -1.300000e+00 -6.307510e-02 1.429244e-03 -6.343610e-02 -2.664962e-05 1.501886e+00 1.268674e-03 -9.330449e-07 7.028237e-07 -2.514786e-03 -3.312812e-06 2.040389e-05 5.784111e-09 
1.000000e-01 1.000000e-01 -1.200000e+00 -8.790221e-02 1.794463e-03 -8.843559e-02 -4.592617e-05 1.647027e+00 1.410735e-03 -1.101003e-06 9.081160e-07 -2.492778e-03 -3.505769e-06 2.408672e-05 6.640794e-09 
1.000000e-01 1.000000e-01 -1.100000e+00 -1.241279e-01 2.334226e-03 -1.250092e-01 -8.611502e-05 1.850987e+00 1.653848e-03 -1.450040e-06 1.201145e-06 -2.466986e-03 -3.772530e-06 2.832360e-05 -4.810316e-09 
1.000000e-01 1.000000e-01 -1.000000e+00 -1.518950e-01 8.099407e-01 -1.568953e-01 2.767731e+00 2.153945e+00 -1.517828e+00 1.661222e-05 4.230624e-05 -2.442837e-03 2.242946e-04 3.679884e-05 -1.073509e-04 
1.000000e-01 1.000000e-01 -9.000000e-01 1.024393e-03 3.195809e-03 1.073482e-03 7.800199e-06 2.221374e-01 5.196098e-04 -1.368698e-06 1.687152e-06 -2.400720e-03 -4.191657e-06 3.824799e-05 3.370853e-08 
1.000000e-01 1.000000e-01 -8.000000e-01 1.709054e-03 2.825981e-03 1.748493e-03 6.158719e-06 2.187507e-01 5.218870e-04 -1.546712e-06 1.652405e-06 -2.359649e-03 -4.151490e-06 4.420169e-05 1.857962e-08 
1.000000e-01 1.000000e-01 -7.000000e-01 1.988283e-03 2.463788e-03 2.035025e-03 7.382610e-06 2.148174e-01 5.101557e-04 -1.421637e-06 1.623044e-06 -2.312853e-03 -4.080733e-06 4.955674e-05 2.248425e-08 
1.000000e-01 1.000000e-01 -6.000000e-01 2.137226e-03 2.105610e-03 2.195459e-03 8.533870e-06 2.105401e-01 4.946081e-04 -1.071982e-06 1.592819e-06 -2.260979e-03 -3.999806e-06 5.384922e-05 2.721844e-08 
1.000000e-01 1.000000e-01 -5.000000e-01 2.183240e-03 1.750742e-03 2.247319e-03 9.311283e-06 2.060667e-01 4.770441e-04 -4.329511e-07 1.564026e-06 -2.205533e-03 -3.912067e-06 5.597343e-05 3.095942e-08 
1.000000e-01 1.000000e-01 -4.000000e-01 2.094127e-03 1.398548e-03 2.156833e-03 9.430179e-06 2.016169e-01 4.585423e-04 5.172630e-07 1.538599e-06 -2.149322e-03 -3.821880e-06 5.455760e-05 3.248664e-08 
1.000000e-01 1.000000e-01 -3.000000e-01 1.829357e-03 1.048173e-03 1.885376e-03 8.605073e-06 1.975059e-01 4.405780e-04 1.689004e-06 1.517829e-06 -2.096632e-03 -3.736044e-06 4.829599e-05 3.061082e-08 
1.000000e-01 1.000000e-01 -2.000000e-01 1.366511e-03 6.988215e-04 1.415521e-03 6.725784e-06 1.941266e-01 4.251220e-04 2.854031e-06 1.501222e-06 -2.052920e-03 -3.663480e-06 3.655830e-05 2.618102e-08 
1.000000e-01 1.000000e-01 -1.000000e-01 7.049950e-04 3.514934e-04 7.895851e-04 4.826067e-06 1.918733e-01 4.128139e-04 3.925808e-06 1.473631e-06 -2.023401e-03 -3.610584e-06 2.030307e-05 3.995751e-08 
1.000000e-01 1.000000e-01 0.000000e+00 -4.539594e-02 -2.853100e+00 -6.098270e-02 -4.181184e+00 1.087597e-01 3.028757e-04 1.290148e-06 8.497936e-07 -1.150842e-03 -2.046183e-06 -8.948892e-04 -5.608732e-07 
1.000000e-01 1.000000e-01 1.000000e-01 -7.049951e-04 -3.514934e-04 -7.895855e-04 -4.826081e-06 1.918733e-01 4.128139e-04 3.925808e-06 1.473631e-06 -2.023401e-03 -3.610584e-06 -2.030305e-05 -3.995752e-08 
1.000000e-01 1.000000e-01 2.000000e-01 -1.366511e-03 -6.988215e-04 -1.415521e-03 -6.725798e-06 1.941266e-01 4.251220e-04 2.854031e-06 1.501222e-06 -2.052920e-03 -3.663480e-06 -3.655829e-05 -2.618104e-08 
1.000000e-01 1.000000e-01 3.000000e-01 -1.829357e-03 -1.048173e-03 -1.885376e-03 -8.605085e-06 1.975059e-01 4.405780e-04 1.689003e-06 1.517829e-06 -2.096632e-03 -3.736044e-06 -4.829597e-05 -3.061083e-08 
1.000000e-01 1.000000e-01 4.000000e-01 -2.094127e-03 -1.398548e-03 -2.156834e-03 -9.430189e-06 2.016169e-01 4.585423e-04 5.172624e-07 1.538599e-06 -2.149322e-03 -3.821880e-06 -5.455759e-05 -3.248665e-08 
1.000000e-01 1.000000e-01 5.000000e-01 -2.183240e-03 -1.750742e-03 -2.247320e-03 -9.311292e-06 2.060667e-01 4.770441e-04 -4.329519e-07 1.564026e-06 -2.205533e-03 -3.912067e-06 -5.597342e-05 -3.095943e-08 
1.000000e-01 1.000000e-01 6.000000e-01 -2.137226e-03 -2.105610e-03 -2.195460e-03 -8.533878e-06 2.105401e-01 4.946081e-04 -1.071983e-06 1.592819e-06 -2.260979e-03 -3.999806e-06 -5.384921e-05 -2.721844e-08 
1.000000e-01 1.000000e-01 7.000000e-01 -1.988283e-03 -2.463788e-03 -2.035025e-03 -7.382618e-06 2.148174e-01 5.101557e-04 -1.421638e-06 1.623044e-06 -2.312853e-03 -4.080733e-06 -4.955673e-05 -2.248426e-08 
1.000000e-01 1.000000e-01 8.000000e-01 -1.709054e-03 -2.825981e-03 -1.748494e-03 -6.158727e-06 2.187507e-01 5.218870e-04 -1.546713e-06 1.652405e-06 -2.359649e-03 -4.151490e-06 -4.420168e-05 -1.857962e-08 
1.000000e-01 1.000000e-01 9.000000e-01 -1.024393e-03 -3.195809e-03 -1.073482e-03 -7.800212e-06 2.221374e-01 5.196098e-04 -1.368699e-06 1.687152e-06 -2.400720e-03 -4.191657e-06 -3.824798e-05 -3.370852e-08 
1.000000e-01 1.000000e-01 1.000000e+00 1.518950e-01 -8.099407e-01 1.568953e-01 -2.767731e+00 2.153945e+00 -1.517828e+00 1.661222e-05 4.230624e-05 -2.442837e-03 2.242946e-04 -3.679884e-05 1.073509e-04 
1.000000e-01 1.000000e-01 1.100000e+00 1.241279e-01 -2.334226e-03 1.250092e-01 8.611501e-05 1.850987e+00 1.653848e-03 -1.450041e-06 1.201145e-06 -2.466986e-03 -3.772530e-06 -2.832360e-05 4.810325e-09 
1.000000e-01 1.000000e-01 1.200000e+00 8.790221e-02 -1.794463e-03 8.843559e-02 4.592617e-05 1.647027e+00 1.410735e-03 -1.101003e-06 9.081160e-07 -2.492778e-03 -3.505769e-06 -2.408672e-05 -6.640783e-09 
1.000000e-01 1.000000e-01 1.300000e+00 6.307510e-02 -1.429244e-03 6.343610e-02 2.664962e-05 1.501886e+00 1.268674e-03 -9.330454e-07 7.028237e-07 -2.514786e-03 -3.312812e-06 -2.040390e-05 -5.784102e-09 
1.000000e-01 1.000000e-01 1.400000e+00 4.619654e-02 -1.173295e-03 4.646262e-02 1.606212e-05 1.396402e+00 1.182913e-03 -7.926948e-07 5.538107e-07 -2.533435e-03 -3.173282e-06 -1.727629e-05 -4.436709e-09 
1.000000e-01 1.000000e-01 1.500000e+00 3.451231e-02 -9.871232e-04 3.471759e-02 9.950763e-06 1.318131e+00 1.129113e-03 -6.708034e-07 4.434119e-07 -2.549232e-03 -3.070270e-06 -1.463959e-05 -3.375415e-09 
1.000000e-01 1.000000e-01 1.600000e+00 2.625387e-02 -8.470716e-04 2.641589e-02 6.301275e-06 1.258954e+00 1.094196e-03 -5.663068e-07 3.600981e-07 -2.562632e-03 -2.992693e-06 -1.242713e-05 -2.582221e-09 
1.000000e-01 1.000000e-01 1.700000e+00 2.029930e-02 -7.385520e-04 2.042884e-02 4.060074e-06 1.213453e+00 1.070820e-03 -4.778149e-07 2.961638e-07 -2.574024e-03 -2.933219e-06 -1.057501e-05 -1.989477e-09 
1.000000e-01 1.000000e-01 1.800000e+00 1.592654e-02 -6.522798e-04 1.603110e-02 2.650100e-06 1.177935e+00 1.054715e-03 -4.034780e-07 2.463560e-07 -2.583736e-03 -2.886893e-06 -9.025431e-06 -1.543565e-09 
1.000000e-01 1.000000e-01 1.900000e+00 1.266150e-02 -5.821654e-04 1.274661e-02 1.744124e-06 1.149831e+00 1.043316e-03 -3.413239e-07 2.070221e-07 -2.592040e-03 -2.850291e-06 -7.728059e-06 -1.205707e-09 
1.000000e-01 1.000000e-01 2.000000e+00 1.018650e-02 -5.241003e-04 1.025631e-02 1.151069e-06 1.127318e+00 1.035042e-03 -2.894734e-07 1.755747e-07 -2.599166e-03 -2.820997e-06 -6.640076e-06 -9.479582e-10 
1.000000e-01 1.000000e-01 2.100000e+00 8.284427e-03 -4.752386e-04 8.342138e-03 7.564600e-07 1.109082e+00 1.028894e-03 -2.462412e-07 1.501499e-07 -2.605302e-03 -2.797281e-06 -5.725612e-06 -7.500243e-10 
1.000000e-01 1.000000e-01 2.200000e+00 6.804247e-03 -4.335591e-04 6.852304e-03 4.901302e-07 1.094159e+00 1.024225e-03 -2.101687e-07 1.293836e-07 -2.610604e-03 -2.777878e-06 -4.954895e-06 -5.970496e-10 
1.000000e-01 1.000000e-01 2.300000e+00 5.639107e-03 -3.975929e-04 5.679408e-03 3.081737e-07 1.081833e+00 1.020606e-03 -1.800218e-07 1.122633e-07 -2.615203e-03 -2.761851e-06 -4.303356e-06 -4.780832e-10 
1.000000e-01 1.000000e-01 2.400000e+00 4.712256e-03 -3.662491e-04 4.746280e-03 1.825966e-07 1.071567e+00 1.017750e-03 -1.547702e-07 9.802740e-08 -2.619205e-03 -2.748497e-06 -3.750784e-06 -3.850011e-10 
1.000000e-01 1.000000e-01 2.500000e+00 3.967786e-03 -3.387013e-04 3.996694e-03 9.523944e-08 1.062947e+00 1.015457e-03 -1.335617e-07 8.609631e-08 -2.622701e-03 -2.737282e-06 -3.280575e-06 -3.117392e-10 
1.000000e-01 1.000000e-01 2.600000e+00 3.364437e-03 -3.143122e-04 3.389146e-03 3.413394e-08 1.055659e+00 1.013588e-03 -1.156951e-07 7.602383e-08 -2.625765e-03 -2.727793e-06 -2.879087e-06 -2.537448e-10 
1.000000e-01 1.000000e-01 2.700000e+00 2.871394e-03 -2.925817e-04 2.892632e-03 -8.725014e-09 1.049454e+00 1.012044e-03 -1.005950e-07 6.746298e-08 -2.628459e-03 -2.719711e-06 -2.535101e-06 -2.075795e-10 
1.000000e-01 1.000000e-01 2.800000e+00 2.465382e-03 -2.731116e-04 2.483735e-03 -3.876518e-08 1.044140e+00 1.010753e-03 -8.779000e-08 6.014132e-08 -2.630835e-03 -2.712783e-06 -2.239379e-06 -1.706318e-10 
1.000000e-01 1.000000e-01 2.900000e+00 2.128641e-03 -2.555808e-04 2.144580e-03 -5.971375e-08 1.039561e+00 1.009661e-03 -7.689371e-08 5.384300e-08 -2.632939e-03 -2.706811e-06 -1.984291e-06 -1.409069e-10 
1.000000e-01 1.000000e-01 3.000000e+00 1.847485e-03 -2.397266e-04 1.861394e-03 -7.416049e-08 1.035596e+00 1.008729e-03 -6.758933e-08 4.839561e-08 -2.634805e-03 -2.701636e-06 -1.763528e-06 -1.168723e-10 
