1.000000e-02 -2.625579e-17 5.102807e-21 0.000000e+00 0.000000e+00 
2.000000e-02 -6.722578e-15 5.226908e-18 0.000000e+00 0.000000e+00 
3.000000e-02 -1.723392e-13 3.015669e-16 0.000000e+00 0.000000e+00 
4.000000e-02 -1.722103e-12 5.359051e-15 0.000000e+00 0.000000e+00 
5.000000e-02 -1.026955e-11 4.995693e-14 0.000000e+00 0.000000e+00 
6.000000e-02 -4.418358e-11 3.096755e-13 0.000000e+00 0.000000e+00 
7.000000e-02 -1.517546e-10 1.448654e-12 0.000000e+00 0.000000e+00 
8.000000e-02 -4.420087e-10 5.515259e-12 0.000000e+00 0.000000e+00 
9.000000e-02 -1.135145e-09 1.794174e-11 0.000000e+00 0.000000e+00 
1.000000e-01 -2.639726e-09 5.155911e-11 0.000000e+00 0.000000e+00 
1.100000e-01 -5.664928e-09 1.340266e-10 0.000000e+00 0.000000e+00 
1.200000e-01 -1.137742e-08 3.207218e-10 0.000000e+00 0.000000e+00 
1.300000e-01 -2.161365e-08 7.159708e-10 0.000000e+00 0.000000e+00 
1.400000e-01 -3.915972e-08 1.506546e-09 0.000000e+00 0.000000e+00 
1.500000e-01 -6.811235e-08 3.012657e-09 0.000000e+00 0.000000e+00 
1.600000e-01 -1.143358e-07 5.763253e-09 0.000000e+00 0.000000e+00 
1.700000e-01 -1.860316e-07 1.060436e-08 0.000000e+00 0.000000e+00 
1.800000e-01 -2.944384e-07 1.885144e-08 0.000000e+00 0.000000e+00 
1.900000e-01 -4.546823e-07 3.249957e-08 0.000000e+00 0.000000e+00 
2.000000e-01 -6.867992e-07 5.450829e-08 0.000000e+00 0.000000e+00 
2.100000e-01 -1.016952e-06 8.918179e-08 0.000000e+00 0.000000e+00 
2.200000e-01 -1.478867e-06 1.426695e-07 0.000000e+00 0.000000e+00 
2.300000e-01 -2.115520e-06 2.236173e-07 0.000000e+00 0.000000e+00 
2.400000e-01 -2.981099e-06 3.440049e-07 0.000000e+00 0.000000e+00 
2.500000e-01 -4.143272e-06 5.202128e-07 0.000000e+00 0.000000e+00 
2.600000e-01 -5.685803e-06 7.743685e-07 0.000000e+00 0.000000e+00 
2.700000e-01 -7.711543e-06 1.136032e-06 0.000000e+00 0.000000e+00 
2.800000e-01 -1.034584e-05 1.644293e-06 0.000000e+00 0.000000e+00 
2.900000e-01 -1.374042e-05 2.350349e-06 0.000000e+00 0.000000e+00 
3.000000e-01 -1.807776e-05 3.320686e-06 0.000000e+00 0.000000e+00 
3.100000e-01 -2.357601e-05 4.640934e-06 0.000000e+00 0.000000e+00 
3.200000e-01 -3.049454e-05 6.420561e-06 0.000000e+00 0.000000e+00 
3.300000e-01 -3.914015e-05 8.798532e-06 0.000000e+00 0.000000e+00 
3.400000e-01 -4.987398e-05 1.195011e-05 0.000000e+00 0.000000e+00 
3.500000e-01 -6.311920e-05 1.609498e-05 0.000000e+00 0.000000e+00 
3.600000e-01 -7.936956e-05 2.150696e-05 0.000000e+00 0.000000e+00 
3.700000e-01 -9.919890e-05 2.852551e-05 0.000000e+00 0.000000e+00 
3.800000e-01 -1.232716e-04 3.756937e-05 0.000000e+00 0.000000e+00 
3.900000e-01 -1.523539e-04 4.915262e-05 0.000000e+00 0.000000e+00 
4.000000e-01 -1.873272e-04 6.390362e-05 0.000000e+00 0.000000e+00 
4.100000e-01 -2.292012e-04 8.258720e-05 0.000000e+00 0.000000e+00 
4.200000e-01 -2.791300e-04 1.061306e-04 0.000000e+00 0.000000e+00 
4.300000e-01 -3.384281e-04 1.356540e-04 0.000000e+00 0.000000e+00 
4.400000e-01 -4.085893e-04 1.725054e-04 0.000000e+00 0.000000e+00 
4.500000e-01 -4.913066e-04 2.183024e-04 0.000000e+00 0.000000e+00 
4.600000e-01 -5.884934e-04 2.749790e-04 0.000000e+00 0.000000e+00 
4.700000e-01 -7.023080e-04 3.448417e-04 0.000000e+00 0.000000e+00 
4.800000e-01 -8.351789e-04 4.306327e-04 0.000000e+00 0.000000e+00 
4.900000e-01 -9.898328e-04 5.356037e-04 0.000000e+00 0.000000e+00 
5.000000e-01 -1.169325e-03 6.636011e-04 0.000000e+00 0.000000e+00 
5.100000e-01 -1.377072e-03 8.191632e-04 0.000000e+00 0.000000e+00 
5.200000e-01 -1.616888e-03 1.007633e-03 0.000000e+00 0.000000e+00 
5.300000e-01 -1.893021e-03 1.235287e-03 0.000000e+00 0.000000e+00 
5.400000e-01 -2.210197e-03 1.509484e-03 0.000000e+00 0.000000e+00 
5.500000e-01 -2.573662e-03 1.838830e-03 0.000000e+00 0.000000e+00 
5.600000e-01 -2.989234e-03 2.233378e-03 0.000000e+00 0.000000e+00 
5.700000e-01 -3.463349e-03 2.704846e-03 0.000000e+00 0.000000e+00 
5.800000e-01 -4.003122e-03 3.266868e-03 0.000000e+00 0.000000e+00 
5.900000e-01 -4.616405e-03 3.935285e-03 0.000000e+00 0.000000e+00 
6.000000e-01 -5.311850e-03 4.728470e-03 0.000000e+00 0.000000e+00 
6.100000e-01 -6.098980e-03 5.667704e-03 0.000000e+00 0.000000e+00 
6.200000e-01 -6.988261e-03 6.777598e-03 0.000000e+00 0.000000e+00 
6.300000e-01 -7.991183e-03 8.086578e-03 0.000000e+00 0.000000e+00 
6.400000e-01 -9.120345e-03 9.627430e-03 0.000000e+00 0.000000e+00 
6.500000e-01 -1.038954e-02 1.143792e-02 0.000000e+00 0.000000e+00 
6.600000e-01 -1.181387e-02 1.356151e-02 0.000000e+00 0.000000e+00 
6.700000e-01 -1.340981e-02 1.604814e-02 0.000000e+00 0.000000e+00 
6.800000e-01 -1.519538e-02 1.895514e-02 0.000000e+00 0.000000e+00 
6.900000e-01 -1.719019e-02 2.234825e-02 0.000000e+00 0.000000e+00 
7.000000e-01 -1.941563e-02 2.630278e-02 0.000000e+00 0.000000e+00 
7.100000e-01 -2.189498e-02 3.090491e-02 0.000000e+00 0.000000e+00 
7.200000e-01 -2.465352e-02 3.625316e-02 0.000000e+00 0.000000e+00 
7.300000e-01 -2.771874e-02 4.246007e-02 0.000000e+00 0.000000e+00 
7.400000e-01 -3.112047e-02 4.965405e-02 0.000000e+00 0.000000e+00 
7.500000e-01 -3.489104e-02 5.798153e-02 0.000000e+00 0.000000e+00 
7.600000e-01 -3.906550e-02 6.760930e-02 0.000000e+00 0.000000e+00 
7.700000e-01 -4.368178e-02 7.872720e-02 0.000000e+00 0.000000e+00 
7.800000e-01 -4.878089e-02 9.155117e-02 0.000000e+00 0.000000e+00 
7.900000e-01 -5.440720e-02 1.063266e-01 0.000000e+00 0.000000e+00 
8.000000e-01 -6.060858e-02 1.233321e-01 0.000000e+00 0.000000e+00 
8.100000e-01 -6.743672e-02 1.428839e-01 0.000000e+00 0.000000e+00 
8.200000e-01 -7.494737e-02 1.653406e-01 0.000000e+00 0.000000e+00 
8.300000e-01 -8.320059e-02 1.911083e-01 0.000000e+00 0.000000e+00 
8.400000e-01 -9.226107e-02 2.206472e-01 0.000000e+00 0.000000e+00 
8.500000e-01 -1.021984e-01 2.544778e-01 0.000000e+00 0.000000e+00 
8.600000e-01 -1.130875e-01 2.931887e-01 0.000000e+00 0.000000e+00 
8.700000e-01 -1.250089e-01 3.374453e-01 0.000000e+00 0.000000e+00 
8.800000e-01 -1.380489e-01 3.879988e-01 0.000000e+00 0.000000e+00 
8.900000e-01 -1.523004e-01 4.456972e-01 0.000000e+00 0.000000e+00 
9.000000e-01 -1.678629e-01 5.114971e-01 0.000000e+00 0.000000e+00 
9.100000e-01 -1.848431e-01 5.864767e-01 0.000000e+00 0.000000e+00 
9.200000e-01 -2.033555e-01 6.718510e-01 0.000000e+00 0.000000e+00 
9.300000e-01 -2.235226e-01 7.689879e-01 0.000000e+00 0.000000e+00 
9.400000e-01 -2.454754e-01 8.794269e-01 0.000000e+00 0.000000e+00 
9.500000e-01 -2.693543e-01 1.004899e+00 0.000000e+00 0.000000e+00 
9.600000e-01 -2.953092e-01 1.147351e+00 0.000000e+00 0.000000e+00 
9.700000e-01 -3.235004e-01 1.308969e+00 0.000000e+00 0.000000e+00 
9.800000e-01 -3.540992e-01 1.492208e+00 0.000000e+00 0.000000e+00 
9.900000e-01 -3.872884e-01 1.699823e+00 0.000000e+00 0.000000e+00 
1.000000e+00 -4.232630e-01 1.934906e+00 0.000000e+00 0.000000e+00 
1.010000e+00 -4.622311e-01 2.200919e+00 0.000000e+00 0.000000e+00 
1.020000e+00 -5.044145e-01 2.501746e+00 0.000000e+00 0.000000e+00 
1.030000e+00 -5.500496e-01 2.841733e+00 0.000000e+00 0.000000e+00 
1.040000e+00 -5.993880e-01 3.225748e+00 0.000000e+00 0.000000e+00 
1.050000e+00 -6.526979e-01 3.659233e+00 0.000000e+00 0.000000e+00 
1.060000e+00 -7.102644e-01 4.148276e+00 0.000000e+00 0.000000e+00 
1.070000e+00 -7.723908e-01 4.699682e+00 0.000000e+00 0.000000e+00 
1.080000e+00 -8.393999e-01 5.321050e+00 0.000000e+00 0.000000e+00 
1.090000e+00 -9.116343e-01 6.020868e+00 0.000000e+00 0.000000e+00 
1.100000e+00 -9.894583e-01 6.808607e+00 0.000000e+00 0.000000e+00 
1.110000e+00 -1.073259e+00 7.694830e+00 0.000000e+00 0.000000e+00 
1.120000e+00 -1.163446e+00 8.691318e+00 0.000000e+00 0.000000e+00 
1.130000e+00 -1.260456e+00 9.811197e+00 0.000000e+00 0.000000e+00 
1.140000e+00 -1.364751e+00 1.106909e+01 0.000000e+00 0.000000e+00 
1.150000e+00 -1.476820e+00 1.248128e+01 0.000000e+00 0.000000e+00 
1.160000e+00 -1.597183e+00 1.406588e+01 0.000000e+00 0.000000e+00 
1.170000e+00 -1.726390e+00 1.584304e+01 0.000000e+00 0.000000e+00 
1.180000e+00 -1.865025e+00 1.783518e+01 0.000000e+00 0.000000e+00 
1.190000e+00 -2.013703e+00 2.006719e+01 0.000000e+00 0.000000e+00 
1.200000e+00 -2.173079e+00 2.256674e+01 0.000000e+00 0.000000e+00 
1.210000e+00 -2.343842e+00 2.536454e+01 0.000000e+00 0.000000e+00 
1.220000e+00 -2.526724e+00 2.849469e+01 0.000000e+00 0.000000e+00 
1.230000e+00 -2.722497e+00 3.199501e+01 0.000000e+00 0.000000e+00 
1.240000e+00 -2.931978e+00 3.590742e+01 0.000000e+00 0.000000e+00 
1.250000e+00 -3.156030e+00 4.027841e+01 0.000000e+00 0.000000e+00 
1.260000e+00 -3.395564e+00 4.515949e+01 0.000000e+00 0.000000e+00 
1.270000e+00 -3.651542e+00 5.060768e+01 0.000000e+00 0.000000e+00 
1.280000e+00 -3.924981e+00 5.668611e+01 0.000000e+00 0.000000e+00 
1.290000e+00 -4.216952e+00 6.346466e+01 0.000000e+00 0.000000e+00 
1.300000e+00 -4.528587e+00 7.102057e+01 0.000000e+00 0.000000e+00 
1.310000e+00 -4.861078e+00 7.943928e+01 0.000000e+00 0.000000e+00 
1.320000e+00 -5.215682e+00 8.881518e+01 0.000000e+00 0.000000e+00 
1.330000e+00 -5.593725e+00 9.925257e+01 0.000000e+00 0.000000e+00 
1.340000e+00 -5.996604e+00 1.108666e+02 0.000000e+00 0.000000e+00 
1.350000e+00 -6.425790e+00 1.237843e+02 0.000000e+00 0.000000e+00 
1.360000e+00 -6.882832e+00 1.381460e+02 0.000000e+00 0.000000e+00 
1.370000e+00 -7.369361e+00 1.541063e+02 0.000000e+00 0.000000e+00 
1.380000e+00 -7.887095e+00 1.718357e+02 0.000000e+00 0.000000e+00 
1.390000e+00 -8.437838e+00 1.915221e+02 0.000000e+00 0.000000e+00 
1.400000e+00 -9.023493e+00 2.133724e+02 0.000000e+00 0.000000e+00 
1.410000e+00 -9.646057e+00 2.376145e+02 0.000000e+00 0.000000e+00 
1.420000e+00 -1.030763e+01 2.644992e+02 0.000000e+00 0.000000e+00 
1.430000e+00 -1.101043e+01 2.943026e+02 0.000000e+00 0.000000e+00 
1.440000e+00 -1.175676e+01 3.273281e+02 0.000000e+00 0.000000e+00 
1.450000e+00 -1.254907e+01 3.639095e+02 0.000000e+00 0.000000e+00 
1.460000e+00 -1.338992e+01 4.044135e+02 0.000000e+00 0.000000e+00 
1.470000e+00 -1.428200e+01 4.492429e+02 0.000000e+00 0.000000e+00 
1.480000e+00 -1.522813e+01 4.988402e+02 0.000000e+00 0.000000e+00 
1.490000e+00 -1.623128e+01 5.536912e+02 0.000000e+00 0.000000e+00 
1.500000e+00 -1.729455e+01 6.143287e+02 0.000000e+00 0.000000e+00 
1.510000e+00 -1.842120e+01 6.813374e+02 0.000000e+00 0.000000e+00 
1.520000e+00 -1.961466e+01 7.553584e+02 0.000000e+00 0.000000e+00 
1.530000e+00 -2.087851e+01 8.370943e+02 0.000000e+00 0.000000e+00 
1.540000e+00 -2.221651e+01 9.273153e+02 0.000000e+00 0.000000e+00 
1.550000e+00 -2.363261e+01 1.026865e+03 0.000000e+00 0.000000e+00 
1.560000e+00 -2.513092e+01 1.136666e+03 0.000000e+00 0.000000e+00 
1.570000e+00 -2.671579e+01 1.257730e+03 0.000000e+00 0.000000e+00 
1.580000e+00 -2.839173e+01 1.391163e+03 0.000000e+00 0.000000e+00 
1.590000e+00 -3.016349e+01 1.538174e+03 0.000000e+00 0.000000e+00 
1.600000e+00 -3.203604e+01 1.700087e+03 0.000000e+00 0.000000e+00 
1.610000e+00 -3.401457e+01 1.878347e+03 0.000000e+00 0.000000e+00 
1.620000e+00 -3.610453e+01 2.074535e+03 0.000000e+00 0.000000e+00 
1.630000e+00 -3.831161e+01 2.290375e+03 0.000000e+00 0.000000e+00 
1.640000e+00 -4.064176e+01 2.527753e+03 0.000000e+00 0.000000e+00 
1.650000e+00 -4.310121e+01 2.788724e+03 0.000000e+00 0.000000e+00 
1.660000e+00 -4.569646e+01 3.075535e+03 0.000000e+00 0.000000e+00 
1.670000e+00 -4.843432e+01 3.390632e+03 0.000000e+00 0.000000e+00 
1.680000e+00 -5.132191e+01 3.736686e+03 0.000000e+00 0.000000e+00 
1.690000e+00 -5.436666e+01 4.116607e+03 0.000000e+00 0.000000e+00 
1.700000e+00 -5.757633e+01 4.533566e+03 0.000000e+00 0.000000e+00 
1.710000e+00 -6.095903e+01 4.991020e+03 0.000000e+00 0.000000e+00 
1.720000e+00 -6.452324e+01 5.492729e+03 0.000000e+00 0.000000e+00 
1.730000e+00 -6.827780e+01 6.042792e+03 0.000000e+00 0.000000e+00 
1.740000e+00 -7.223194e+01 6.645666e+03 0.000000e+00 0.000000e+00 
1.750000e+00 -7.639530e+01 7.306203e+03 0.000000e+00 0.000000e+00 
1.760000e+00 -8.077794e+01 8.029679e+03 0.000000e+00 0.000000e+00 
1.770000e+00 -8.539035e+01 8.821829e+03 0.000000e+00 0.000000e+00 
1.780000e+00 -9.024349e+01 9.688892e+03 0.000000e+00 0.000000e+00 
1.790000e+00 -9.534876e+01 1.063764e+04 0.000000e+00 0.000000e+00 
1.800000e+00 -1.007181e+02 1.167544e+04 0.000000e+00 0.000000e+00 
1.810000e+00 -1.063638e+02 1.281028e+04 0.000000e+00 0.000000e+00 
1.820000e+00 -1.122990e+02 1.405085e+04 0.000000e+00 0.000000e+00 
1.830000e+00 -1.185371e+02 1.540656e+04 0.000000e+00 0.000000e+00 
1.840000e+00 -1.250921e+02 1.688763e+04 0.000000e+00 0.000000e+00 
1.850000e+00 -1.319787e+02 1.850515e+04 0.000000e+00 0.000000e+00 
1.860000e+00 -1.392121e+02 2.027114e+04 0.000000e+00 0.000000e+00 
1.870000e+00 -1.468083e+02 2.219863e+04 0.000000e+00 0.000000e+00 
1.880000e+00 -1.547837e+02 2.430175e+04 0.000000e+00 0.000000e+00 
1.890000e+00 -1.631556e+02 2.659580e+04 0.000000e+00 0.000000e+00 
1.900000e+00 -1.719420e+02 2.909735e+04 0.000000e+00 0.000000e+00 
1.910000e+00 -1.811614e+02 3.182435e+04 0.000000e+00 0.000000e+00 
1.920000e+00 -1.908334e+02 3.479622e+04 0.000000e+00 0.000000e+00 
1.930000e+00 -2.009782e+02 3.803399e+04 0.000000e+00 0.000000e+00 
1.940000e+00 -2.116166e+02 4.156041e+04 0.000000e+00 0.000000e+00 
1.950000e+00 -2.227708e+02 4.540006e+04 0.000000e+00 0.000000e+00 
1.960000e+00 -2.344633e+02 4.957956e+04 0.000000e+00 0.000000e+00 
1.970000e+00 -2.467179e+02 5.412766e+04 0.000000e+00 0.000000e+00 
1.980000e+00 -2.595591e+02 5.907543e+04 0.000000e+00 0.000000e+00 
1.990000e+00 -2.730125e+02 6.445645e+04 0.000000e+00 0.000000e+00 
2.000000e+00 -2.871046e+02 7.030697e+04 0.000000e+00 0.000000e+00 
2.010000e+00 -3.018632e+02 7.666617e+04 0.000000e+00 0.000000e+00 
2.020000e+00 -3.173168e+02 8.357631e+04 0.000000e+00 0.000000e+00 
2.030000e+00 -3.334954e+02 9.108300e+04 0.000000e+00 0.000000e+00 
2.040000e+00 -3.504298e+02 9.923549e+04 0.000000e+00 0.000000e+00 
2.050000e+00 -3.681522e+02 1.080869e+05 0.000000e+00 0.000000e+00 
2.060000e+00 -3.866960e+02 1.176944e+05 0.000000e+00 0.000000e+00 
2.070000e+00 -4.060960e+02 1.281198e+05 0.000000e+00 0.000000e+00 
2.080000e+00 -4.263880e+02 1.394296e+05 0.000000e+00 0.000000e+00 
2.090000e+00 -4.476094e+02 1.516955e+05 0.000000e+00 0.000000e+00 
2.100000e+00 -4.697992e+02 1.649949e+05 0.000000e+00 0.000000e+00 
2.110000e+00 -4.929974e+02 1.794107e+05 0.000000e+00 0.000000e+00 
2.120000e+00 -5.172458e+02 1.950327e+05 0.000000e+00 0.000000e+00 
2.130000e+00 -5.425879e+02 2.119573e+05 0.000000e+00 0.000000e+00 
2.140000e+00 -5.690684e+02 2.302882e+05 0.000000e+00 0.000000e+00 
2.150000e+00 -5.967340e+02 2.501372e+05 0.000000e+00 0.000000e+00 
2.160000e+00 -6.256331e+02 2.716242e+05 0.000000e+00 0.000000e+00 
2.170000e+00 -6.558157e+02 2.948786e+05 0.000000e+00 0.000000e+00 
2.180000e+00 -6.873338e+02 3.200391e+05 0.000000e+00 0.000000e+00 
2.190000e+00 -7.202412e+02 3.472552e+05 0.000000e+00 0.000000e+00 
2.200000e+00 -7.545938e+02 3.766871e+05 0.000000e+00 0.000000e+00 
2.210000e+00 -7.904495e+02 4.085073e+05 0.000000e+00 0.000000e+00 
2.220000e+00 -8.278680e+02 4.429009e+05 0.000000e+00 0.000000e+00 
2.230000e+00 -8.669116e+02 4.800668e+05 0.000000e+00 0.000000e+00 
2.240000e+00 -9.076446e+02 5.202184e+05 0.000000e+00 0.000000e+00 
2.250000e+00 -9.501335e+02 5.635849e+05 0.000000e+00 0.000000e+00 
2.260000e+00 -9.944475e+02 6.104122e+05 0.000000e+00 0.000000e+00 
2.270000e+00 -1.040658e+03 6.609641e+05 0.000000e+00 0.000000e+00 
2.280000e+00 -1.088839e+03 7.155235e+05 0.000000e+00 0.000000e+00 
2.290000e+00 -1.139067e+03 7.743941e+05 0.000000e+00 0.000000e+00 
2.300000e+00 -1.191421e+03 8.379011e+05 0.000000e+00 0.000000e+00 
2.310000e+00 -1.245983e+03 9.063934e+05 0.000000e+00 0.000000e+00 
2.320000e+00 -1.302839e+03 9.802448e+05 0.000000e+00 0.000000e+00 
2.330000e+00 -1.362076e+03 1.059856e+06 0.000000e+00 0.000000e+00 
2.340000e+00 -1.423786e+03 1.145655e+06 0.000000e+00 0.000000e+00 
2.350000e+00 -1.488061e+03 1.238103e+06 0.000000e+00 0.000000e+00 
2.360000e+00 -1.555000e+03 1.337691e+06 0.000000e+00 0.000000e+00 
2.370000e+00 -1.624703e+03 1.444945e+06 0.000000e+00 0.000000e+00 
2.380000e+00 -1.697274e+03 1.560430e+06 0.000000e+00 0.000000e+00 
2.390000e+00 -1.772821e+03 1.684749e+06 0.000000e+00 0.000000e+00 
2.400000e+00 -1.851456e+03 1.818547e+06 0.000000e+00 0.000000e+00 
2.410000e+00 -1.933292e+03 1.962514e+06 0.000000e+00 0.000000e+00 
2.420000e+00 -2.018449e+03 2.117389e+06 0.000000e+00 0.000000e+00 
2.430000e+00 -2.107051e+03 2.283960e+06 0.000000e+00 0.000000e+00 
2.440000e+00 -2.199223e+03 2.463071e+06 0.000000e+00 0.000000e+00 
2.450000e+00 -2.295098e+03 2.655625e+06 0.000000e+00 0.000000e+00 
2.460000e+00 -2.394810e+03 2.862583e+06 0.000000e+00 0.000000e+00 
2.470000e+00 -2.498501e+03 3.084976e+06 0.000000e+00 0.000000e+00 
2.480000e+00 -2.606314e+03 3.323901e+06 0.000000e+00 0.000000e+00 
2.490000e+00 -2.718399e+03 3.580534e+06 0.000000e+00 0.000000e+00 
2.500000e+00 -2.834911e+03 3.856127e+06 0.000000e+00 0.000000e+00 
2.510000e+00 -2.956009e+03 4.152018e+06 0.000000e+00 0.000000e+00 
2.520000e+00 -3.081857e+03 4.469634e+06 0.000000e+00 0.000000e+00 
2.530000e+00 -3.212626e+03 4.810497e+06 0.000000e+00 0.000000e+00 
2.540000e+00 -3.348492e+03 5.176234e+06 0.000000e+00 0.000000e+00 
2.550000e+00 -3.489634e+03 5.568577e+06 0.000000e+00 0.000000e+00 
2.560000e+00 -3.636241e+03 5.989373e+06 0.000000e+00 0.000000e+00 
2.570000e+00 -3.788505e+03 6.440594e+06 0.000000e+00 0.000000e+00 
2.580000e+00 -3.946625e+03 6.924339e+06 0.000000e+00 0.000000e+00 
2.590000e+00 -4.110807e+03 7.442846e+06 0.000000e+00 0.000000e+00 
2.600000e+00 -4.281262e+03 7.998501e+06 0.000000e+00 0.000000e+00 
2.610000e+00 -4.458210e+03 8.593845e+06 0.000000e+00 0.000000e+00 
2.620000e+00 -4.641876e+03 9.231583e+06 0.000000e+00 0.000000e+00 
2.630000e+00 -4.832493e+03 9.914598e+06 0.000000e+00 0.000000e+00 
2.640000e+00 -5.030300e+03 1.064596e+07 0.000000e+00 0.000000e+00 
2.650000e+00 -5.235544e+03 1.142893e+07 0.000000e+00 0.000000e+00 
2.660000e+00 -5.448482e+03 1.226700e+07 0.000000e+00 0.000000e+00 
2.670000e+00 -5.669376e+03 1.316385e+07 0.000000e+00 0.000000e+00 
2.680000e+00 -5.898497e+03 1.412343e+07 0.000000e+00 0.000000e+00 
2.690000e+00 -6.136125e+03 1.514993e+07 0.000000e+00 0.000000e+00 
2.700000e+00 -6.382547e+03 1.624779e+07 0.000000e+00 0.000000e+00 
2.710000e+00 -6.638062e+03 1.742177e+07 0.000000e+00 0.000000e+00 
2.720000e+00 -6.902974e+03 1.867688e+07 0.000000e+00 0.000000e+00 
2.730000e+00 -7.177599e+03 2.001849e+07 0.000000e+00 0.000000e+00 
2.740000e+00 -7.462262e+03 2.145229e+07 0.000000e+00 0.000000e+00 
2.750000e+00 -7.757297e+03 2.298432e+07 0.000000e+00 0.000000e+00 
2.760000e+00 -8.063050e+03 2.462100e+07 0.000000e+00 0.000000e+00 
2.770000e+00 -8.379875e+03 2.636917e+07 0.000000e+00 0.000000e+00 
2.780000e+00 -8.708139e+03 2.823606e+07 0.000000e+00 0.000000e+00 
2.790000e+00 -9.048217e+03 3.022938e+07 0.000000e+00 0.000000e+00 
2.800000e+00 -9.400499e+03 3.235730e+07 0.000000e+00 0.000000e+00 
2.810000e+00 -9.765382e+03 3.462848e+07 0.000000e+00 0.000000e+00 
2.820000e+00 -1.014328e+04 3.705214e+07 0.000000e+00 0.000000e+00 
2.830000e+00 -1.053461e+04 3.963805e+07 0.000000e+00 0.000000e+00 
2.840000e+00 -1.093982e+04 4.239658e+07 0.000000e+00 0.000000e+00 
2.850000e+00 -1.135935e+04 4.533872e+07 0.000000e+00 0.000000e+00 
2.860000e+00 -1.179366e+04 4.847613e+07 0.000000e+00 0.000000e+00 
2.870000e+00 -1.224323e+04 5.182118e+07 0.000000e+00 0.000000e+00 
2.880000e+00 -1.270855e+04 5.538700e+07 0.000000e+00 0.000000e+00 
2.890000e+00 -1.319012e+04 5.918748e+07 0.000000e+00 0.000000e+00 
2.900000e+00 -1.368845e+04 6.323736e+07 0.000000e+00 0.000000e+00 
2.910000e+00 -1.420409e+04 6.755227e+07 0.000000e+00 0.000000e+00 
2.920000e+00 -1.473757e+04 7.214874e+07 0.000000e+00 0.000000e+00 
2.930000e+00 -1.528947e+04 7.704433e+07 0.000000e+00 0.000000e+00 
2.940000e+00 -1.586036e+04 8.225760e+07 0.000000e+00 0.000000e+00 
2.950000e+00 -1.645084e+04 8.780822e+07 0.000000e+00 0.000000e+00 
2.960000e+00 -1.706152e+04 9.371703e+07 0.000000e+00 0.000000e+00 
2.970000e+00 -1.769303e+04 1.000061e+08 0.000000e+00 0.000000e+00 
2.980000e+00 -1.834602e+04 1.066987e+08 0.000000e+00 0.000000e+00 
2.990000e+00 -1.902116e+04 1.138197e+08 0.000000e+00 0.000000e+00 
3.000000e+00 -1.971912e+04 1.213951e+08 0.000000e+00 0.000000e+00 
3.010000e+00 -2.044063e+04 1.294527e+08 0.000000e+00 0.000000e+00 
3.020000e+00 -2.118639e+04 1.380217e+08 0.000000e+00 0.000000e+00 
3.030000e+00 -2.195716e+04 1.471330e+08 0.000000e+00 0.000000e+00 
3.040000e+00 -2.275370e+04 1.568196e+08 0.000000e+00 0.000000e+00 
3.050000e+00 -2.357679e+04 1.671159e+08 0.000000e+00 0.000000e+00 
3.060000e+00 -2.442724e+04 1.780587e+08 0.000000e+00 0.000000e+00 
3.070000e+00 -2.530588e+04 1.896866e+08 0.000000e+00 0.000000e+00 
3.080000e+00 -2.621357e+04 2.020406e+08 0.000000e+00 0.000000e+00 
3.090000e+00 -2.715118e+04 2.151640e+08 0.000000e+00 0.000000e+00 
3.100000e+00 -2.811961e+04 2.291024e+08 0.000000e+00 0.000000e+00 
3.110000e+00 -2.911978e+04 2.439042e+08 0.000000e+00 0.000000e+00 
3.120000e+00 -3.015264e+04 2.596203e+08 0.000000e+00 0.000000e+00 
3.130000e+00 -3.121917e+04 2.763048e+08 0.000000e+00 0.000000e+00 
3.140000e+00 -3.232037e+04 2.940144e+08 0.000000e+00 0.000000e+00 
3.150000e+00 -3.345726e+04 3.128093e+08 0.000000e+00 0.000000e+00 
3.160000e+00 -3.463091e+04 3.327529e+08 0.000000e+00 0.000000e+00 
3.170000e+00 -3.584239e+04 3.539123e+08 0.000000e+00 0.000000e+00 
3.180000e+00 -3.709281e+04 3.763581e+08 0.000000e+00 0.000000e+00 
3.190000e+00 -3.838333e+04 4.001650e+08 0.000000e+00 0.000000e+00 
3.200000e+00 -3.971511e+04 4.254117e+08 0.000000e+00 0.000000e+00 
3.210000e+00 -4.108935e+04 4.521812e+08 0.000000e+00 0.000000e+00 
3.220000e+00 -4.250730e+04 4.805612e+08 0.000000e+00 0.000000e+00 
3.230000e+00 -4.397021e+04 5.106441e+08 0.000000e+00 0.000000e+00 
3.240000e+00 -4.547939e+04 5.425274e+08 0.000000e+00 0.000000e+00 
3.250000e+00 -4.703617e+04 5.763139e+08 0.000000e+00 0.000000e+00 
3.260000e+00 -4.864192e+04 6.121120e+08 0.000000e+00 0.000000e+00 
3.270000e+00 -5.029805e+04 6.500359e+08 0.000000e+00 0.000000e+00 
3.280000e+00 -5.200600e+04 6.902060e+08 0.000000e+00 0.000000e+00 
3.290000e+00 -5.376725e+04 7.327493e+08 0.000000e+00 0.000000e+00 
3.300000e+00 -5.558331e+04 7.777996e+08 0.000000e+00 0.000000e+00 
3.310000e+00 -5.745574e+04 8.254976e+08 0.000000e+00 0.000000e+00 
3.320000e+00 -5.938614e+04 8.759919e+08 0.000000e+00 0.000000e+00 
3.330000e+00 -6.137614e+04 9.294388e+08 0.000000e+00 0.000000e+00 
3.340000e+00 -6.342743e+04 9.860031e+08 0.000000e+00 0.000000e+00 
3.350000e+00 -6.554171e+04 1.045858e+09 0.000000e+00 0.000000e+00 
3.360000e+00 -6.772076e+04 1.109187e+09 0.000000e+00 0.000000e+00 
3.370000e+00 -6.996639e+04 1.176181e+09 0.000000e+00 0.000000e+00 
3.380000e+00 -7.228044e+04 1.247043e+09 0.000000e+00 0.000000e+00 
3.390000e+00 -7.466483e+04 1.321986e+09 0.000000e+00 0.000000e+00 
3.400000e+00 -7.712150e+04 1.401234e+09 0.000000e+00 0.000000e+00 
3.410000e+00 -7.965246e+04 1.485024e+09 0.000000e+00 0.000000e+00 
3.420000e+00 -8.225974e+04 1.573603e+09 0.000000e+00 0.000000e+00 
3.430000e+00 -8.494545e+04 1.667232e+09 0.000000e+00 0.000000e+00 
3.440000e+00 -8.771174e+04 1.766187e+09 0.000000e+00 0.000000e+00 
3.450000e+00 -9.056081e+04 1.870755e+09 0.000000e+00 0.000000e+00 
3.460000e+00 -9.349492e+04 1.981242e+09 0.000000e+00 0.000000e+00 
3.470000e+00 -9.651640e+04 2.097965e+09 0.000000e+00 0.000000e+00 
3.480000e+00 -9.962760e+04 2.221262e+09 0.000000e+00 0.000000e+00 
3.490000e+00 -1.028310e+05 2.351484e+09 0.000000e+00 0.000000e+00 
3.500000e+00 -1.061290e+05 2.489004e+09 0.000000e+00 0.000000e+00 
3.510000e+00 -1.095242e+05 2.634210e+09 0.000000e+00 0.000000e+00 
3.520000e+00 -1.130192e+05 2.787514e+09 0.000000e+00 0.000000e+00 
3.530000e+00 -1.166167e+05 2.949345e+09 0.000000e+00 0.000000e+00 
3.540000e+00 -1.203194e+05 3.120156e+09 0.000000e+00 0.000000e+00 
3.550000e+00 -1.241302e+05 3.300422e+09 0.000000e+00 0.000000e+00 
3.560000e+00 -1.280519e+05 3.490642e+09 0.000000e+00 0.000000e+00 
3.570000e+00 -1.320874e+05 3.691341e+09 0.000000e+00 0.000000e+00 
3.580000e+00 -1.362398e+05 3.903069e+09 0.000000e+00 0.000000e+00 
3.590000e+00 -1.405122e+05 4.126403e+09 0.000000e+00 0.000000e+00 
3.600000e+00 -1.449076e+05 4.361952e+09 0.000000e+00 0.000000e+00 
3.610000e+00 -1.494294e+05 4.610351e+09 0.000000e+00 0.000000e+00 
3.620000e+00 -1.540809e+05 4.872269e+09 0.000000e+00 0.000000e+00 
3.630000e+00 -1.588654e+05 5.148409e+09 0.000000e+00 0.000000e+00 
3.640000e+00 -1.637864e+05 5.439505e+09 0.000000e+00 0.000000e+00 
3.650000e+00 -1.688475e+05 5.746332e+09 0.000000e+00 0.000000e+00 
3.660000e+00 -1.740522e+05 6.069699e+09 0.000000e+00 0.000000e+00 
3.670000e+00 -1.794044e+05 6.410457e+09 0.000000e+00 0.000000e+00 
3.680000e+00 -1.849079e+05 6.769498e+09 0.000000e+00 0.000000e+00 
3.690000e+00 -1.905664e+05 7.147757e+09 0.000000e+00 0.000000e+00 
3.700000e+00 -1.963841e+05 7.546215e+09 0.000000e+00 0.000000e+00 
3.710000e+00 -2.023650e+05 7.965901e+09 0.000000e+00 0.000000e+00 
3.720000e+00 -2.085132e+05 8.407893e+09 0.000000e+00 0.000000e+00 
3.730000e+00 -2.148330e+05 8.873321e+09 0.000000e+00 0.000000e+00 
3.740000e+00 -2.213289e+05 9.363371e+09 0.000000e+00 0.000000e+00 
3.750000e+00 -2.280052e+05 9.879284e+09 0.000000e+00 0.000000e+00 
3.760000e+00 -2.348666e+05 1.042236e+10 0.000000e+00 0.000000e+00 
3.770000e+00 -2.419177e+05 1.099397e+10 0.000000e+00 0.000000e+00 
3.780000e+00 -2.491632e+05 1.159553e+10 0.000000e+00 0.000000e+00 
3.790000e+00 -2.566082e+05 1.222856e+10 0.000000e+00 0.000000e+00 
3.800000e+00 -2.642576e+05 1.289460e+10 0.000000e+00 0.000000e+00 
3.810000e+00 -2.721164e+05 1.359531e+10 0.000000e+00 0.000000e+00 
3.820000e+00 -2.801900e+05 1.433241e+10 0.000000e+00 0.000000e+00 
3.830000e+00 -2.884837e+05 1.510769e+10 0.000000e+00 0.000000e+00 
3.840000e+00 -2.970030e+05 1.592305e+10 0.000000e+00 0.000000e+00 
3.850000e+00 -3.057534e+05 1.678046e+10 0.000000e+00 0.000000e+00 
3.860000e+00 -3.147406e+05 1.768198e+10 0.000000e+00 0.000000e+00 
3.870000e+00 -3.239706e+05 1.862979e+10 0.000000e+00 0.000000e+00 
3.880000e+00 -3.334492e+05 1.962614e+10 0.000000e+00 0.000000e+00 
3.890000e+00 -3.431827e+05 2.067342e+10 0.000000e+00 0.000000e+00 
3.900000e+00 -3.531772e+05 2.177409e+10 0.000000e+00 0.000000e+00 
3.910000e+00 -3.634391e+05 2.293075e+10 0.000000e+00 0.000000e+00 
3.920000e+00 -3.739749e+05 2.414613e+10 0.000000e+00 0.000000e+00 
3.930000e+00 -3.847913e+05 2.542306e+10 0.000000e+00 0.000000e+00 
3.940000e+00 -3.958952e+05 2.676451e+10 0.000000e+00 0.000000e+00 
3.950000e+00 -4.072934e+05 2.817359e+10 0.000000e+00 0.000000e+00 
3.960000e+00 -4.189931e+05 2.965356e+10 0.000000e+00 0.000000e+00 
3.970000e+00 -4.310016e+05 3.120781e+10 0.000000e+00 0.000000e+00 
3.980000e+00 -4.433263e+05 3.283990e+10 0.000000e+00 0.000000e+00 
3.990000e+00 -4.559747e+05 3.455354e+10 0.000000e+00 0.000000e+00 
4.000000e+00 -4.689547e+05 3.635262e+10 0.000000e+00 0.000000e+00 
4.010000e+00 -4.822741e+05 3.824120e+10 0.000000e+00 0.000000e+00 
4.020000e+00 -4.959410e+05 4.022353e+10 0.000000e+00 0.000000e+00 
4.030000e+00 -5.099638e+05 4.230403e+10 0.000000e+00 0.000000e+00 
4.040000e+00 -5.243508e+05 4.448736e+10 0.000000e+00 0.000000e+00 
4.050000e+00 -5.391106e+05 4.677834e+10 0.000000e+00 0.000000e+00 
4.060000e+00 -5.542522e+05 4.918205e+10 0.000000e+00 0.000000e+00 
4.070000e+00 -5.697844e+05 5.170377e+10 0.000000e+00 0.000000e+00 
4.080000e+00 -5.857165e+05 5.434902e+10 0.000000e+00 0.000000e+00 
4.090000e+00 -6.020578e+05 5.712357e+10 0.000000e+00 0.000000e+00 
4.100000e+00 -6.188179e+05 6.003344e+10 0.000000e+00 0.000000e+00 
4.110000e+00 -6.360066e+05 6.308494e+10 0.000000e+00 0.000000e+00 
4.120000e+00 -6.536340e+05 6.628462e+10 0.000000e+00 0.000000e+00 
4.130000e+00 -6.717101e+05 6.963936e+10 0.000000e+00 0.000000e+00 
4.140000e+00 -6.902454e+05 7.315631e+10 0.000000e+00 0.000000e+00 
4.150000e+00 -7.092506e+05 7.684294e+10 0.000000e+00 0.000000e+00 
4.160000e+00 -7.287364e+05 8.070708e+10 0.000000e+00 0.000000e+00 
4.170000e+00 -7.487140e+05 8.475685e+10 0.000000e+00 0.000000e+00 
4.180000e+00 -7.691947e+05 8.900076e+10 0.000000e+00 0.000000e+00 
4.190000e+00 -7.901900e+05 9.344768e+10 0.000000e+00 0.000000e+00 
4.200000e+00 -8.117118e+05 9.810688e+10 0.000000e+00 0.000000e+00 
4.210000e+00 -8.337719e+05 1.029880e+11 0.000000e+00 0.000000e+00 
4.220000e+00 -8.563828e+05 1.081011e+11 0.000000e+00 0.000000e+00 
4.230000e+00 -8.795569e+05 1.134568e+11 0.000000e+00 0.000000e+00 
4.240000e+00 -9.033070e+05 1.190659e+11 0.000000e+00 0.000000e+00 
4.250000e+00 -9.276462e+05 1.249400e+11 0.000000e+00 0.000000e+00 
4.260000e+00 -9.525878e+05 1.310909e+11 0.000000e+00 0.000000e+00 
4.270000e+00 -9.781454e+05 1.375310e+11 0.000000e+00 0.000000e+00 
4.280000e+00 -1.004333e+06 1.442735e+11 0.000000e+00 0.000000e+00 
4.290000e+00 -1.031164e+06 1.513317e+11 0.000000e+00 0.000000e+00 
4.300000e+00 -1.058654e+06 1.587197e+11 0.000000e+00 0.000000e+00 
4.310000e+00 -1.086817e+06 1.664524e+11 0.000000e+00 0.000000e+00 
4.320000e+00 -1.115668e+06 1.745449e+11 0.000000e+00 0.000000e+00 
4.330000e+00 -1.145222e+06 1.830132e+11 0.000000e+00 0.000000e+00 
4.340000e+00 -1.175496e+06 1.918740e+11 0.000000e+00 0.000000e+00 
4.350000e+00 -1.206504e+06 2.011447e+11 0.000000e+00 0.000000e+00 
4.360000e+00 -1.238264e+06 2.108432e+11 0.000000e+00 0.000000e+00 
4.370000e+00 -1.270792e+06 2.209885e+11 0.000000e+00 0.000000e+00 
4.380000e+00 -1.304105e+06 2.316001e+11 0.000000e+00 0.000000e+00 
4.390000e+00 -1.338219e+06 2.426984e+11 0.000000e+00 0.000000e+00 
4.400000e+00 -1.373154e+06 2.543047e+11 0.000000e+00 0.000000e+00 
4.410000e+00 -1.408926e+06 2.664413e+11 0.000000e+00 0.000000e+00 
4.420000e+00 -1.445553e+06 2.791311e+11 0.000000e+00 0.000000e+00 
4.430000e+00 -1.483056e+06 2.923983e+11 0.000000e+00 0.000000e+00 
4.440000e+00 -1.521452e+06 3.062678e+11 0.000000e+00 0.000000e+00 
4.450000e+00 -1.560761e+06 3.207657e+11 0.000000e+00 0.000000e+00 
4.460000e+00 -1.601002e+06 3.359192e+11 0.000000e+00 0.000000e+00 
4.470000e+00 -1.642197e+06 3.517565e+11 0.000000e+00 0.000000e+00 
4.480000e+00 -1.684365e+06 3.683071e+11 0.000000e+00 0.000000e+00 
4.490000e+00 -1.727527e+06 3.856014e+11 0.000000e+00 0.000000e+00 
4.500000e+00 -1.771705e+06 4.036715e+11 0.000000e+00 0.000000e+00 
4.510000e+00 -1.816921e+06 4.225504e+11 0.000000e+00 0.000000e+00 
4.520000e+00 -1.863196e+06 4.422727e+11 0.000000e+00 0.000000e+00 
4.530000e+00 -1.910554e+06 4.628742e+11 0.000000e+00 0.000000e+00 
4.540000e+00 -1.959018e+06 4.843924e+11 0.000000e+00 0.000000e+00 
4.550000e+00 -2.008610e+06 5.068660e+11 0.000000e+00 0.000000e+00 
4.560000e+00 -2.059355e+06 5.303356e+11 0.000000e+00 0.000000e+00 
4.570000e+00 -2.111278e+06 5.548432e+11 0.000000e+00 0.000000e+00 
4.580000e+00 -2.164403e+06 5.804325e+11 0.000000e+00 0.000000e+00 
4.590000e+00 -2.218755e+06 6.071491e+11 0.000000e+00 0.000000e+00 
4.600000e+00 -2.274361e+06 6.350403e+11 0.000000e+00 0.000000e+00 
4.610000e+00 -2.331247e+06 6.641552e+11 0.000000e+00 0.000000e+00 
4.620000e+00 -2.389439e+06 6.945451e+11 0.000000e+00 0.000000e+00 
4.630000e+00 -2.448965e+06 7.262632e+11 0.000000e+00 0.000000e+00 
4.640000e+00 -2.509853e+06 7.593648e+11 0.000000e+00 0.000000e+00 
4.650000e+00 -2.572131e+06 7.939073e+11 0.000000e+00 0.000000e+00 
4.660000e+00 -2.635828e+06 8.299506e+11 0.000000e+00 0.000000e+00 
4.670000e+00 -2.700974e+06 8.675569e+11 0.000000e+00 0.000000e+00 
4.680000e+00 -2.767598e+06 9.067906e+11 0.000000e+00 0.000000e+00 
4.690000e+00 -2.835731e+06 9.477190e+11 0.000000e+00 0.000000e+00 
4.700000e+00 -2.905405e+06 9.904118e+11 0.000000e+00 0.000000e+00 
4.710000e+00 -2.976651e+06 1.034941e+12 0.000000e+00 0.000000e+00 
4.720000e+00 -3.049500e+06 1.081383e+12 0.000000e+00 0.000000e+00 
4.730000e+00 -3.123987e+06 1.129815e+12 0.000000e+00 0.000000e+00 
4.740000e+00 -3.200145e+06 1.180319e+12 0.000000e+00 0.000000e+00 
4.750000e+00 -3.278007e+06 1.232979e+12 0.000000e+00 0.000000e+00 
4.760000e+00 -3.357610e+06 1.287883e+12 0.000000e+00 0.000000e+00 
4.770000e+00 -3.438987e+06 1.345122e+12 0.000000e+00 0.000000e+00 
4.780000e+00 -3.522175e+06 1.404791e+12 0.000000e+00 0.000000e+00 
4.790000e+00 -3.607210e+06 1.466988e+12 0.000000e+00 0.000000e+00 
4.800000e+00 -3.694131e+06 1.531814e+12 0.000000e+00 0.000000e+00 
4.810000e+00 -3.782975e+06 1.599377e+12 0.000000e+00 0.000000e+00 
4.820000e+00 -3.873781e+06 1.669785e+12 0.000000e+00 0.000000e+00 
4.830000e+00 -3.966589e+06 1.743154e+12 0.000000e+00 0.000000e+00 
4.840000e+00 -4.061438e+06 1.819601e+12 0.000000e+00 0.000000e+00 
4.850000e+00 -4.158369e+06 1.899250e+12 0.000000e+00 0.000000e+00 
4.860000e+00 -4.257425e+06 1.982230e+12 0.000000e+00 0.000000e+00 
4.870000e+00 -4.358647e+06 2.068671e+12 0.000000e+00 0.000000e+00 
4.880000e+00 -4.462079e+06 2.158712e+12 0.000000e+00 0.000000e+00 
4.890000e+00 -4.567764e+06 2.252497e+12 0.000000e+00 0.000000e+00 
4.900000e+00 -4.675748e+06 2.350172e+12 0.000000e+00 0.000000e+00 
4.910000e+00 -4.786075e+06 2.451893e+12 0.000000e+00 0.000000e+00 
4.920000e+00 -4.898793e+06 2.557818e+12 0.000000e+00 0.000000e+00 
4.930000e+00 -5.013948e+06 2.668113e+12 0.000000e+00 0.000000e+00 
4.940000e+00 -5.131588e+06 2.782951e+12 0.000000e+00 0.000000e+00 
4.950000e+00 -5.251763e+06 2.902508e+12 0.000000e+00 0.000000e+00 
4.960000e+00 -5.374521e+06 3.026971e+12 0.000000e+00 0.000000e+00 
4.970000e+00 -5.499914e+06 3.156530e+12 0.000000e+00 0.000000e+00 
4.980000e+00 -5.627993e+06 3.291386e+12 0.000000e+00 0.000000e+00 
4.990000e+00 -5.758811e+06 3.431743e+12 0.000000e+00 0.000000e+00 
5.000000e+00 -5.892420e+06 3.577816e+12 0.000000e+00 0.000000e+00 
5.010000e+00 -6.028875e+06 3.729827e+12 0.000000e+00 0.000000e+00 
5.020000e+00 -6.168231e+06 3.888006e+12 0.000000e+00 0.000000e+00 
5.030000e+00 -6.310544e+06 4.052590e+12 0.000000e+00 0.000000e+00 
5.040000e+00 -6.455872e+06 4.223828e+12 0.000000e+00 0.000000e+00 
5.050000e+00 -6.604273e+06 4.401976e+12 0.000000e+00 0.000000e+00 
5.060000e+00 -6.755805e+06 4.587299e+12 0.000000e+00 0.000000e+00 
5.070000e+00 -6.910530e+06 4.780072e+12 0.000000e+00 0.000000e+00 
5.080000e+00 -7.068508e+06 4.980582e+12 0.000000e+00 0.000000e+00 
5.090000e+00 -7.229801e+06 5.189123e+12 0.000000e+00 0.000000e+00 
5.100000e+00 -7.394473e+06 5.406003e+12 0.000000e+00 0.000000e+00 
5.110000e+00 -7.562588e+06 5.631539e+12 0.000000e+00 0.000000e+00 
5.120000e+00 -7.734212e+06 5.866059e+12 0.000000e+00 0.000000e+00 
5.130000e+00 -7.909412e+06 6.109907e+12 0.000000e+00 0.000000e+00 
5.140000e+00 -8.088255e+06 6.363433e+12 0.000000e+00 0.000000e+00 
5.150000e+00 -8.270811e+06 6.627006e+12 0.000000e+00 0.000000e+00 
5.160000e+00 -8.457149e+06 6.901003e+12 0.000000e+00 0.000000e+00 
5.170000e+00 -8.647341e+06 7.185819e+12 0.000000e+00 0.000000e+00 
5.180000e+00 -8.841460e+06 7.481859e+12 0.000000e+00 0.000000e+00 
5.190000e+00 -9.039579e+06 7.789545e+12 0.000000e+00 0.000000e+00 
5.200000e+00 -9.241774e+06 8.109314e+12 0.000000e+00 0.000000e+00 
5.210000e+00 -9.448120e+06 8.441618e+12 0.000000e+00 0.000000e+00 
5.220000e+00 -9.658695e+06 8.786926e+12 0.000000e+00 0.000000e+00 
5.230000e+00 -9.873579e+06 9.145720e+12 0.000000e+00 0.000000e+00 
5.240000e+00 -1.009285e+07 9.518505e+12 0.000000e+00 0.000000e+00 
5.250000e+00 -1.031659e+07 9.905799e+12 0.000000e+00 0.000000e+00 
5.260000e+00 -1.054489e+07 1.030814e+13 0.000000e+00 0.000000e+00 
5.270000e+00 -1.077782e+07 1.072609e+13 0.000000e+00 0.000000e+00 
5.280000e+00 -1.101548e+07 1.116021e+13 0.000000e+00 0.000000e+00 
5.290000e+00 -1.125795e+07 1.161112e+13 0.000000e+00 0.000000e+00 
5.300000e+00 -1.150531e+07 1.207942e+13 0.000000e+00 0.000000e+00 
5.310000e+00 -1.175767e+07 1.256576e+13 0.000000e+00 0.000000e+00 
5.320000e+00 -1.201510e+07 1.307079e+13 0.000000e+00 0.000000e+00 
5.330000e+00 -1.227772e+07 1.359520e+13 0.000000e+00 0.000000e+00 
5.340000e+00 -1.254559e+07 1.413971e+13 0.000000e+00 0.000000e+00 
5.350000e+00 -1.281884e+07 1.470504e+13 0.000000e+00 0.000000e+00 
5.360000e+00 -1.309754e+07 1.529195e+13 0.000000e+00 0.000000e+00 
5.370000e+00 -1.338181e+07 1.590122e+13 0.000000e+00 0.000000e+00 
5.380000e+00 -1.367175e+07 1.653368e+13 0.000000e+00 0.000000e+00 
5.390000e+00 -1.396744e+07 1.719016e+13 0.000000e+00 0.000000e+00 
5.400000e+00 -1.426901e+07 1.787152e+13 0.000000e+00 0.000000e+00 
5.410000e+00 -1.457656e+07 1.857868e+13 0.000000e+00 0.000000e+00 
5.420000e+00 -1.489019e+07 1.931255e+13 0.000000e+00 0.000000e+00 
5.430000e+00 -1.521001e+07 2.007410e+13 0.000000e+00 0.000000e+00 
5.440000e+00 -1.553614e+07 2.086432e+13 0.000000e+00 0.000000e+00 
5.450000e+00 -1.586869e+07 2.168424e+13 0.000000e+00 0.000000e+00 
5.460000e+00 -1.620777e+07 2.253493e+13 0.000000e+00 0.000000e+00 
5.470000e+00 -1.655350e+07 2.341749e+13 0.000000e+00 0.000000e+00 
5.480000e+00 -1.690600e+07 2.433305e+13 0.000000e+00 0.000000e+00 
5.490000e+00 -1.726539e+07 2.528278e+13 0.000000e+00 0.000000e+00 
5.500000e+00 -1.763179e+07 2.626791e+13 0.000000e+00 0.000000e+00 
5.510000e+00 -1.800533e+07 2.728969e+13 0.000000e+00 0.000000e+00 
5.520000e+00 -1.838614e+07 2.834942e+13 0.000000e+00 0.000000e+00 
5.530000e+00 -1.877433e+07 2.944844e+13 0.000000e+00 0.000000e+00 
5.540000e+00 -1.917005e+07 3.058814e+13 0.000000e+00 0.000000e+00 
5.550000e+00 -1.957342e+07 3.176996e+13 0.000000e+00 0.000000e+00 
5.560000e+00 -1.998458e+07 3.299537e+13 0.000000e+00 0.000000e+00 
5.570000e+00 -2.040367e+07 3.426591e+13 0.000000e+00 0.000000e+00 
5.580000e+00 -2.083083e+07 3.558317e+13 0.000000e+00 0.000000e+00 
5.590000e+00 -2.126620e+07 3.694877e+13 0.000000e+00 0.000000e+00 
5.600000e+00 -2.170991e+07 3.836441e+13 0.000000e+00 0.000000e+00 
5.610000e+00 -2.216212e+07 3.983183e+13 0.000000e+00 0.000000e+00 
5.620000e+00 -2.262298e+07 4.135285e+13 0.000000e+00 0.000000e+00 
5.630000e+00 -2.309263e+07 4.292932e+13 0.000000e+00 0.000000e+00 
5.640000e+00 -2.357124e+07 4.456317e+13 0.000000e+00 0.000000e+00 
5.650000e+00 -2.405894e+07 4.625639e+13 0.000000e+00 0.000000e+00 
5.660000e+00 -2.455591e+07 4.801103e+13 0.000000e+00 0.000000e+00 
5.670000e+00 -2.506230e+07 4.982923e+13 0.000000e+00 0.000000e+00 
5.680000e+00 -2.557827e+07 5.171316e+13 0.000000e+00 0.000000e+00 
5.690000e+00 -2.610399e+07 5.366510e+13 0.000000e+00 0.000000e+00 
5.700000e+00 -2.663963e+07 5.568738e+13 0.000000e+00 0.000000e+00 
5.710000e+00 -2.718535e+07 5.778242e+13 0.000000e+00 0.000000e+00 
5.720000e+00 -2.774134e+07 5.995271e+13 0.000000e+00 0.000000e+00 
5.730000e+00 -2.830776e+07 6.220083e+13 0.000000e+00 0.000000e+00 
5.740000e+00 -2.888479e+07 6.452944e+13 0.000000e+00 0.000000e+00 
5.750000e+00 -2.947262e+07 6.694127e+13 0.000000e+00 0.000000e+00 
5.760000e+00 -3.007143e+07 6.943916e+13 0.000000e+00 0.000000e+00 
5.770000e+00 -3.068140e+07 7.202605e+13 0.000000e+00 0.000000e+00 
5.780000e+00 -3.130273e+07 7.470495e+13 0.000000e+00 0.000000e+00 
5.790000e+00 -3.193560e+07 7.747897e+13 0.000000e+00 0.000000e+00 
5.800000e+00 -3.258022e+07 8.035133e+13 0.000000e+00 0.000000e+00 
5.810000e+00 -3.323678e+07 8.332536e+13 0.000000e+00 0.000000e+00 
5.820000e+00 -3.390548e+07 8.640449e+13 0.000000e+00 0.000000e+00 
5.830000e+00 -3.458652e+07 8.959224e+13 0.000000e+00 0.000000e+00 
5.840000e+00 -3.528012e+07 9.289227e+13 0.000000e+00 0.000000e+00 
5.850000e+00 -3.598649e+07 9.630836e+13 0.000000e+00 0.000000e+00 
5.860000e+00 -3.670583e+07 9.984438e+13 0.000000e+00 0.000000e+00 
5.870000e+00 -3.743837e+07 1.035043e+14 0.000000e+00 0.000000e+00 
5.880000e+00 -3.818433e+07 1.072924e+14 0.000000e+00 0.000000e+00 
5.890000e+00 -3.894392e+07 1.112128e+14 0.000000e+00 0.000000e+00 
5.900000e+00 -3.971739e+07 1.152700e+14 0.000000e+00 0.000000e+00 
5.910000e+00 -4.050494e+07 1.194684e+14 0.000000e+00 0.000000e+00 
5.920000e+00 -4.130683e+07 1.238129e+14 0.000000e+00 0.000000e+00 
5.930000e+00 -4.212329e+07 1.283082e+14 0.000000e+00 0.000000e+00 
5.940000e+00 -4.295456e+07 1.329593e+14 0.000000e+00 0.000000e+00 
5.950000e+00 -4.380088e+07 1.377714e+14 0.000000e+00 0.000000e+00 
5.960000e+00 -4.466250e+07 1.427497e+14 0.000000e+00 0.000000e+00 
5.970000e+00 -4.553967e+07 1.478998e+14 0.000000e+00 0.000000e+00 
5.980000e+00 -4.643266e+07 1.532273e+14 0.000000e+00 0.000000e+00 
5.990000e+00 -4.734171e+07 1.587379e+14 0.000000e+00 0.000000e+00 
6.000000e+00 -4.826709e+07 1.644378e+14 0.000000e+00 0.000000e+00 
6.010000e+00 -4.920907e+07 1.703330e+14 0.000000e+00 0.000000e+00 
6.020000e+00 -5.016792e+07 1.764301e+14 0.000000e+00 0.000000e+00 
6.030000e+00 -5.114392e+07 1.827354e+14 0.000000e+00 0.000000e+00 
6.040000e+00 -5.213734e+07 1.892559e+14 0.000000e+00 0.000000e+00 
6.050000e+00 -5.314846e+07 1.959986e+14 0.000000e+00 0.000000e+00 
6.060000e+00 -5.417758e+07 2.029705e+14 0.000000e+00 0.000000e+00 
6.070000e+00 -5.522499e+07 2.101792e+14 0.000000e+00 0.000000e+00 
6.080000e+00 -5.629097e+07 2.176323e+14 0.000000e+00 0.000000e+00 
6.090000e+00 -5.737584e+07 2.253378e+14 0.000000e+00 0.000000e+00 
6.100000e+00 -5.847989e+07 2.333037e+14 0.000000e+00 0.000000e+00 
6.110000e+00 -5.960343e+07 2.415384e+14 0.000000e+00 0.000000e+00 
6.120000e+00 -6.074678e+07 2.500506e+14 0.000000e+00 0.000000e+00 
6.130000e+00 -6.191026e+07 2.588491e+14 0.000000e+00 0.000000e+00 
6.140000e+00 -6.309418e+07 2.679432e+14 0.000000e+00 0.000000e+00 
6.150000e+00 -6.429888e+07 2.773424e+14 0.000000e+00 0.000000e+00 
6.160000e+00 -6.552468e+07 2.870562e+14 0.000000e+00 0.000000e+00 
6.170000e+00 -6.677193e+07 2.970949e+14 0.000000e+00 0.000000e+00 
6.180000e+00 -6.804096e+07 3.074687e+14 0.000000e+00 0.000000e+00 
6.190000e+00 -6.933212e+07 3.181883e+14 0.000000e+00 0.000000e+00 
6.200000e+00 -7.064576e+07 3.292647e+14 0.000000e+00 0.000000e+00 
6.210000e+00 -7.198224e+07 3.407092e+14 0.000000e+00 0.000000e+00 
6.220000e+00 -7.334192e+07 3.525334e+14 0.000000e+00 0.000000e+00 
6.230000e+00 -7.472516e+07 3.647493e+14 0.000000e+00 0.000000e+00 
6.240000e+00 -7.613235e+07 3.773693e+14 0.000000e+00 0.000000e+00 
6.250000e+00 -7.756384e+07 3.904062e+14 0.000000e+00 0.000000e+00 
6.260000e+00 -7.902003e+07 4.038730e+14 0.000000e+00 0.000000e+00 
6.270000e+00 -8.050131e+07 4.177833e+14 0.000000e+00 0.000000e+00 
6.280000e+00 -8.200806e+07 4.321509e+14 0.000000e+00 0.000000e+00 
6.290000e+00 -8.354069e+07 4.469901e+14 0.000000e+00 0.000000e+00 
6.300000e+00 -8.509960e+07 4.623158e+14 0.000000e+00 0.000000e+00 
6.310000e+00 -8.668519e+07 4.781432e+14 0.000000e+00 0.000000e+00 
6.320000e+00 -8.829790e+07 4.944877e+14 0.000000e+00 0.000000e+00 
6.330000e+00 -8.993813e+07 5.113656e+14 0.000000e+00 0.000000e+00 
6.340000e+00 -9.160632e+07 5.287935e+14 0.000000e+00 0.000000e+00 
6.350000e+00 -9.330290e+07 5.467883e+14 0.000000e+00 0.000000e+00 
6.360000e+00 -9.502831e+07 5.653677e+14 0.000000e+00 0.000000e+00 
6.370000e+00 -9.678299e+07 5.845498e+14 0.000000e+00 0.000000e+00 
6.380000e+00 -9.856740e+07 6.043531e+14 0.000000e+00 0.000000e+00 
6.390000e+00 -1.003820e+08 6.247968e+14 0.000000e+00 0.000000e+00 
6.400000e+00 -1.022272e+08 6.459007e+14 0.000000e+00 0.000000e+00 
6.410000e+00 -1.041036e+08 6.676851e+14 0.000000e+00 0.000000e+00 
6.420000e+00 -1.060116e+08 6.901708e+14 0.000000e+00 0.000000e+00 
6.430000e+00 -1.079516e+08 7.133794e+14 0.000000e+00 0.000000e+00 
6.440000e+00 -1.099242e+08 7.373330e+14 0.000000e+00 0.000000e+00 
6.450000e+00 -1.119299e+08 7.620543e+14 0.000000e+00 0.000000e+00 
6.460000e+00 -1.139692e+08 7.875669e+14 0.000000e+00 0.000000e+00 
6.470000e+00 -1.160425e+08 8.138948e+14 0.000000e+00 0.000000e+00 
6.480000e+00 -1.181505e+08 8.410629e+14 0.000000e+00 0.000000e+00 
6.490000e+00 -1.202936e+08 8.690966e+14 0.000000e+00 0.000000e+00 
6.500000e+00 -1.224723e+08 8.980223e+14 0.000000e+00 0.000000e+00 
6.510000e+00 -1.246873e+08 9.278669e+14 0.000000e+00 0.000000e+00 
6.520000e+00 -1.269390e+08 9.586584e+14 0.000000e+00 0.000000e+00 
6.530000e+00 -1.292280e+08 9.904253e+14 0.000000e+00 0.000000e+00 
6.540000e+00 -1.315549e+08 1.023197e+15 0.000000e+00 0.000000e+00 
6.550000e+00 -1.339202e+08 1.057004e+15 0.000000e+00 0.000000e+00 
6.560000e+00 -1.363245e+08 1.091877e+15 0.000000e+00 0.000000e+00 
6.570000e+00 -1.387685e+08 1.127848e+15 0.000000e+00 0.000000e+00 
6.580000e+00 -1.412526e+08 1.164950e+15 0.000000e+00 0.000000e+00 
6.590000e+00 -1.437775e+08 1.203218e+15 0.000000e+00 0.000000e+00 
6.600000e+00 -1.463439e+08 1.242685e+15 0.000000e+00 0.000000e+00 
6.610000e+00 -1.489522e+08 1.283389e+15 0.000000e+00 0.000000e+00 
6.620000e+00 -1.516032e+08 1.325365e+15 0.000000e+00 0.000000e+00 
6.630000e+00 -1.542975e+08 1.368651e+15 0.000000e+00 0.000000e+00 
6.640000e+00 -1.570358e+08 1.413287e+15 0.000000e+00 0.000000e+00 
6.650000e+00 -1.598186e+08 1.459312e+15 0.000000e+00 0.000000e+00 
6.660000e+00 -1.626466e+08 1.506768e+15 0.000000e+00 0.000000e+00 
6.670000e+00 -1.655206e+08 1.555697e+15 0.000000e+00 0.000000e+00 
6.680000e+00 -1.684411e+08 1.606143e+15 0.000000e+00 0.000000e+00 
6.690000e+00 -1.714089e+08 1.658151e+15 0.000000e+00 0.000000e+00 
6.700000e+00 -1.744247e+08 1.711765e+15 0.000000e+00 0.000000e+00 
6.710000e+00 -1.774892e+08 1.767035e+15 0.000000e+00 0.000000e+00 
6.720000e+00 -1.806030e+08 1.824008e+15 0.000000e+00 0.000000e+00 
6.730000e+00 -1.837670e+08 1.882734e+15 0.000000e+00 0.000000e+00 
6.740000e+00 -1.869818e+08 1.943265e+15 0.000000e+00 0.000000e+00 
6.750000e+00 -1.902482e+08 2.005654e+15 0.000000e+00 0.000000e+00 
6.760000e+00 -1.935670e+08 2.069954e+15 0.000000e+00 0.000000e+00 
6.770000e+00 -1.969388e+08 2.136223e+15 0.000000e+00 0.000000e+00 
6.780000e+00 -2.003646e+08 2.204516e+15 0.000000e+00 0.000000e+00 
6.790000e+00 -2.038450e+08 2.274894e+15 0.000000e+00 0.000000e+00 
6.800000e+00 -2.073809e+08 2.347416e+15 0.000000e+00 0.000000e+00 
6.810000e+00 -2.109730e+08 2.422144e+15 0.000000e+00 0.000000e+00 
6.820000e+00 -2.146222e+08 2.499144e+15 0.000000e+00 0.000000e+00 
6.830000e+00 -2.183293e+08 2.578480e+15 0.000000e+00 0.000000e+00 
6.840000e+00 -2.220952e+08 2.660220e+15 0.000000e+00 0.000000e+00 
6.850000e+00 -2.259206e+08 2.744433e+15 0.000000e+00 0.000000e+00 
6.860000e+00 -2.298065e+08 2.831191e+15 0.000000e+00 0.000000e+00 
6.870000e+00 -2.337537e+08 2.920567e+15 0.000000e+00 0.000000e+00 
6.880000e+00 -2.377631e+08 3.012636e+15 0.000000e+00 0.000000e+00 
6.890000e+00 -2.418356e+08 3.107475e+15 0.000000e+00 0.000000e+00 
6.900000e+00 -2.459721e+08 3.205164e+15 0.000000e+00 0.000000e+00 
6.910000e+00 -2.501735e+08 3.305785e+15 0.000000e+00 0.000000e+00 
6.920000e+00 -2.544407e+08 3.409420e+15 0.000000e+00 0.000000e+00 
6.930000e+00 -2.587746e+08 3.516157e+15 0.000000e+00 0.000000e+00 
6.940000e+00 -2.631763e+08 3.626083e+15 0.000000e+00 0.000000e+00 
6.950000e+00 -2.676467e+08 3.739289e+15 0.000000e+00 0.000000e+00 
6.960000e+00 -2.721867e+08 3.855869e+15 0.000000e+00 0.000000e+00 
6.970000e+00 -2.767974e+08 3.975918e+15 0.000000e+00 0.000000e+00 
6.980000e+00 -2.814797e+08 4.099535e+15 0.000000e+00 0.000000e+00 
6.990000e+00 -2.862346e+08 4.226820e+15 0.000000e+00 0.000000e+00 
7.000000e+00 -2.910633e+08 4.357877e+15 0.000000e+00 0.000000e+00 
7.010000e+00 -2.959666e+08 4.492813e+15 0.000000e+00 0.000000e+00 
7.020000e+00 -3.009458e+08 4.631737e+15 0.000000e+00 0.000000e+00 
7.030000e+00 -3.060017e+08 4.774761e+15 0.000000e+00 0.000000e+00 
7.040000e+00 -3.111356e+08 4.922001e+15 0.000000e+00 0.000000e+00 
7.050000e+00 -3.163485e+08 5.073574e+15 0.000000e+00 0.000000e+00 
7.060000e+00 -3.216415e+08 5.229602e+15 0.000000e+00 0.000000e+00 
7.070000e+00 -3.270158e+08 5.390211e+15 0.000000e+00 0.000000e+00 
7.080000e+00 -3.324724e+08 5.555527e+15 0.000000e+00 0.000000e+00 
7.090000e+00 -3.380125e+08 5.725683e+15 0.000000e+00 0.000000e+00 
7.100000e+00 -3.436373e+08 5.900814e+15 0.000000e+00 0.000000e+00 
7.110000e+00 -3.493480e+08 6.081057e+15 0.000000e+00 0.000000e+00 
7.120000e+00 -3.551457e+08 6.266555e+15 0.000000e+00 0.000000e+00 
7.130000e+00 -3.610317e+08 6.457453e+15 0.000000e+00 0.000000e+00 
7.140000e+00 -3.670071e+08 6.653903e+15 0.000000e+00 0.000000e+00 
7.150000e+00 -3.730733e+08 6.856057e+15 0.000000e+00 0.000000e+00 
7.160000e+00 -3.792314e+08 7.064072e+15 0.000000e+00 0.000000e+00 
7.170000e+00 -3.854828e+08 7.278112e+15 0.000000e+00 0.000000e+00 
7.180000e+00 -3.918287e+08 7.498342e+15 0.000000e+00 0.000000e+00 
7.190000e+00 -3.982704e+08 7.724932e+15 0.000000e+00 0.000000e+00 
7.200000e+00 -4.048093e+08 7.958058e+15 0.000000e+00 0.000000e+00 
7.210000e+00 -4.114466e+08 8.197899e+15 0.000000e+00 0.000000e+00 
7.220000e+00 -4.181837e+08 8.444639e+15 0.000000e+00 0.000000e+00 
7.230000e+00 -4.250221e+08 8.698467e+15 0.000000e+00 0.000000e+00 
7.240000e+00 -4.319630e+08 8.959577e+15 0.000000e+00 0.000000e+00 
7.250000e+00 -4.390079e+08 9.228168e+15 0.000000e+00 0.000000e+00 
7.260000e+00 -4.461581e+08 9.504445e+15 0.000000e+00 0.000000e+00 
7.270000e+00 -4.534152e+08 9.788616e+15 0.000000e+00 0.000000e+00 
7.280000e+00 -4.607805e+08 1.008090e+16 0.000000e+00 0.000000e+00 
7.290000e+00 -4.682556e+08 1.038151e+16 0.000000e+00 0.000000e+00 
7.300000e+00 -4.758419e+08 1.069067e+16 0.000000e+00 0.000000e+00 
7.310000e+00 -4.835410e+08 1.100863e+16 0.000000e+00 0.000000e+00 
7.320000e+00 -4.913543e+08 1.133560e+16 0.000000e+00 0.000000e+00 
7.330000e+00 -4.992834e+08 1.167185e+16 0.000000e+00 0.000000e+00 
7.340000e+00 -5.073298e+08 1.201762e+16 0.000000e+00 0.000000e+00 
7.350000e+00 -5.154952e+08 1.237317e+16 0.000000e+00 0.000000e+00 
7.360000e+00 -5.237811e+08 1.273875e+16 0.000000e+00 0.000000e+00 
7.370000e+00 -5.321892e+08 1.311465e+16 0.000000e+00 0.000000e+00 
7.380000e+00 -5.407211e+08 1.350113e+16 0.000000e+00 0.000000e+00 
7.390000e+00 -5.493785e+08 1.389848e+16 0.000000e+00 0.000000e+00 
7.400000e+00 -5.581629e+08 1.430699e+16 0.000000e+00 0.000000e+00 
7.410000e+00 -5.670762e+08 1.472696e+16 0.000000e+00 0.000000e+00 
7.420000e+00 -5.761201e+08 1.515870e+16 0.000000e+00 0.000000e+00 
7.430000e+00 -5.852962e+08 1.560252e+16 0.000000e+00 0.000000e+00 
7.440000e+00 -5.946064e+08 1.605875e+16 0.000000e+00 0.000000e+00 
7.450000e+00 -6.040525e+08 1.652770e+16 0.000000e+00 0.000000e+00 
7.460000e+00 -6.136361e+08 1.700973e+16 0.000000e+00 0.000000e+00 
7.470000e+00 -6.233592e+08 1.750517e+16 0.000000e+00 0.000000e+00 
7.480000e+00 -6.332237e+08 1.801438e+16 0.000000e+00 0.000000e+00 
7.490000e+00 -6.432312e+08 1.853774e+16 0.000000e+00 0.000000e+00 
7.500000e+00 -6.533839e+08 1.907560e+16 0.000000e+00 0.000000e+00 
7.510000e+00 -6.636835e+08 1.962836e+16 0.000000e+00 0.000000e+00 
7.520000e+00 -6.741320e+08 2.019641e+16 0.000000e+00 0.000000e+00 
7.530000e+00 -6.847314e+08 2.078014e+16 0.000000e+00 0.000000e+00 
7.540000e+00 -6.954837e+08 2.137998e+16 0.000000e+00 0.000000e+00 
7.550000e+00 -7.063908e+08 2.199635e+16 0.000000e+00 0.000000e+00 
7.560000e+00 -7.174548e+08 2.262967e+16 0.000000e+00 0.000000e+00 
7.570000e+00 -7.286777e+08 2.328040e+16 0.000000e+00 0.000000e+00 
7.580000e+00 -7.400616e+08 2.394899e+16 0.000000e+00 0.000000e+00 
7.590000e+00 -7.516086e+08 2.463590e+16 0.000000e+00 0.000000e+00 
7.600000e+00 -7.633209e+08 2.534162e+16 0.000000e+00 0.000000e+00 
7.610000e+00 -7.752006e+08 2.606663e+16 0.000000e+00 0.000000e+00 
7.620000e+00 -7.872498e+08 2.681144e+16 0.000000e+00 0.000000e+00 
7.630000e+00 -7.994708e+08 2.757656e+16 0.000000e+00 0.000000e+00 
7.640000e+00 -8.118658e+08 2.836252e+16 0.000000e+00 0.000000e+00 
7.650000e+00 -8.244371e+08 2.916986e+16 0.000000e+00 0.000000e+00 
7.660000e+00 -8.371868e+08 2.999913e+16 0.000000e+00 0.000000e+00 
7.670000e+00 -8.501174e+08 3.085090e+16 0.000000e+00 0.000000e+00 
7.680000e+00 -8.632312e+08 3.172576e+16 0.000000e+00 0.000000e+00 
7.690000e+00 -8.765305e+08 3.262429e+16 0.000000e+00 0.000000e+00 
7.700000e+00 -8.900177e+08 3.354711e+16 0.000000e+00 0.000000e+00 
7.710000e+00 -9.036952e+08 3.449484e+16 0.000000e+00 0.000000e+00 
7.720000e+00 -9.175655e+08 3.546813e+16 0.000000e+00 0.000000e+00 
7.730000e+00 -9.316311e+08 3.646762e+16 0.000000e+00 0.000000e+00 
7.740000e+00 -9.458944e+08 3.749400e+16 0.000000e+00 0.000000e+00 
7.750000e+00 -9.603579e+08 3.854795e+16 0.000000e+00 0.000000e+00 
7.760000e+00 -9.750243e+08 3.963017e+16 0.000000e+00 0.000000e+00 
7.770000e+00 -9.898961e+08 4.074139e+16 0.000000e+00 0.000000e+00 
7.780000e+00 -1.004976e+09 4.188235e+16 0.000000e+00 0.000000e+00 
7.790000e+00 -1.020266e+09 4.305380e+16 0.000000e+00 0.000000e+00 
7.800000e+00 -1.035770e+09 4.425652e+16 0.000000e+00 0.000000e+00 
7.810000e+00 -1.051490e+09 4.549131e+16 0.000000e+00 0.000000e+00 
7.820000e+00 -1.067429e+09 4.675899e+16 0.000000e+00 0.000000e+00 
7.830000e+00 -1.083589e+09 4.806037e+16 0.000000e+00 0.000000e+00 
7.840000e+00 -1.099974e+09 4.939632e+16 0.000000e+00 0.000000e+00 
7.850000e+00 -1.116586e+09 5.076772e+16 0.000000e+00 0.000000e+00 
7.860000e+00 -1.133428e+09 5.217545e+16 0.000000e+00 0.000000e+00 
7.870000e+00 -1.150503e+09 5.362044e+16 0.000000e+00 0.000000e+00 
7.880000e+00 -1.167814e+09 5.510362e+16 0.000000e+00 0.000000e+00 
7.890000e+00 -1.185363e+09 5.662595e+16 0.000000e+00 0.000000e+00 
7.900000e+00 -1.203155e+09 5.818842e+16 0.000000e+00 0.000000e+00 
7.910000e+00 -1.221191e+09 5.979205e+16 0.000000e+00 0.000000e+00 
7.920000e+00 -1.239476e+09 6.143784e+16 0.000000e+00 0.000000e+00 
7.930000e+00 -1.258011e+09 6.312688e+16 0.000000e+00 0.000000e+00 
7.940000e+00 -1.276801e+09 6.486023e+16 0.000000e+00 0.000000e+00 
7.950000e+00 -1.295848e+09 6.663900e+16 0.000000e+00 0.000000e+00 
7.960000e+00 -1.315156e+09 6.846433e+16 0.000000e+00 0.000000e+00 
7.970000e+00 -1.334727e+09 7.033738e+16 0.000000e+00 0.000000e+00 
7.980000e+00 -1.354566e+09 7.225933e+16 0.000000e+00 0.000000e+00 
7.990000e+00 -1.374675e+09 7.423140e+16 0.000000e+00 0.000000e+00 
8.000000e+00 -1.395058e+09 7.625484e+16 0.000000e+00 0.000000e+00 
8.010000e+00 -1.415717e+09 7.833092e+16 0.000000e+00 0.000000e+00 
8.020000e+00 -1.436658e+09 8.046094e+16 0.000000e+00 0.000000e+00 
8.030000e+00 -1.457882e+09 8.264624e+16 0.000000e+00 0.000000e+00 
8.040000e+00 -1.479394e+09 8.488818e+16 0.000000e+00 0.000000e+00 
8.050000e+00 -1.501198e+09 8.718817e+16 0.000000e+00 0.000000e+00 
8.060000e+00 -1.523296e+09 8.954763e+16 0.000000e+00 0.000000e+00 
8.070000e+00 -1.545692e+09 9.196802e+16 0.000000e+00 0.000000e+00 
8.080000e+00 -1.568390e+09 9.445086e+16 0.000000e+00 0.000000e+00 
8.090000e+00 -1.591394e+09 9.699766e+16 0.000000e+00 0.000000e+00 
8.100000e+00 -1.614707e+09 9.961000e+16 0.000000e+00 0.000000e+00 
8.110000e+00 -1.638333e+09 1.022895e+17 0.000000e+00 0.000000e+00 
8.120000e+00 -1.662277e+09 1.050378e+17 0.000000e+00 0.000000e+00 
8.130000e+00 -1.686541e+09 1.078565e+17 0.000000e+00 0.000000e+00 
8.140000e+00 -1.711130e+09 1.107474e+17 0.000000e+00 0.000000e+00 
8.150000e+00 -1.736048e+09 1.137123e+17 0.000000e+00 0.000000e+00 
8.160000e+00 -1.761298e+09 1.167530e+17 0.000000e+00 0.000000e+00 
8.170000e+00 -1.786886e+09 1.198712e+17 0.000000e+00 0.000000e+00 
8.180000e+00 -1.812814e+09 1.230689e+17 0.000000e+00 0.000000e+00 
8.190000e+00 -1.839087e+09 1.263480e+17 0.000000e+00 0.000000e+00 
8.200000e+00 -1.865710e+09 1.297106e+17 0.000000e+00 0.000000e+00 
8.210000e+00 -1.892686e+09 1.331585e+17 0.000000e+00 0.000000e+00 
8.220000e+00 -1.920019e+09 1.366938e+17 0.000000e+00 0.000000e+00 
8.230000e+00 -1.947715e+09 1.403188e+17 0.000000e+00 0.000000e+00 
8.240000e+00 -1.975777e+09 1.440355e+17 0.000000e+00 0.000000e+00 
8.250000e+00 -2.004209e+09 1.478462e+17 0.000000e+00 0.000000e+00 
8.260000e+00 -2.033017e+09 1.517530e+17 0.000000e+00 0.000000e+00 
8.270000e+00 -2.062205e+09 1.557584e+17 0.000000e+00 0.000000e+00 
8.280000e+00 -2.091776e+09 1.598647e+17 0.000000e+00 0.000000e+00 
8.290000e+00 -2.121737e+09 1.640743e+17 0.000000e+00 0.000000e+00 
8.300000e+00 -2.152091e+09 1.683897e+17 0.000000e+00 0.000000e+00 
8.310000e+00 -2.182844e+09 1.728134e+17 0.000000e+00 0.000000e+00 
8.320000e+00 -2.213999e+09 1.773481e+17 0.000000e+00 0.000000e+00 
8.330000e+00 -2.245562e+09 1.819962e+17 0.000000e+00 0.000000e+00 
8.340000e+00 -2.277538e+09 1.867607e+17 0.000000e+00 0.000000e+00 
8.350000e+00 -2.309931e+09 1.916442e+17 0.000000e+00 0.000000e+00 
8.360000e+00 -2.342747e+09 1.966495e+17 0.000000e+00 0.000000e+00 
8.370000e+00 -2.375990e+09 2.017796e+17 0.000000e+00 0.000000e+00 
8.380000e+00 -2.409666e+09 2.070374e+17 0.000000e+00 0.000000e+00 
8.390000e+00 -2.443779e+09 2.124260e+17 0.000000e+00 0.000000e+00 
8.400000e+00 -2.478336e+09 2.179484e+17 0.000000e+00 0.000000e+00 
8.410000e+00 -2.513340e+09 2.236078e+17 0.000000e+00 0.000000e+00 
8.420000e+00 -2.548798e+09 2.294075e+17 0.000000e+00 0.000000e+00 
8.430000e+00 -2.584714e+09 2.353508e+17 0.000000e+00 0.000000e+00 
8.440000e+00 -2.621095e+09 2.414409e+17 0.000000e+00 0.000000e+00 
8.450000e+00 -2.657945e+09 2.476815e+17 0.000000e+00 0.000000e+00 
8.460000e+00 -2.695270e+09 2.540760e+17 0.000000e+00 0.000000e+00 
8.470000e+00 -2.733076e+09 2.606281e+17 0.000000e+00 0.000000e+00 
8.480000e+00 -2.771368e+09 2.673414e+17 0.000000e+00 0.000000e+00 
8.490000e+00 -2.810152e+09 2.742197e+17 0.000000e+00 0.000000e+00 
8.500000e+00 -2.849434e+09 2.812670e+17 0.000000e+00 0.000000e+00 
8.510000e+00 -2.889220e+09 2.884870e+17 0.000000e+00 0.000000e+00 
8.520000e+00 -2.929514e+09 2.958840e+17 0.000000e+00 0.000000e+00 
8.530000e+00 -2.970324e+09 3.034619e+17 0.000000e+00 0.000000e+00 
8.540000e+00 -3.011655e+09 3.112251e+17 0.000000e+00 0.000000e+00 
8.550000e+00 -3.053514e+09 3.191778e+17 0.000000e+00 0.000000e+00 
8.560000e+00 -3.095906e+09 3.273244e+17 0.000000e+00 0.000000e+00 
8.570000e+00 -3.138838e+09 3.356694e+17 0.000000e+00 0.000000e+00 
8.580000e+00 -3.182316e+09 3.442175e+17 0.000000e+00 0.000000e+00 
8.590000e+00 -3.226345e+09 3.529734e+17 0.000000e+00 0.000000e+00 
8.600000e+00 -3.270934e+09 3.619418e+17 0.000000e+00 0.000000e+00 
8.610000e+00 -3.316087e+09 3.711276e+17 0.000000e+00 0.000000e+00 
8.620000e+00 -3.361812e+09 3.805360e+17 0.000000e+00 0.000000e+00 
8.630000e+00 -3.408116e+09 3.901719e+17 0.000000e+00 0.000000e+00 
8.640000e+00 -3.455004e+09 4.000407e+17 0.000000e+00 0.000000e+00 
8.650000e+00 -3.502483e+09 4.101478e+17 0.000000e+00 0.000000e+00 
8.660000e+00 -3.550561e+09 4.204985e+17 0.000000e+00 0.000000e+00 
8.670000e+00 -3.599244e+09 4.310985e+17 0.000000e+00 0.000000e+00 
8.680000e+00 -3.648539e+09 4.419535e+17 0.000000e+00 0.000000e+00 
8.690000e+00 -3.698453e+09 4.530693e+17 0.000000e+00 0.000000e+00 
8.700000e+00 -3.748993e+09 4.644520e+17 0.000000e+00 0.000000e+00 
8.710000e+00 -3.800167e+09 4.761076e+17 0.000000e+00 0.000000e+00 
8.720000e+00 -3.851980e+09 4.880423e+17 0.000000e+00 0.000000e+00 
8.730000e+00 -3.904442e+09 5.002625e+17 0.000000e+00 0.000000e+00 
8.740000e+00 -3.957559e+09 5.127747e+17 0.000000e+00 0.000000e+00 
8.750000e+00 -4.011338e+09 5.255856e+17 0.000000e+00 0.000000e+00 
8.760000e+00 -4.065788e+09 5.387019e+17 0.000000e+00 0.000000e+00 
8.770000e+00 -4.120915e+09 5.521306e+17 0.000000e+00 0.000000e+00 
8.780000e+00 -4.176728e+09 5.658787e+17 0.000000e+00 0.000000e+00 
8.790000e+00 -4.233234e+09 5.799536e+17 0.000000e+00 0.000000e+00 
8.800000e+00 -4.290440e+09 5.943625e+17 0.000000e+00 0.000000e+00 
8.810000e+00 -4.348356e+09 6.091131e+17 0.000000e+00 0.000000e+00 
8.820000e+00 -4.406988e+09 6.242130e+17 0.000000e+00 0.000000e+00 
8.830000e+00 -4.466345e+09 6.396701e+17 0.000000e+00 0.000000e+00 
8.840000e+00 -4.526436e+09 6.554925e+17 0.000000e+00 0.000000e+00 
8.850000e+00 -4.587267e+09 6.716884e+17 0.000000e+00 0.000000e+00 
8.860000e+00 -4.648849e+09 6.882662e+17 0.000000e+00 0.000000e+00 
8.870000e+00 -4.711188e+09 7.052345e+17 0.000000e+00 0.000000e+00 
8.880000e+00 -4.774294e+09 7.226019e+17 0.000000e+00 0.000000e+00 
8.890000e+00 -4.838174e+09 7.403775e+17 0.000000e+00 0.000000e+00 
8.900000e+00 -4.902839e+09 7.585704e+17 0.000000e+00 0.000000e+00 
8.910000e+00 -4.968296e+09 7.771900e+17 0.000000e+00 0.000000e+00 
8.920000e+00 -5.034554e+09 7.962457e+17 0.000000e+00 0.000000e+00 
8.930000e+00 -5.101622e+09 8.157472e+17 0.000000e+00 0.000000e+00 
8.940000e+00 -5.169510e+09 8.357046e+17 0.000000e+00 0.000000e+00 
8.950000e+00 -5.238226e+09 8.561279e+17 0.000000e+00 0.000000e+00 
8.960000e+00 -5.307779e+09 8.770275e+17 0.000000e+00 0.000000e+00 
8.970000e+00 -5.378180e+09 8.984140e+17 0.000000e+00 0.000000e+00 
8.980000e+00 -5.449436e+09 9.202982e+17 0.000000e+00 0.000000e+00 
8.990000e+00 -5.521558e+09 9.426911e+17 0.000000e+00 0.000000e+00 
9.000000e+00 -5.594555e+09 9.656040e+17 0.000000e+00 0.000000e+00 
9.010000e+00 -5.668437e+09 9.890483e+17 0.000000e+00 0.000000e+00 
9.020000e+00 -5.743214e+09 1.013036e+18 0.000000e+00 0.000000e+00 
9.030000e+00 -5.818895e+09 1.037579e+18 0.000000e+00 0.000000e+00 
9.040000e+00 -5.895491e+09 1.062689e+18 0.000000e+00 0.000000e+00 
9.050000e+00 -5.973011e+09 1.088379e+18 0.000000e+00 0.000000e+00 
9.060000e+00 -6.051465e+09 1.114662e+18 0.000000e+00 0.000000e+00 
9.070000e+00 -6.130865e+09 1.141550e+18 0.000000e+00 0.000000e+00 
9.080000e+00 -6.211219e+09 1.169057e+18 0.000000e+00 0.000000e+00 
9.090000e+00 -6.292540e+09 1.197197e+18 0.000000e+00 0.000000e+00 
9.100000e+00 -6.374836e+09 1.225984e+18 0.000000e+00 0.000000e+00 
9.110000e+00 -6.458119e+09 1.255431e+18 0.000000e+00 0.000000e+00 
9.120000e+00 -6.542400e+09 1.285552e+18 0.000000e+00 0.000000e+00 
9.130000e+00 -6.627690e+09 1.316364e+18 0.000000e+00 0.000000e+00 
9.140000e+00 -6.713999e+09 1.347880e+18 0.000000e+00 0.000000e+00 
9.150000e+00 -6.801338e+09 1.380117e+18 0.000000e+00 0.000000e+00 
9.160000e+00 -6.889719e+09 1.413089e+18 0.000000e+00 0.000000e+00 
9.170000e+00 -6.979153e+09 1.446812e+18 0.000000e+00 0.000000e+00 
9.180000e+00 -7.069651e+09 1.481304e+18 0.000000e+00 0.000000e+00 
9.190000e+00 -7.161226e+09 1.516581e+18 0.000000e+00 0.000000e+00 
9.200000e+00 -7.253888e+09 1.552659e+18 0.000000e+00 0.000000e+00 
9.210000e+00 -7.347649e+09 1.589556e+18 0.000000e+00 0.000000e+00 
9.220000e+00 -7.442522e+09 1.627290e+18 0.000000e+00 0.000000e+00 
9.230000e+00 -7.538517e+09 1.665879e+18 0.000000e+00 0.000000e+00 
9.240000e+00 -7.635648e+09 1.705341e+18 0.000000e+00 0.000000e+00 
9.250000e+00 -7.733926e+09 1.745695e+18 0.000000e+00 0.000000e+00 
9.260000e+00 -7.833365e+09 1.786961e+18 0.000000e+00 0.000000e+00 
9.270000e+00 -7.933975e+09 1.829157e+18 0.000000e+00 0.000000e+00 
9.280000e+00 -8.035770e+09 1.872304e+18 0.000000e+00 0.000000e+00 
9.290000e+00 -8.138762e+09 1.916423e+18 0.000000e+00 0.000000e+00 
9.300000e+00 -8.242965e+09 1.961533e+18 0.000000e+00 0.000000e+00 
9.310000e+00 -8.348391e+09 2.007657e+18 0.000000e+00 0.000000e+00 
9.320000e+00 -8.455054e+09 2.054816e+18 0.000000e+00 0.000000e+00 
9.330000e+00 -8.562965e+09 2.103032e+18 0.000000e+00 0.000000e+00 
9.340000e+00 -8.672140e+09 2.152327e+18 0.000000e+00 0.000000e+00 
9.350000e+00 -8.782591e+09 2.202726e+18 0.000000e+00 0.000000e+00 
9.360000e+00 -8.894331e+09 2.254250e+18 0.000000e+00 0.000000e+00 
9.370000e+00 -9.007375e+09 2.306925e+18 0.000000e+00 0.000000e+00 
9.380000e+00 -9.121736e+09 2.360774e+18 0.000000e+00 0.000000e+00 
9.390000e+00 -9.237429e+09 2.415822e+18 0.000000e+00 0.000000e+00 
9.400000e+00 -9.354466e+09 2.472096e+18 0.000000e+00 0.000000e+00 
9.410000e+00 -9.472864e+09 2.529620e+18 0.000000e+00 0.000000e+00 
9.420000e+00 -9.592635e+09 2.588422e+18 0.000000e+00 0.000000e+00 
9.430000e+00 -9.713795e+09 2.648529e+18 0.000000e+00 0.000000e+00 
9.440000e+00 -9.836357e+09 2.709967e+18 0.000000e+00 0.000000e+00 
9.450000e+00 -9.960338e+09 2.772765e+18 0.000000e+00 0.000000e+00 
9.460000e+00 -1.008575e+10 2.836952e+18 0.000000e+00 0.000000e+00 
9.470000e+00 -1.021261e+10 2.902557e+18 0.000000e+00 0.000000e+00 
9.480000e+00 -1.034094e+10 2.969609e+18 0.000000e+00 0.000000e+00 
9.490000e+00 -1.047074e+10 3.038140e+18 0.000000e+00 0.000000e+00 
9.500000e+00 -1.060203e+10 3.108180e+18 0.000000e+00 0.000000e+00 
9.510000e+00 -1.073484e+10 3.179761e+18 0.000000e+00 0.000000e+00 
9.520000e+00 -1.086917e+10 3.252915e+18 0.000000e+00 0.000000e+00 
9.530000e+00 -1.100504e+10 3.327675e+18 0.000000e+00 0.000000e+00 
9.540000e+00 -1.114247e+10 3.404074e+18 0.000000e+00 0.000000e+00 
9.550000e+00 -1.128147e+10 3.482148e+18 0.000000e+00 0.000000e+00 
9.560000e+00 -1.142207e+10 3.561930e+18 0.000000e+00 0.000000e+00 
9.570000e+00 -1.156427e+10 3.643457e+18 0.000000e+00 0.000000e+00 
9.580000e+00 -1.170809e+10 3.726764e+18 0.000000e+00 0.000000e+00 
9.590000e+00 -1.185355e+10 3.811889e+18 0.000000e+00 0.000000e+00 
9.600000e+00 -1.200067e+10 3.898869e+18 0.000000e+00 0.000000e+00 
9.610000e+00 -1.214946e+10 3.987744e+18 0.000000e+00 0.000000e+00 
9.620000e+00 -1.229994e+10 4.078552e+18 0.000000e+00 0.000000e+00 
9.630000e+00 -1.245214e+10 4.171333e+18 0.000000e+00 0.000000e+00 
9.640000e+00 -1.260606e+10 4.266128e+18 0.000000e+00 0.000000e+00 
9.650000e+00 -1.276172e+10 4.362979e+18 0.000000e+00 0.000000e+00 
9.660000e+00 -1.291915e+10 4.461928e+18 0.000000e+00 0.000000e+00 
9.670000e+00 -1.307835e+10 4.563019e+18 0.000000e+00 0.000000e+00 
9.680000e+00 -1.323936e+10 4.666295e+18 0.000000e+00 0.000000e+00 
9.690000e+00 -1.340218e+10 4.771802e+18 0.000000e+00 0.000000e+00 
9.700000e+00 -1.356684e+10 4.879585e+18 0.000000e+00 0.000000e+00 
9.710000e+00 -1.373335e+10 4.989692e+18 0.000000e+00 0.000000e+00 
9.720000e+00 -1.390174e+10 5.102169e+18 0.000000e+00 0.000000e+00 
9.730000e+00 -1.407202e+10 5.217066e+18 0.000000e+00 0.000000e+00 
9.740000e+00 -1.424421e+10 5.334432e+18 0.000000e+00 0.000000e+00 
9.750000e+00 -1.441833e+10 5.454318e+18 0.000000e+00 0.000000e+00 
9.760000e+00 -1.459441e+10 5.576775e+18 0.000000e+00 0.000000e+00 
9.770000e+00 -1.477245e+10 5.701855e+18 0.000000e+00 0.000000e+00 
9.780000e+00 -1.495249e+10 5.829613e+18 0.000000e+00 0.000000e+00 
9.790000e+00 -1.513454e+10 5.960102e+18 0.000000e+00 0.000000e+00 
9.800000e+00 -1.531862e+10 6.093378e+18 0.000000e+00 0.000000e+00 
9.810000e+00 -1.550475e+10 6.229499e+18 0.000000e+00 0.000000e+00 
9.820000e+00 -1.569296e+10 6.368521e+18 0.000000e+00 0.000000e+00 
9.830000e+00 -1.588326e+10 6.510504e+18 0.000000e+00 0.000000e+00 
9.840000e+00 -1.607568e+10 6.655507e+18 0.000000e+00 0.000000e+00 
9.850000e+00 -1.627024e+10 6.803592e+18 0.000000e+00 0.000000e+00 
9.860000e+00 -1.646695e+10 6.954822e+18 0.000000e+00 0.000000e+00 
9.870000e+00 -1.666584e+10 7.109259e+18 0.000000e+00 0.000000e+00 
9.880000e+00 -1.686694e+10 7.266969e+18 0.000000e+00 0.000000e+00 
9.890000e+00 -1.707026e+10 7.428018e+18 0.000000e+00 0.000000e+00 
9.900000e+00 -1.727583e+10 7.592472e+18 0.000000e+00 0.000000e+00 
9.910000e+00 -1.748367e+10 7.760401e+18 0.000000e+00 0.000000e+00 
9.920000e+00 -1.769379e+10 7.931874e+18 0.000000e+00 0.000000e+00 
9.930000e+00 -1.790624e+10 8.106963e+18 0.000000e+00 0.000000e+00 
9.940000e+00 -1.812102e+10 8.285740e+18 0.000000e+00 0.000000e+00 
9.950000e+00 -1.833817e+10 8.468279e+18 0.000000e+00 0.000000e+00 
9.960000e+00 -1.855770e+10 8.654655e+18 0.000000e+00 0.000000e+00 
9.970000e+00 -1.877964e+10 8.844946e+18 0.000000e+00 0.000000e+00 
9.980000e+00 -1.900401e+10 9.039230e+18 0.000000e+00 0.000000e+00 
9.990000e+00 -1.923084e+10 9.237586e+18 0.000000e+00 0.000000e+00 
1.000000e+01 -1.946016e+10 9.440095e+18 0.000000e+00 0.000000e+00 
