2.000000e+00 1.230181e-01 7.438932e-04 9.188312e-01 3.158646e-03 
2.338777e+00 1.593889e-01 9.709080e-04 8.894890e-01 3.361367e-03 
2.734939e+00 1.985011e-01 1.220987e-03 8.559157e-01 3.607290e-03 
3.198206e+00 2.397247e-01 1.493800e-03 8.184865e-01 3.901135e-03 
3.739945e+00 2.821226e-01 1.788525e-03 7.780461e-01 4.248065e-03 
4.373448e+00 3.244088e-01 2.104088e-03 7.361818e-01 4.654854e-03 
5.114260e+00 3.649036e-01 2.439653e-03 6.957415e-01 5.132128e-03 
5.980556e+00 4.014868e-01 2.795447e-03 6.619390e-01 5.698574e-03 
6.993594e+00 4.316284e-01 3.173962e-03 6.449240e-01 6.389245e-03 
8.178228e+00 4.531816e-01 3.581312e-03 6.661615e-01 7.273706e-03 
9.563525e+00 4.711120e-01 4.026435e-03 7.760023e-01 8.501676e-03 
1.118348e+01 5.521238e-01 4.498238e-03 1.117289e+00 1.043289e-02 
1.307783e+01 1.174867e+00 4.730082e-03 2.257855e+00 1.374475e-02 
1.529306e+01 2.710316e+00 6.670178e-03 4.006099e+00 8.191302e-03 
1.788353e+01 2.465926e+00 1.301505e-02 3.225378e+00 1.268751e-02 
2.091279e+01 1.755969e+00 6.994792e-03 1.404803e+00 1.000741e-02 
2.445518e+01 1.411969e+00 1.468173e-03 5.956725e-01 3.605704e-03 
2.859760e+01 1.387306e+00 8.734310e-04 4.877520e-01 3.743817e-03 
3.344170e+01 1.487062e+00 1.055773e-03 5.982845e-01 6.161994e-03 
3.910634e+01 1.641524e+00 1.717442e-02 1.273516e+00 2.665422e-02 
4.573051e+01 1.629042e+00 5.398803e-03 2.951356e+00 2.572068e-02 
5.347672e+01 7.379782e-01 2.688304e-03 8.435421e-01 1.520587e-02 
6.253506e+01 5.987090e-01 6.010134e-03 1.210554e+00 7.019281e-03 
7.312778e+01 1.747121e+00 2.285409e-02 3.203780e+00 5.088231e-03 
8.551478e+01 1.324406e+00 9.161518e-03 2.178128e+00 7.737020e-03 
1.000000e+02 1.321373e+00 3.144458e-03 7.209669e-01 1.276543e-02 
