2.000000e+00 1.222094e-01 7.401759e-04 9.187094e-01 3.154614e-03 
2.338777e+00 1.582914e-01 9.661292e-04 8.894352e-01 3.355913e-03 
2.734939e+00 1.971037e-01 1.214958e-03 8.559704e-01 3.600094e-03 
3.198206e+00 2.380263e-01 1.486305e-03 8.187083e-01 3.891851e-03 
3.739945e+00 2.801381e-01 1.779322e-03 7.785178e-01 4.236328e-03 
4.373448e+00 3.221778e-01 2.092907e-03 7.370176e-01 4.640284e-03 
5.114260e+00 3.625046e-01 2.426175e-03 6.970988e-01 5.114324e-03 
5.980556e+00 3.990636e-01 2.779248e-03 6.640389e-01 5.677073e-03 
6.993594e+00 4.294535e-01 3.154367e-03 6.480853e-01 6.363415e-03 
8.178228e+00 4.518418e-01 3.557042e-03 6.708614e-01 7.242527e-03 
9.563525e+00 4.721437e-01 3.994638e-03 7.830368e-01 8.463328e-03 
1.118348e+01 5.598752e-01 4.450999e-03 1.128608e+00 1.038437e-02 
1.307783e+01 1.197178e+00 4.630852e-03 2.282054e+00 1.368437e-02 
1.529306e+01 2.730331e+00 6.482346e-03 4.025169e+00 7.872362e-03 
1.788353e+01 2.458874e+00 1.277969e-02 3.231877e+00 1.189289e-02 
2.091279e+01 1.814847e+00 7.537690e-03 1.529920e+00 1.037721e-02 
2.445518e+01 1.426882e+00 1.560340e-03 6.289699e-01 3.587534e-03 
2.859760e+01 1.398831e+00 8.440770e-04 5.079044e-01 3.766398e-03 
3.344170e+01 1.508169e+00 1.153603e-03 6.240108e-01 6.486461e-03 
3.910634e+01 1.586286e+00 1.525228e-02 9.154207e-01 2.635459e-02 
4.573051e+01 1.465238e+00 5.523780e-03 2.747152e+00 2.347487e-02 
5.347672e+01 7.103001e-01 2.701962e-03 7.919718e-01 1.465512e-02 
6.253506e+01 6.349913e-01 5.920450e-03 1.280062e+00 5.743480e-03 
7.312778e+01 3.083895e+00 3.080617e-02 4.751868e+00 2.183581e-02 
8.551478e+01 1.137454e+00 8.548942e-03 1.771972e+00 6.195266e-03 
1.000000e+02 1.223701e+00 2.243735e-03 5.329206e-01 1.217885e-02 
